mode: atomic
github.com/ZergsLaw/back-template/api/errors/v1/errors.pb.go:46.13,46.55 1 0
github.com/ZergsLaw/back-template/api/errors/v1/errors.pb.go:47.45,48.44 1 0
github.com/ZergsLaw/back-template/api/errors/v1/errors.pb.go:48.44,50.3 1 0
github.com/ZergsLaw/back-template/api/errors/v1/errors.pb.go:51.2,67.47 6 0
github.com/ZergsLaw/back-template/api/annotations/v1/annotations.pb.go:35.30,37.29 2 0
github.com/ZergsLaw/back-template/api/annotations/v1/annotations.pb.go:37.29,41.3 3 0
github.com/ZergsLaw/back-template/api/annotations/v1/annotations.pb.go:44.38,46.2 1 0
github.com/ZergsLaw/back-template/api/annotations/v1/annotations.pb.go:48.36,48.37 0 0
github.com/ZergsLaw/back-template/api/annotations/v1/annotations.pb.go:50.58,52.41 2 0
github.com/ZergsLaw/back-template/api/annotations/v1/annotations.pb.go:52.41,54.34 2 0
github.com/ZergsLaw/back-template/api/annotations/v1/annotations.pb.go:54.34,56.4 1 0
github.com/ZergsLaw/back-template/api/annotations/v1/annotations.pb.go:57.3,57.12 1 0
github.com/ZergsLaw/back-template/api/annotations/v1/annotations.pb.go:59.2,59.24 1 0
github.com/ZergsLaw/back-template/api/annotations/v1/annotations.pb.go:63.49,65.2 1 0
github.com/ZergsLaw/back-template/api/annotations/v1/annotations.pb.go:67.45,68.14 1 0
github.com/ZergsLaw/back-template/api/annotations/v1/annotations.pb.go:68.14,70.3 1 0
github.com/ZergsLaw/back-template/api/annotations/v1/annotations.pb.go:71.2,71.12 1 0
github.com/ZergsLaw/back-template/api/annotations/v1/annotations.pb.go:74.50,75.14 1 0
github.com/ZergsLaw/back-template/api/annotations/v1/annotations.pb.go:75.14,77.3 1 0
github.com/ZergsLaw/back-template/api/annotations/v1/annotations.pb.go:78.2,78.14 1 0
github.com/ZergsLaw/back-template/api/annotations/v1/annotations.pb.go:81.53,82.14 1 0
github.com/ZergsLaw/back-template/api/annotations/v1/annotations.pb.go:82.14,84.3 1 0
github.com/ZergsLaw/back-template/api/annotations/v1/annotations.pb.go:85.2,85.12 1 0
github.com/ZergsLaw/back-template/api/annotations/v1/annotations.pb.go:96.31,98.29 2 0
github.com/ZergsLaw/back-template/api/annotations/v1/annotations.pb.go:98.29,102.3 3 0
github.com/ZergsLaw/back-template/api/annotations/v1/annotations.pb.go:105.39,107.2 1 0
github.com/ZergsLaw/back-template/api/annotations/v1/annotations.pb.go:109.37,109.38 0 0
github.com/ZergsLaw/back-template/api/annotations/v1/annotations.pb.go:111.59,113.41 2 0
github.com/ZergsLaw/back-template/api/annotations/v1/annotations.pb.go:113.41,115.34 2 0
github.com/ZergsLaw/back-template/api/annotations/v1/annotations.pb.go:115.34,117.4 1 0
github.com/ZergsLaw/back-template/api/annotations/v1/annotations.pb.go:118.3,118.12 1 0
github.com/ZergsLaw/back-template/api/annotations/v1/annotations.pb.go:120.2,120.24 1 0
github.com/ZergsLaw/back-template/api/annotations/v1/annotations.pb.go:124.50,126.2 1 0
github.com/ZergsLaw/back-template/api/annotations/v1/annotations.pb.go:128.46,129.14 1 0
github.com/ZergsLaw/back-template/api/annotations/v1/annotations.pb.go:129.14,131.3 1 0
github.com/ZergsLaw/back-template/api/annotations/v1/annotations.pb.go:132.2,132.12 1 0
github.com/ZergsLaw/back-template/api/annotations/v1/annotations.pb.go:213.69,214.66 1 0
github.com/ZergsLaw/back-template/api/annotations/v1/annotations.pb.go:214.66,216.3 1 0
github.com/ZergsLaw/back-template/api/annotations/v1/annotations.pb.go:217.2,217.62 1 0
github.com/ZergsLaw/back-template/api/annotations/v1/annotations.pb.go:242.13,242.65 1 0
github.com/ZergsLaw/back-template/api/annotations/v1/annotations.pb.go:243.55,244.54 1 0
github.com/ZergsLaw/back-template/api/annotations/v1/annotations.pb.go:244.54,246.3 1 0
github.com/ZergsLaw/back-template/api/annotations/v1/annotations.pb.go:247.2,247.30 1 0
github.com/ZergsLaw/back-template/api/annotations/v1/annotations.pb.go:247.30,248.91 1 0
github.com/ZergsLaw/back-template/api/annotations/v1/annotations.pb.go:248.91,249.35 1 0
github.com/ZergsLaw/back-template/api/annotations/v1/annotations.pb.go:250.11,251.20 1 0
github.com/ZergsLaw/back-template/api/annotations/v1/annotations.pb.go:252.11,253.24 1 0
github.com/ZergsLaw/back-template/api/annotations/v1/annotations.pb.go:254.11,255.28 1 0
github.com/ZergsLaw/back-template/api/annotations/v1/annotations.pb.go:256.12,257.15 1 0
github.com/ZergsLaw/back-template/api/annotations/v1/annotations.pb.go:260.3,260.91 1 0
github.com/ZergsLaw/back-template/api/annotations/v1/annotations.pb.go:260.91,261.36 1 0
github.com/ZergsLaw/back-template/api/annotations/v1/annotations.pb.go:262.11,263.20 1 0
github.com/ZergsLaw/back-template/api/annotations/v1/annotations.pb.go:264.11,265.24 1 0
github.com/ZergsLaw/back-template/api/annotations/v1/annotations.pb.go:266.11,267.28 1 0
github.com/ZergsLaw/back-template/api/annotations/v1/annotations.pb.go:268.12,269.15 1 0
github.com/ZergsLaw/back-template/api/annotations/v1/annotations.pb.go:273.2,291.57 6 0
github.com/ZergsLaw/back-template/api/annotations/v1/annotations.pb.json.go:11.54,17.2 1 0
github.com/ZergsLaw/back-template/api/annotations/v1/annotations.pb.json.go:20.54,24.2 1 0
github.com/ZergsLaw/back-template/api/annotations/v1/annotations.pb.json.go:27.55,33.2 1 0
github.com/ZergsLaw/back-template/api/annotations/v1/annotations.pb.json.go:36.55,40.2 1 0
github.com/ZergsLaw/back-template/api/annotations/v1/annotations.pb.validate.go:45.39,47.2 1 0
github.com/ZergsLaw/back-template/api/annotations/v1/annotations.pb.validate.go:53.42,55.2 1 0
github.com/ZergsLaw/back-template/api/annotations/v1/annotations.pb.validate.go:57.47,58.14 1 0
github.com/ZergsLaw/back-template/api/annotations/v1/annotations.pb.validate.go:58.14,60.3 1 0
github.com/ZergsLaw/back-template/api/annotations/v1/annotations.pb.validate.go:62.2,66.21 2 0
github.com/ZergsLaw/back-template/api/annotations/v1/annotations.pb.validate.go:66.21,68.3 1 0
github.com/ZergsLaw/back-template/api/annotations/v1/annotations.pb.validate.go:70.2,70.12 1 0
github.com/ZergsLaw/back-template/api/annotations/v1/annotations.pb.validate.go:78.46,80.24 2 0
github.com/ZergsLaw/back-template/api/annotations/v1/annotations.pb.validate.go:80.24,82.3 1 0
github.com/ZergsLaw/back-template/api/annotations/v1/annotations.pb.validate.go:83.2,83.33 1 0
github.com/ZergsLaw/back-template/api/annotations/v1/annotations.pb.validate.go:87.51,87.63 1 0
github.com/ZergsLaw/back-template/api/annotations/v1/annotations.pb.validate.go:99.51,99.69 1 0
github.com/ZergsLaw/back-template/api/annotations/v1/annotations.pb.validate.go:102.52,102.71 1 0
github.com/ZergsLaw/back-template/api/annotations/v1/annotations.pb.validate.go:105.50,105.68 1 0
github.com/ZergsLaw/back-template/api/annotations/v1/annotations.pb.validate.go:108.47,108.63 1 0
github.com/ZergsLaw/back-template/api/annotations/v1/annotations.pb.validate.go:111.55,111.93 1 0
github.com/ZergsLaw/back-template/api/annotations/v1/annotations.pb.validate.go:114.51,116.20 2 0
github.com/ZergsLaw/back-template/api/annotations/v1/annotations.pb.validate.go:116.20,118.3 1 0
github.com/ZergsLaw/back-template/api/annotations/v1/annotations.pb.validate.go:120.2,121.11 2 0
github.com/ZergsLaw/back-template/api/annotations/v1/annotations.pb.validate.go:121.11,123.3 1 0
github.com/ZergsLaw/back-template/api/annotations/v1/annotations.pb.validate.go:125.2,130.9 1 0
github.com/ZergsLaw/back-template/api/annotations/v1/annotations.pb.validate.go:146.40,148.2 1 0
github.com/ZergsLaw/back-template/api/annotations/v1/annotations.pb.validate.go:154.43,156.2 1 0
github.com/ZergsLaw/back-template/api/annotations/v1/annotations.pb.validate.go:158.48,159.14 1 0
github.com/ZergsLaw/back-template/api/annotations/v1/annotations.pb.validate.go:159.14,161.3 1 0
github.com/ZergsLaw/back-template/api/annotations/v1/annotations.pb.validate.go:163.2,165.21 2 0
github.com/ZergsLaw/back-template/api/annotations/v1/annotations.pb.validate.go:165.21,167.3 1 0
github.com/ZergsLaw/back-template/api/annotations/v1/annotations.pb.validate.go:169.2,169.12 1 0
github.com/ZergsLaw/back-template/api/annotations/v1/annotations.pb.validate.go:177.47,179.24 2 0
github.com/ZergsLaw/back-template/api/annotations/v1/annotations.pb.validate.go:179.24,181.3 1 0
github.com/ZergsLaw/back-template/api/annotations/v1/annotations.pb.validate.go:182.2,182.33 1 0
github.com/ZergsLaw/back-template/api/annotations/v1/annotations.pb.validate.go:186.52,186.64 1 0
github.com/ZergsLaw/back-template/api/annotations/v1/annotations.pb.validate.go:198.52,198.70 1 0
github.com/ZergsLaw/back-template/api/annotations/v1/annotations.pb.validate.go:201.53,201.72 1 0
github.com/ZergsLaw/back-template/api/annotations/v1/annotations.pb.validate.go:204.51,204.69 1 0
github.com/ZergsLaw/back-template/api/annotations/v1/annotations.pb.validate.go:207.48,207.64 1 0
github.com/ZergsLaw/back-template/api/annotations/v1/annotations.pb.validate.go:210.56,210.95 1 0
github.com/ZergsLaw/back-template/api/annotations/v1/annotations.pb.validate.go:213.52,215.20 2 0
github.com/ZergsLaw/back-template/api/annotations/v1/annotations.pb.validate.go:215.20,217.3 1 0
github.com/ZergsLaw/back-template/api/annotations/v1/annotations.pb.validate.go:219.2,220.11 2 0
github.com/ZergsLaw/back-template/api/annotations/v1/annotations.pb.validate.go:220.11,222.3 1 0
github.com/ZergsLaw/back-template/api/annotations/v1/annotations.pb.validate.go:224.2,229.9 1 0
github.com/ZergsLaw/back-template/api/user_status/v1/user_status.pb.go:66.40,70.2 3 0
github.com/ZergsLaw/back-template/api/user_status/v1/user_status.pb.go:72.37,74.2 1 0
github.com/ZergsLaw/back-template/api/user_status/v1/user_status.pb.go:76.60,78.2 1 0
github.com/ZergsLaw/back-template/api/user_status/v1/user_status.pb.go:80.48,82.2 1 0
github.com/ZergsLaw/back-template/api/user_status/v1/user_status.pb.go:84.54,86.2 1 0
github.com/ZergsLaw/back-template/api/user_status/v1/user_status.pb.go:89.52,91.2 1 0
github.com/ZergsLaw/back-template/api/user_status/v1/user_status.pb.go:123.69,124.66 1 0
github.com/ZergsLaw/back-template/api/user_status/v1/user_status.pb.go:124.66,126.3 1 0
github.com/ZergsLaw/back-template/api/user_status/v1/user_status.pb.go:127.2,127.62 1 0
github.com/ZergsLaw/back-template/api/user_status/v1/user_status.pb.go:142.13,142.65 1 0
github.com/ZergsLaw/back-template/api/user_status/v1/user_status.pb.go:143.55,144.54 1 0
github.com/ZergsLaw/back-template/api/user_status/v1/user_status.pb.go:144.54,146.3 1 0
github.com/ZergsLaw/back-template/api/user_status/v1/user_status.pb.go:147.2,164.57 6 0
github.com/ZergsLaw/back-template/api/user/v1/queue.go:29.46,43.9 4 0
github.com/ZergsLaw/back-template/api/user/v1/queue.go:44.54,46.17 2 0
github.com/ZergsLaw/back-template/api/user/v1/queue.go:46.17,48.4 1 0
github.com/ZergsLaw/back-template/api/user/v1/queue.go:50.3,50.13 1 0
github.com/ZergsLaw/back-template/api/user/v1/queue.go:51.18,52.45 1 0
github.com/ZergsLaw/back-template/api/user/v1/queue.go:55.2,55.12 1 0
github.com/ZergsLaw/back-template/api/user/v1/testing.go:23.67,23.89 1 0
github.com/ZergsLaw/back-template/api/user/v1/testing.go:24.67,24.89 1 0
github.com/ZergsLaw/back-template/api/user/v1/testing.go:25.67,25.89 1 0
github.com/ZergsLaw/back-template/api/user/v1/testing.go:26.67,26.89 1 0
github.com/ZergsLaw/back-template/api/user/v1/testing.go:27.67,27.89 1 0
github.com/ZergsLaw/back-template/api/user/v1/testing.go:28.67,28.89 1 0
github.com/ZergsLaw/back-template/api/user/v1/testing.go:29.67,29.89 1 0
github.com/ZergsLaw/back-template/api/user/v1/testing.go:30.67,30.89 1 0
github.com/ZergsLaw/back-template/api/user/v1/testing.go:31.67,31.89 1 0
github.com/ZergsLaw/back-template/api/user/v1/testing.go:32.67,32.89 1 0
github.com/ZergsLaw/back-template/api/user/v1/testing.go:33.67,33.89 1 0
github.com/ZergsLaw/back-template/api/user/v1/testing.go:34.67,34.89 1 0
github.com/ZergsLaw/back-template/api/user/v1/testing.go:36.49,38.9 2 0
github.com/ZergsLaw/back-template/api/user/v1/testing.go:38.9,40.3 1 0
github.com/ZergsLaw/back-template/api/user/v1/testing.go:42.2,42.27 1 0
github.com/ZergsLaw/back-template/api/user/v1/user.pb.go:37.36,39.29 2 0
github.com/ZergsLaw/back-template/api/user/v1/user.pb.go:39.29,43.3 3 0
github.com/ZergsLaw/back-template/api/user/v1/user.pb.go:46.44,48.2 1 0
github.com/ZergsLaw/back-template/api/user/v1/user.pb.go:50.42,50.43 0 0
github.com/ZergsLaw/back-template/api/user/v1/user.pb.go:52.64,54.41 2 0
github.com/ZergsLaw/back-template/api/user/v1/user.pb.go:54.41,56.34 2 0
github.com/ZergsLaw/back-template/api/user/v1/user.pb.go:56.34,58.4 1 0
github.com/ZergsLaw/back-template/api/user/v1/user.pb.go:59.3,59.12 1 0
github.com/ZergsLaw/back-template/api/user/v1/user.pb.go:61.2,61.24 1 0
github.com/ZergsLaw/back-template/api/user/v1/user.pb.go:65.55,67.2 1 0
github.com/ZergsLaw/back-template/api/user/v1/user.pb.go:69.47,70.14 1 0
github.com/ZergsLaw/back-template/api/user/v1/user.pb.go:70.14,72.3 1 0
github.com/ZergsLaw/back-template/api/user/v1/user.pb.go:73.2,73.11 1 0
github.com/ZergsLaw/back-template/api/user/v1/user.pb.go:82.37,84.29 2 0
github.com/ZergsLaw/back-template/api/user/v1/user.pb.go:84.29,88.3 3 0
github.com/ZergsLaw/back-template/api/user/v1/user.pb.go:91.45,93.2 1 0
github.com/ZergsLaw/back-template/api/user/v1/user.pb.go:95.43,95.44 0 0
github.com/ZergsLaw/back-template/api/user/v1/user.pb.go:97.65,99.41 2 0
github.com/ZergsLaw/back-template/api/user/v1/user.pb.go:99.41,101.34 2 0
github.com/ZergsLaw/back-template/api/user/v1/user.pb.go:101.34,103.4 1 0
github.com/ZergsLaw/back-template/api/user/v1/user.pb.go:104.3,104.12 1 0
github.com/ZergsLaw/back-template/api/user/v1/user.pb.go:106.2,106.24 1 0
github.com/ZergsLaw/back-template/api/user/v1/user.pb.go:110.56,112.2 1 0
github.com/ZergsLaw/back-template/api/user/v1/user.pb.go:122.40,124.29 2 0
github.com/ZergsLaw/back-template/api/user/v1/user.pb.go:124.29,128.3 3 0
github.com/ZergsLaw/back-template/api/user/v1/user.pb.go:131.48,133.2 1 0
github.com/ZergsLaw/back-template/api/user/v1/user.pb.go:135.46,135.47 0 0
github.com/ZergsLaw/back-template/api/user/v1/user.pb.go:137.68,139.41 2 0
github.com/ZergsLaw/back-template/api/user/v1/user.pb.go:139.41,141.34 2 0
github.com/ZergsLaw/back-template/api/user/v1/user.pb.go:141.34,143.4 1 0
github.com/ZergsLaw/back-template/api/user/v1/user.pb.go:144.3,144.12 1 0
github.com/ZergsLaw/back-template/api/user/v1/user.pb.go:146.2,146.24 1 0
github.com/ZergsLaw/back-template/api/user/v1/user.pb.go:150.59,152.2 1 0
github.com/ZergsLaw/back-template/api/user/v1/user.pb.go:154.50,155.14 1 0
github.com/ZergsLaw/back-template/api/user/v1/user.pb.go:155.14,157.3 1 0
github.com/ZergsLaw/back-template/api/user/v1/user.pb.go:158.2,158.12 1 0
github.com/ZergsLaw/back-template/api/user/v1/user.pb.go:169.41,171.29 2 0
github.com/ZergsLaw/back-template/api/user/v1/user.pb.go:171.29,175.3 3 0
github.com/ZergsLaw/back-template/api/user/v1/user.pb.go:178.49,180.2 1 0
github.com/ZergsLaw/back-template/api/user/v1/user.pb.go:182.47,182.48 0 0
github.com/ZergsLaw/back-template/api/user/v1/user.pb.go:184.69,186.41 2 0
github.com/ZergsLaw/back-template/api/user/v1/user.pb.go:186.41,188.34 2 0
github.com/ZergsLaw/back-template/api/user/v1/user.pb.go:188.34,190.4 1 0
github.com/ZergsLaw/back-template/api/user/v1/user.pb.go:191.3,191.12 1 0
github.com/ZergsLaw/back-template/api/user/v1/user.pb.go:193.2,193.24 1 0
github.com/ZergsLaw/back-template/api/user/v1/user.pb.go:197.60,199.2 1 0
github.com/ZergsLaw/back-template/api/user/v1/user.pb.go:201.53,202.14 1 0
github.com/ZergsLaw/back-template/api/user/v1/user.pb.go:202.14,204.3 1 0
github.com/ZergsLaw/back-template/api/user/v1/user.pb.go:205.2,205.12 1 0
github.com/ZergsLaw/back-template/api/user/v1/user.pb.go:216.44,218.29 2 0
github.com/ZergsLaw/back-template/api/user/v1/user.pb.go:218.29,222.3 3 0
github.com/ZergsLaw/back-template/api/user/v1/user.pb.go:225.52,227.2 1 0
github.com/ZergsLaw/back-template/api/user/v1/user.pb.go:229.50,229.51 0 0
github.com/ZergsLaw/back-template/api/user/v1/user.pb.go:231.72,233.41 2 0
github.com/ZergsLaw/back-template/api/user/v1/user.pb.go:233.41,235.34 2 0
github.com/ZergsLaw/back-template/api/user/v1/user.pb.go:235.34,237.4 1 0
github.com/ZergsLaw/back-template/api/user/v1/user.pb.go:238.3,238.12 1 0
github.com/ZergsLaw/back-template/api/user/v1/user.pb.go:240.2,240.24 1 0
github.com/ZergsLaw/back-template/api/user/v1/user.pb.go:244.63,246.2 1 0
github.com/ZergsLaw/back-template/api/user/v1/user.pb.go:248.54,249.14 1 0
github.com/ZergsLaw/back-template/api/user/v1/user.pb.go:249.14,251.3 1 0
github.com/ZergsLaw/back-template/api/user/v1/user.pb.go:252.2,252.11 1 0
github.com/ZergsLaw/back-template/api/user/v1/user.pb.go:261.45,263.29 2 0
github.com/ZergsLaw/back-template/api/user/v1/user.pb.go:263.29,267.3 3 0
github.com/ZergsLaw/back-template/api/user/v1/user.pb.go:270.53,272.2 1 0
github.com/ZergsLaw/back-template/api/user/v1/user.pb.go:274.51,274.52 0 0
github.com/ZergsLaw/back-template/api/user/v1/user.pb.go:276.73,278.41 2 0
github.com/ZergsLaw/back-template/api/user/v1/user.pb.go:278.41,280.34 2 0
github.com/ZergsLaw/back-template/api/user/v1/user.pb.go:280.34,282.4 1 0
github.com/ZergsLaw/back-template/api/user/v1/user.pb.go:283.3,283.12 1 0
github.com/ZergsLaw/back-template/api/user/v1/user.pb.go:285.2,285.24 1 0
github.com/ZergsLaw/back-template/api/user/v1/user.pb.go:289.64,291.2 1 0
github.com/ZergsLaw/back-template/api/user/v1/user.pb.go:301.47,303.29 2 0
github.com/ZergsLaw/back-template/api/user/v1/user.pb.go:303.29,307.3 3 0
github.com/ZergsLaw/back-template/api/user/v1/user.pb.go:310.55,312.2 1 0
github.com/ZergsLaw/back-template/api/user/v1/user.pb.go:314.53,314.54 0 0
github.com/ZergsLaw/back-template/api/user/v1/user.pb.go:316.75,318.41 2 0
github.com/ZergsLaw/back-template/api/user/v1/user.pb.go:318.41,320.34 2 0
github.com/ZergsLaw/back-template/api/user/v1/user.pb.go:320.34,322.4 1 0
github.com/ZergsLaw/back-template/api/user/v1/user.pb.go:323.3,323.12 1 0
github.com/ZergsLaw/back-template/api/user/v1/user.pb.go:325.2,325.24 1 0
github.com/ZergsLaw/back-template/api/user/v1/user.pb.go:329.66,331.2 1 0
github.com/ZergsLaw/back-template/api/user/v1/user.pb.go:333.60,334.14 1 0
github.com/ZergsLaw/back-template/api/user/v1/user.pb.go:334.14,336.3 1 0
github.com/ZergsLaw/back-template/api/user/v1/user.pb.go:337.2,337.11 1 0
github.com/ZergsLaw/back-template/api/user/v1/user.pb.go:346.48,348.29 2 0
github.com/ZergsLaw/back-template/api/user/v1/user.pb.go:348.29,352.3 3 0
github.com/ZergsLaw/back-template/api/user/v1/user.pb.go:355.56,357.2 1 0
github.com/ZergsLaw/back-template/api/user/v1/user.pb.go:359.54,359.55 0 0
github.com/ZergsLaw/back-template/api/user/v1/user.pb.go:361.76,363.41 2 0
github.com/ZergsLaw/back-template/api/user/v1/user.pb.go:363.41,365.34 2 0
github.com/ZergsLaw/back-template/api/user/v1/user.pb.go:365.34,367.4 1 0
github.com/ZergsLaw/back-template/api/user/v1/user.pb.go:368.3,368.12 1 0
github.com/ZergsLaw/back-template/api/user/v1/user.pb.go:370.2,370.24 1 0
github.com/ZergsLaw/back-template/api/user/v1/user.pb.go:374.67,376.2 1 0
github.com/ZergsLaw/back-template/api/user/v1/user.pb.go:389.37,391.29 2 0
github.com/ZergsLaw/back-template/api/user/v1/user.pb.go:391.29,395.3 3 0
github.com/ZergsLaw/back-template/api/user/v1/user.pb.go:398.45,400.2 1 0
github.com/ZergsLaw/back-template/api/user/v1/user.pb.go:402.43,402.44 0 0
github.com/ZergsLaw/back-template/api/user/v1/user.pb.go:404.65,406.41 2 0
github.com/ZergsLaw/back-template/api/user/v1/user.pb.go:406.41,408.34 2 0
github.com/ZergsLaw/back-template/api/user/v1/user.pb.go:408.34,410.4 1 0
github.com/ZergsLaw/back-template/api/user/v1/user.pb.go:411.3,411.12 1 0
github.com/ZergsLaw/back-template/api/user/v1/user.pb.go:413.2,413.24 1 0
github.com/ZergsLaw/back-template/api/user/v1/user.pb.go:417.56,419.2 1 0
github.com/ZergsLaw/back-template/api/user/v1/user.pb.go:421.50,422.14 1 0
github.com/ZergsLaw/back-template/api/user/v1/user.pb.go:422.14,424.3 1 0
github.com/ZergsLaw/back-template/api/user/v1/user.pb.go:425.2,425.11 1 0
github.com/ZergsLaw/back-template/api/user/v1/user.pb.go:428.47,429.14 1 0
github.com/ZergsLaw/back-template/api/user/v1/user.pb.go:429.14,431.3 1 0
github.com/ZergsLaw/back-template/api/user/v1/user.pb.go:432.2,432.11 1 0
github.com/ZergsLaw/back-template/api/user/v1/user.pb.go:435.50,436.14 1 0
github.com/ZergsLaw/back-template/api/user/v1/user.pb.go:436.14,438.3 1 0
github.com/ZergsLaw/back-template/api/user/v1/user.pb.go:439.2,439.11 1 0
github.com/ZergsLaw/back-template/api/user/v1/user.pb.go:442.50,443.14 1 0
github.com/ZergsLaw/back-template/api/user/v1/user.pb.go:443.14,445.3 1 0
github.com/ZergsLaw/back-template/api/user/v1/user.pb.go:446.2,446.11 1 0
github.com/ZergsLaw/back-template/api/user/v1/user.pb.go:457.38,459.29 2 0
github.com/ZergsLaw/back-template/api/user/v1/user.pb.go:459.29,463.3 3 0
github.com/ZergsLaw/back-template/api/user/v1/user.pb.go:466.46,468.2 1 0
github.com/ZergsLaw/back-template/api/user/v1/user.pb.go:470.44,470.45 0 0
github.com/ZergsLaw/back-template/api/user/v1/user.pb.go:472.66,474.41 2 0
github.com/ZergsLaw/back-template/api/user/v1/user.pb.go:474.41,476.34 2 0
github.com/ZergsLaw/back-template/api/user/v1/user.pb.go:476.34,478.4 1 0
github.com/ZergsLaw/back-template/api/user/v1/user.pb.go:479.3,479.12 1 0
github.com/ZergsLaw/back-template/api/user/v1/user.pb.go:481.2,481.24 1 0
github.com/ZergsLaw/back-template/api/user/v1/user.pb.go:485.57,487.2 1 0
github.com/ZergsLaw/back-template/api/user/v1/user.pb.go:489.45,490.14 1 0
github.com/ZergsLaw/back-template/api/user/v1/user.pb.go:490.14,492.3 1 0
github.com/ZergsLaw/back-template/api/user/v1/user.pb.go:493.2,493.11 1 0
github.com/ZergsLaw/back-template/api/user/v1/user.pb.go:505.32,507.29 2 0
github.com/ZergsLaw/back-template/api/user/v1/user.pb.go:507.29,511.3 3 0
github.com/ZergsLaw/back-template/api/user/v1/user.pb.go:514.40,516.2 1 0
github.com/ZergsLaw/back-template/api/user/v1/user.pb.go:518.38,518.39 0 0
github.com/ZergsLaw/back-template/api/user/v1/user.pb.go:520.60,522.41 2 0
github.com/ZergsLaw/back-template/api/user/v1/user.pb.go:522.41,524.34 2 0
github.com/ZergsLaw/back-template/api/user/v1/user.pb.go:524.34,526.4 1 0
github.com/ZergsLaw/back-template/api/user/v1/user.pb.go:527.3,527.12 1 0
github.com/ZergsLaw/back-template/api/user/v1/user.pb.go:529.2,529.24 1 0
github.com/ZergsLaw/back-template/api/user/v1/user.pb.go:533.51,535.2 1 0
github.com/ZergsLaw/back-template/api/user/v1/user.pb.go:537.42,538.14 1 0
github.com/ZergsLaw/back-template/api/user/v1/user.pb.go:538.14,540.3 1 0
github.com/ZergsLaw/back-template/api/user/v1/user.pb.go:541.2,541.11 1 0
github.com/ZergsLaw/back-template/api/user/v1/user.pb.go:544.45,545.14 1 0
github.com/ZergsLaw/back-template/api/user/v1/user.pb.go:545.14,547.3 1 0
github.com/ZergsLaw/back-template/api/user/v1/user.pb.go:548.2,548.11 1 0
github.com/ZergsLaw/back-template/api/user/v1/user.pb.go:559.33,561.29 2 0
github.com/ZergsLaw/back-template/api/user/v1/user.pb.go:561.29,565.3 3 0
github.com/ZergsLaw/back-template/api/user/v1/user.pb.go:568.41,570.2 1 0
github.com/ZergsLaw/back-template/api/user/v1/user.pb.go:572.39,572.40 0 0
github.com/ZergsLaw/back-template/api/user/v1/user.pb.go:574.61,576.41 2 0
github.com/ZergsLaw/back-template/api/user/v1/user.pb.go:576.41,578.34 2 0
github.com/ZergsLaw/back-template/api/user/v1/user.pb.go:578.34,580.4 1 0
github.com/ZergsLaw/back-template/api/user/v1/user.pb.go:581.3,581.12 1 0
github.com/ZergsLaw/back-template/api/user/v1/user.pb.go:583.2,583.24 1 0
github.com/ZergsLaw/back-template/api/user/v1/user.pb.go:587.52,589.2 1 0
github.com/ZergsLaw/back-template/api/user/v1/user.pb.go:591.44,592.14 1 0
github.com/ZergsLaw/back-template/api/user/v1/user.pb.go:592.14,594.3 1 0
github.com/ZergsLaw/back-template/api/user/v1/user.pb.go:595.2,595.11 1 0
github.com/ZergsLaw/back-template/api/user/v1/user.pb.go:606.34,608.29 2 0
github.com/ZergsLaw/back-template/api/user/v1/user.pb.go:608.29,612.3 3 0
github.com/ZergsLaw/back-template/api/user/v1/user.pb.go:615.42,617.2 1 0
github.com/ZergsLaw/back-template/api/user/v1/user.pb.go:619.40,619.41 0 0
github.com/ZergsLaw/back-template/api/user/v1/user.pb.go:621.62,623.41 2 0
github.com/ZergsLaw/back-template/api/user/v1/user.pb.go:623.41,625.34 2 0
github.com/ZergsLaw/back-template/api/user/v1/user.pb.go:625.34,627.4 1 0
github.com/ZergsLaw/back-template/api/user/v1/user.pb.go:628.3,628.12 1 0
github.com/ZergsLaw/back-template/api/user/v1/user.pb.go:630.2,630.24 1 0
github.com/ZergsLaw/back-template/api/user/v1/user.pb.go:634.53,636.2 1 0
github.com/ZergsLaw/back-template/api/user/v1/user.pb.go:638.41,639.14 1 0
github.com/ZergsLaw/back-template/api/user/v1/user.pb.go:639.14,641.3 1 0
github.com/ZergsLaw/back-template/api/user/v1/user.pb.go:642.2,642.11 1 0
github.com/ZergsLaw/back-template/api/user/v1/user.pb.go:653.35,655.29 2 0
github.com/ZergsLaw/back-template/api/user/v1/user.pb.go:655.29,659.3 3 0
github.com/ZergsLaw/back-template/api/user/v1/user.pb.go:662.43,664.2 1 0
github.com/ZergsLaw/back-template/api/user/v1/user.pb.go:666.41,666.42 0 0
github.com/ZergsLaw/back-template/api/user/v1/user.pb.go:668.63,670.41 2 0
github.com/ZergsLaw/back-template/api/user/v1/user.pb.go:670.41,672.34 2 0
github.com/ZergsLaw/back-template/api/user/v1/user.pb.go:672.34,674.4 1 0
github.com/ZergsLaw/back-template/api/user/v1/user.pb.go:675.3,675.12 1 0
github.com/ZergsLaw/back-template/api/user/v1/user.pb.go:677.2,677.24 1 0
github.com/ZergsLaw/back-template/api/user/v1/user.pb.go:681.54,683.2 1 0
github.com/ZergsLaw/back-template/api/user/v1/user.pb.go:685.43,686.14 1 0
github.com/ZergsLaw/back-template/api/user/v1/user.pb.go:686.14,688.3 1 0
github.com/ZergsLaw/back-template/api/user/v1/user.pb.go:689.2,689.12 1 0
github.com/ZergsLaw/back-template/api/user/v1/user.pb.go:703.38,705.29 2 0
github.com/ZergsLaw/back-template/api/user/v1/user.pb.go:705.29,709.3 3 0
github.com/ZergsLaw/back-template/api/user/v1/user.pb.go:712.46,714.2 1 0
github.com/ZergsLaw/back-template/api/user/v1/user.pb.go:716.44,716.45 0 0
github.com/ZergsLaw/back-template/api/user/v1/user.pb.go:718.66,720.41 2 0
github.com/ZergsLaw/back-template/api/user/v1/user.pb.go:720.41,722.34 2 0
github.com/ZergsLaw/back-template/api/user/v1/user.pb.go:722.34,724.4 1 0
github.com/ZergsLaw/back-template/api/user/v1/user.pb.go:725.3,725.12 1 0
github.com/ZergsLaw/back-template/api/user/v1/user.pb.go:727.2,727.24 1 0
github.com/ZergsLaw/back-template/api/user/v1/user.pb.go:731.57,733.2 1 0
github.com/ZergsLaw/back-template/api/user/v1/user.pb.go:735.47,736.14 1 0
github.com/ZergsLaw/back-template/api/user/v1/user.pb.go:736.14,738.3 1 0
github.com/ZergsLaw/back-template/api/user/v1/user.pb.go:739.2,739.11 1 0
github.com/ZergsLaw/back-template/api/user/v1/user.pb.go:742.47,743.14 1 0
github.com/ZergsLaw/back-template/api/user/v1/user.pb.go:743.14,745.3 1 0
github.com/ZergsLaw/back-template/api/user/v1/user.pb.go:746.2,746.10 1 0
github.com/ZergsLaw/back-template/api/user/v1/user.pb.go:749.48,750.14 1 0
github.com/ZergsLaw/back-template/api/user/v1/user.pb.go:750.14,752.3 1 0
github.com/ZergsLaw/back-template/api/user/v1/user.pb.go:753.2,753.10 1 0
github.com/ZergsLaw/back-template/api/user/v1/user.pb.go:765.39,767.29 2 0
github.com/ZergsLaw/back-template/api/user/v1/user.pb.go:767.29,771.3 3 0
github.com/ZergsLaw/back-template/api/user/v1/user.pb.go:774.47,776.2 1 0
github.com/ZergsLaw/back-template/api/user/v1/user.pb.go:778.45,778.46 0 0
github.com/ZergsLaw/back-template/api/user/v1/user.pb.go:780.67,782.41 2 0
github.com/ZergsLaw/back-template/api/user/v1/user.pb.go:782.41,784.34 2 0
github.com/ZergsLaw/back-template/api/user/v1/user.pb.go:784.34,786.4 1 0
github.com/ZergsLaw/back-template/api/user/v1/user.pb.go:787.3,787.12 1 0
github.com/ZergsLaw/back-template/api/user/v1/user.pb.go:789.2,789.24 1 0
github.com/ZergsLaw/back-template/api/user/v1/user.pb.go:793.58,795.2 1 0
github.com/ZergsLaw/back-template/api/user/v1/user.pb.go:797.50,798.14 1 0
github.com/ZergsLaw/back-template/api/user/v1/user.pb.go:798.14,800.3 1 0
github.com/ZergsLaw/back-template/api/user/v1/user.pb.go:801.2,801.12 1 0
github.com/ZergsLaw/back-template/api/user/v1/user.pb.go:804.48,805.14 1 0
github.com/ZergsLaw/back-template/api/user/v1/user.pb.go:805.14,807.3 1 0
github.com/ZergsLaw/back-template/api/user/v1/user.pb.go:808.2,808.10 1 0
github.com/ZergsLaw/back-template/api/user/v1/user.pb.go:817.33,819.29 2 0
github.com/ZergsLaw/back-template/api/user/v1/user.pb.go:819.29,823.3 3 0
github.com/ZergsLaw/back-template/api/user/v1/user.pb.go:826.41,828.2 1 0
github.com/ZergsLaw/back-template/api/user/v1/user.pb.go:830.39,830.40 0 0
github.com/ZergsLaw/back-template/api/user/v1/user.pb.go:832.61,834.41 2 0
github.com/ZergsLaw/back-template/api/user/v1/user.pb.go:834.41,836.34 2 0
github.com/ZergsLaw/back-template/api/user/v1/user.pb.go:836.34,838.4 1 0
github.com/ZergsLaw/back-template/api/user/v1/user.pb.go:839.3,839.12 1 0
github.com/ZergsLaw/back-template/api/user/v1/user.pb.go:841.2,841.24 1 0
github.com/ZergsLaw/back-template/api/user/v1/user.pb.go:845.52,847.2 1 0
github.com/ZergsLaw/back-template/api/user/v1/user.pb.go:855.34,857.29 2 0
github.com/ZergsLaw/back-template/api/user/v1/user.pb.go:857.29,861.3 3 0
github.com/ZergsLaw/back-template/api/user/v1/user.pb.go:864.42,866.2 1 0
github.com/ZergsLaw/back-template/api/user/v1/user.pb.go:868.40,868.41 0 0
github.com/ZergsLaw/back-template/api/user/v1/user.pb.go:870.62,872.41 2 0
github.com/ZergsLaw/back-template/api/user/v1/user.pb.go:872.41,874.34 2 0
github.com/ZergsLaw/back-template/api/user/v1/user.pb.go:874.34,876.4 1 0
github.com/ZergsLaw/back-template/api/user/v1/user.pb.go:877.3,877.12 1 0
github.com/ZergsLaw/back-template/api/user/v1/user.pb.go:879.2,879.24 1 0
github.com/ZergsLaw/back-template/api/user/v1/user.pb.go:883.53,885.2 1 0
github.com/ZergsLaw/back-template/api/user/v1/user.pb.go:896.41,898.29 2 0
github.com/ZergsLaw/back-template/api/user/v1/user.pb.go:898.29,902.3 3 0
github.com/ZergsLaw/back-template/api/user/v1/user.pb.go:905.49,907.2 1 0
github.com/ZergsLaw/back-template/api/user/v1/user.pb.go:909.47,909.48 0 0
github.com/ZergsLaw/back-template/api/user/v1/user.pb.go:911.69,913.41 2 0
github.com/ZergsLaw/back-template/api/user/v1/user.pb.go:913.41,915.34 2 0
github.com/ZergsLaw/back-template/api/user/v1/user.pb.go:915.34,917.4 1 0
github.com/ZergsLaw/back-template/api/user/v1/user.pb.go:918.3,918.12 1 0
github.com/ZergsLaw/back-template/api/user/v1/user.pb.go:920.2,920.24 1 0
github.com/ZergsLaw/back-template/api/user/v1/user.pb.go:924.60,926.2 1 0
github.com/ZergsLaw/back-template/api/user/v1/user.pb.go:928.49,929.14 1 0
github.com/ZergsLaw/back-template/api/user/v1/user.pb.go:929.14,931.3 1 0
github.com/ZergsLaw/back-template/api/user/v1/user.pb.go:932.2,932.11 1 0
github.com/ZergsLaw/back-template/api/user/v1/user.pb.go:935.49,936.14 1 0
github.com/ZergsLaw/back-template/api/user/v1/user.pb.go:936.14,938.3 1 0
github.com/ZergsLaw/back-template/api/user/v1/user.pb.go:939.2,939.11 1 0
github.com/ZergsLaw/back-template/api/user/v1/user.pb.go:948.42,950.29 2 0
github.com/ZergsLaw/back-template/api/user/v1/user.pb.go:950.29,954.3 3 0
github.com/ZergsLaw/back-template/api/user/v1/user.pb.go:957.50,959.2 1 0
github.com/ZergsLaw/back-template/api/user/v1/user.pb.go:961.48,961.49 0 0
github.com/ZergsLaw/back-template/api/user/v1/user.pb.go:963.70,965.41 2 0
github.com/ZergsLaw/back-template/api/user/v1/user.pb.go:965.41,967.34 2 0
github.com/ZergsLaw/back-template/api/user/v1/user.pb.go:967.34,969.4 1 0
github.com/ZergsLaw/back-template/api/user/v1/user.pb.go:970.3,970.12 1 0
github.com/ZergsLaw/back-template/api/user/v1/user.pb.go:972.2,972.24 1 0
github.com/ZergsLaw/back-template/api/user/v1/user.pb.go:976.61,978.2 1 0
github.com/ZergsLaw/back-template/api/user/v1/user.pb.go:990.37,992.29 2 0
github.com/ZergsLaw/back-template/api/user/v1/user.pb.go:992.29,996.3 3 0
github.com/ZergsLaw/back-template/api/user/v1/user.pb.go:999.45,1001.2 1 0
github.com/ZergsLaw/back-template/api/user/v1/user.pb.go:1003.43,1003.44 0 0
github.com/ZergsLaw/back-template/api/user/v1/user.pb.go:1005.65,1007.41 2 0
github.com/ZergsLaw/back-template/api/user/v1/user.pb.go:1007.41,1009.34 2 0
github.com/ZergsLaw/back-template/api/user/v1/user.pb.go:1009.34,1011.4 1 0
github.com/ZergsLaw/back-template/api/user/v1/user.pb.go:1012.3,1012.12 1 0
github.com/ZergsLaw/back-template/api/user/v1/user.pb.go:1014.2,1014.24 1 0
github.com/ZergsLaw/back-template/api/user/v1/user.pb.go:1018.56,1020.2 1 0
github.com/ZergsLaw/back-template/api/user/v1/user.pb.go:1022.50,1023.14 1 0
github.com/ZergsLaw/back-template/api/user/v1/user.pb.go:1023.14,1025.3 1 0
github.com/ZergsLaw/back-template/api/user/v1/user.pb.go:1026.2,1026.11 1 0
github.com/ZergsLaw/back-template/api/user/v1/user.pb.go:1029.50,1030.14 1 0
github.com/ZergsLaw/back-template/api/user/v1/user.pb.go:1030.14,1032.3 1 0
github.com/ZergsLaw/back-template/api/user/v1/user.pb.go:1033.2,1033.11 1 0
github.com/ZergsLaw/back-template/api/user/v1/user.pb.go:1036.50,1037.14 1 0
github.com/ZergsLaw/back-template/api/user/v1/user.pb.go:1037.14,1039.3 1 0
github.com/ZergsLaw/back-template/api/user/v1/user.pb.go:1040.2,1040.11 1 0
github.com/ZergsLaw/back-template/api/user/v1/user.pb.go:1049.38,1051.29 2 0
github.com/ZergsLaw/back-template/api/user/v1/user.pb.go:1051.29,1055.3 3 0
github.com/ZergsLaw/back-template/api/user/v1/user.pb.go:1058.46,1060.2 1 0
github.com/ZergsLaw/back-template/api/user/v1/user.pb.go:1062.44,1062.45 0 0
github.com/ZergsLaw/back-template/api/user/v1/user.pb.go:1064.66,1066.41 2 0
github.com/ZergsLaw/back-template/api/user/v1/user.pb.go:1066.41,1068.34 2 0
github.com/ZergsLaw/back-template/api/user/v1/user.pb.go:1068.34,1070.4 1 0
github.com/ZergsLaw/back-template/api/user/v1/user.pb.go:1071.3,1071.12 1 0
github.com/ZergsLaw/back-template/api/user/v1/user.pb.go:1073.2,1073.24 1 0
github.com/ZergsLaw/back-template/api/user/v1/user.pb.go:1077.57,1079.2 1 0
github.com/ZergsLaw/back-template/api/user/v1/user.pb.go:1096.24,1098.29 2 0
github.com/ZergsLaw/back-template/api/user/v1/user.pb.go:1098.29,1102.3 3 0
github.com/ZergsLaw/back-template/api/user/v1/user.pb.go:1105.32,1107.2 1 0
github.com/ZergsLaw/back-template/api/user/v1/user.pb.go:1109.30,1109.31 0 0
github.com/ZergsLaw/back-template/api/user/v1/user.pb.go:1111.52,1113.41 2 0
github.com/ZergsLaw/back-template/api/user/v1/user.pb.go:1113.41,1115.34 2 0
github.com/ZergsLaw/back-template/api/user/v1/user.pb.go:1115.34,1117.4 1 0
github.com/ZergsLaw/back-template/api/user/v1/user.pb.go:1118.3,1118.12 1 0
github.com/ZergsLaw/back-template/api/user/v1/user.pb.go:1120.2,1120.24 1 0
github.com/ZergsLaw/back-template/api/user/v1/user.pb.go:1124.43,1126.2 1 0
github.com/ZergsLaw/back-template/api/user/v1/user.pb.go:1128.31,1129.14 1 0
github.com/ZergsLaw/back-template/api/user/v1/user.pb.go:1129.14,1131.3 1 0
github.com/ZergsLaw/back-template/api/user/v1/user.pb.go:1132.2,1132.11 1 0
github.com/ZergsLaw/back-template/api/user/v1/user.pb.go:1135.37,1136.14 1 0
github.com/ZergsLaw/back-template/api/user/v1/user.pb.go:1136.14,1138.3 1 0
github.com/ZergsLaw/back-template/api/user/v1/user.pb.go:1139.2,1139.11 1 0
github.com/ZergsLaw/back-template/api/user/v1/user.pb.go:1142.34,1143.14 1 0
github.com/ZergsLaw/back-template/api/user/v1/user.pb.go:1143.14,1145.3 1 0
github.com/ZergsLaw/back-template/api/user/v1/user.pb.go:1146.2,1146.11 1 0
github.com/ZergsLaw/back-template/api/user/v1/user.pb.go:1149.37,1150.14 1 0
github.com/ZergsLaw/back-template/api/user/v1/user.pb.go:1150.14,1152.3 1 0
github.com/ZergsLaw/back-template/api/user/v1/user.pb.go:1153.2,1153.11 1 0
github.com/ZergsLaw/back-template/api/user/v1/user.pb.go:1156.40,1157.14 1 0
github.com/ZergsLaw/back-template/api/user/v1/user.pb.go:1157.14,1159.3 1 0
github.com/ZergsLaw/back-template/api/user/v1/user.pb.go:1160.2,1160.25 1 0
github.com/ZergsLaw/back-template/api/user/v1/user.pb.go:1163.37,1164.14 1 0
github.com/ZergsLaw/back-template/api/user/v1/user.pb.go:1164.14,1166.3 1 0
github.com/ZergsLaw/back-template/api/user/v1/user.pb.go:1167.2,1167.11 1 0
github.com/ZergsLaw/back-template/api/user/v1/user.pb.go:1170.52,1171.14 1 0
github.com/ZergsLaw/back-template/api/user/v1/user.pb.go:1171.14,1173.3 1 0
github.com/ZergsLaw/back-template/api/user/v1/user.pb.go:1174.2,1174.12 1 0
github.com/ZergsLaw/back-template/api/user/v1/user.pb.go:1177.52,1178.14 1 0
github.com/ZergsLaw/back-template/api/user/v1/user.pb.go:1178.14,1180.3 1 0
github.com/ZergsLaw/back-template/api/user/v1/user.pb.go:1181.2,1181.12 1 0
github.com/ZergsLaw/back-template/api/user/v1/user.pb.go:1192.39,1194.29 2 0
github.com/ZergsLaw/back-template/api/user/v1/user.pb.go:1194.29,1198.3 3 0
github.com/ZergsLaw/back-template/api/user/v1/user.pb.go:1201.47,1203.2 1 0
github.com/ZergsLaw/back-template/api/user/v1/user.pb.go:1205.45,1205.46 0 0
github.com/ZergsLaw/back-template/api/user/v1/user.pb.go:1207.67,1209.41 2 0
github.com/ZergsLaw/back-template/api/user/v1/user.pb.go:1209.41,1211.34 2 0
github.com/ZergsLaw/back-template/api/user/v1/user.pb.go:1211.34,1213.4 1 0
github.com/ZergsLaw/back-template/api/user/v1/user.pb.go:1214.3,1214.12 1 0
github.com/ZergsLaw/back-template/api/user/v1/user.pb.go:1216.2,1216.24 1 0
github.com/ZergsLaw/back-template/api/user/v1/user.pb.go:1220.58,1222.2 1 0
github.com/ZergsLaw/back-template/api/user/v1/user.pb.go:1224.50,1225.14 1 0
github.com/ZergsLaw/back-template/api/user/v1/user.pb.go:1225.14,1227.3 1 0
github.com/ZergsLaw/back-template/api/user/v1/user.pb.go:1228.2,1228.11 1 0
github.com/ZergsLaw/back-template/api/user/v1/user.pb.go:1237.40,1239.29 2 0
github.com/ZergsLaw/back-template/api/user/v1/user.pb.go:1239.29,1243.3 3 0
github.com/ZergsLaw/back-template/api/user/v1/user.pb.go:1246.48,1248.2 1 0
github.com/ZergsLaw/back-template/api/user/v1/user.pb.go:1250.46,1250.47 0 0
github.com/ZergsLaw/back-template/api/user/v1/user.pb.go:1252.68,1254.41 2 0
github.com/ZergsLaw/back-template/api/user/v1/user.pb.go:1254.41,1256.34 2 0
github.com/ZergsLaw/back-template/api/user/v1/user.pb.go:1256.34,1258.4 1 0
github.com/ZergsLaw/back-template/api/user/v1/user.pb.go:1259.3,1259.12 1 0
github.com/ZergsLaw/back-template/api/user/v1/user.pb.go:1261.2,1261.24 1 0
github.com/ZergsLaw/back-template/api/user/v1/user.pb.go:1265.59,1267.2 1 0
github.com/ZergsLaw/back-template/api/user/v1/user.pb.go:1277.41,1279.29 2 0
github.com/ZergsLaw/back-template/api/user/v1/user.pb.go:1279.29,1283.3 3 0
github.com/ZergsLaw/back-template/api/user/v1/user.pb.go:1286.49,1288.2 1 0
github.com/ZergsLaw/back-template/api/user/v1/user.pb.go:1290.47,1290.48 0 0
github.com/ZergsLaw/back-template/api/user/v1/user.pb.go:1292.69,1294.41 2 0
github.com/ZergsLaw/back-template/api/user/v1/user.pb.go:1294.41,1296.34 2 0
github.com/ZergsLaw/back-template/api/user/v1/user.pb.go:1296.34,1298.4 1 0
github.com/ZergsLaw/back-template/api/user/v1/user.pb.go:1299.3,1299.12 1 0
github.com/ZergsLaw/back-template/api/user/v1/user.pb.go:1301.2,1301.24 1 0
github.com/ZergsLaw/back-template/api/user/v1/user.pb.go:1305.60,1307.2 1 0
github.com/ZergsLaw/back-template/api/user/v1/user.pb.go:1309.52,1310.14 1 0
github.com/ZergsLaw/back-template/api/user/v1/user.pb.go:1310.14,1312.3 1 0
github.com/ZergsLaw/back-template/api/user/v1/user.pb.go:1313.2,1313.11 1 0
github.com/ZergsLaw/back-template/api/user/v1/user.pb.go:1324.42,1326.29 2 0
github.com/ZergsLaw/back-template/api/user/v1/user.pb.go:1326.29,1330.3 3 0
github.com/ZergsLaw/back-template/api/user/v1/user.pb.go:1333.50,1335.2 1 0
github.com/ZergsLaw/back-template/api/user/v1/user.pb.go:1337.48,1337.49 0 0
github.com/ZergsLaw/back-template/api/user/v1/user.pb.go:1339.70,1341.41 2 0
github.com/ZergsLaw/back-template/api/user/v1/user.pb.go:1341.41,1343.34 2 0
github.com/ZergsLaw/back-template/api/user/v1/user.pb.go:1343.34,1345.4 1 0
github.com/ZergsLaw/back-template/api/user/v1/user.pb.go:1346.3,1346.12 1 0
github.com/ZergsLaw/back-template/api/user/v1/user.pb.go:1348.2,1348.24 1 0
github.com/ZergsLaw/back-template/api/user/v1/user.pb.go:1352.61,1354.2 1 0
github.com/ZergsLaw/back-template/api/user/v1/user.pb.go:1356.61,1357.14 1 0
github.com/ZergsLaw/back-template/api/user/v1/user.pb.go:1357.14,1359.3 1 0
github.com/ZergsLaw/back-template/api/user/v1/user.pb.go:1360.2,1360.12 1 0
github.com/ZergsLaw/back-template/api/user/v1/user.pb.go:1372.30,1374.29 2 0
github.com/ZergsLaw/back-template/api/user/v1/user.pb.go:1374.29,1378.3 3 0
github.com/ZergsLaw/back-template/api/user/v1/user.pb.go:1381.38,1383.2 1 0
github.com/ZergsLaw/back-template/api/user/v1/user.pb.go:1385.36,1385.37 0 0
github.com/ZergsLaw/back-template/api/user/v1/user.pb.go:1387.58,1389.41 2 0
github.com/ZergsLaw/back-template/api/user/v1/user.pb.go:1389.41,1391.34 2 0
github.com/ZergsLaw/back-template/api/user/v1/user.pb.go:1391.34,1393.4 1 0
github.com/ZergsLaw/back-template/api/user/v1/user.pb.go:1394.3,1394.12 1 0
github.com/ZergsLaw/back-template/api/user/v1/user.pb.go:1396.2,1396.24 1 0
github.com/ZergsLaw/back-template/api/user/v1/user.pb.go:1400.49,1402.2 1 0
github.com/ZergsLaw/back-template/api/user/v1/user.pb.go:1404.41,1405.14 1 0
github.com/ZergsLaw/back-template/api/user/v1/user.pb.go:1405.14,1407.3 1 0
github.com/ZergsLaw/back-template/api/user/v1/user.pb.go:1408.2,1408.11 1 0
github.com/ZergsLaw/back-template/api/user/v1/user.pb.go:1411.41,1412.14 1 0
github.com/ZergsLaw/back-template/api/user/v1/user.pb.go:1412.14,1414.3 1 0
github.com/ZergsLaw/back-template/api/user/v1/user.pb.go:1415.2,1415.11 1 0
github.com/ZergsLaw/back-template/api/user/v1/user.pb.go:1682.55,1683.52 1 0
github.com/ZergsLaw/back-template/api/user/v1/user.pb.go:1683.52,1685.3 1 0
github.com/ZergsLaw/back-template/api/user/v1/user.pb.go:1686.2,1686.48 1 0
github.com/ZergsLaw/back-template/api/user/v1/user.pb.go:1763.13,1763.51 1 0
github.com/ZergsLaw/back-template/api/user/v1/user.pb.go:1764.41,1765.40 1 0
github.com/ZergsLaw/back-template/api/user/v1/user.pb.go:1765.40,1767.3 1 0
github.com/ZergsLaw/back-template/api/user/v1/user.pb.go:1768.2,1768.30 1 0
github.com/ZergsLaw/back-template/api/user/v1/user.pb.go:1768.30,1769.77 1 0
github.com/ZergsLaw/back-template/api/user/v1/user.pb.go:1769.77,1770.41 1 0
github.com/ZergsLaw/back-template/api/user/v1/user.pb.go:1771.11,1772.20 1 0
github.com/ZergsLaw/back-template/api/user/v1/user.pb.go:1773.11,1774.24 1 0
github.com/ZergsLaw/back-template/api/user/v1/user.pb.go:1775.11,1776.28 1 0
github.com/ZergsLaw/back-template/api/user/v1/user.pb.go:1777.12,1778.15 1 0
github.com/ZergsLaw/back-template/api/user/v1/user.pb.go:1781.3,1781.77 1 0
github.com/ZergsLaw/back-template/api/user/v1/user.pb.go:1781.77,1782.42 1 0
github.com/ZergsLaw/back-template/api/user/v1/user.pb.go:1783.11,1784.20 1 0
github.com/ZergsLaw/back-template/api/user/v1/user.pb.go:1785.11,1786.24 1 0
github.com/ZergsLaw/back-template/api/user/v1/user.pb.go:1787.11,1788.28 1 0
github.com/ZergsLaw/back-template/api/user/v1/user.pb.go:1789.12,1790.15 1 0
github.com/ZergsLaw/back-template/api/user/v1/user.pb.go:1793.3,1793.77 1 0
github.com/ZergsLaw/back-template/api/user/v1/user.pb.go:1793.77,1794.45 1 0
github.com/ZergsLaw/back-template/api/user/v1/user.pb.go:1795.11,1796.20 1 0
github.com/ZergsLaw/back-template/api/user/v1/user.pb.go:1797.11,1798.24 1 0
github.com/ZergsLaw/back-template/api/user/v1/user.pb.go:1799.11,1800.28 1 0
github.com/ZergsLaw/back-template/api/user/v1/user.pb.go:1801.12,1802.15 1 0
github.com/ZergsLaw/back-template/api/user/v1/user.pb.go:1805.3,1805.77 1 0
github.com/ZergsLaw/back-template/api/user/v1/user.pb.go:1805.77,1806.46 1 0
github.com/ZergsLaw/back-template/api/user/v1/user.pb.go:1807.11,1808.20 1 0
github.com/ZergsLaw/back-template/api/user/v1/user.pb.go:1809.11,1810.24 1 0
github.com/ZergsLaw/back-template/api/user/v1/user.pb.go:1811.11,1812.28 1 0
github.com/ZergsLaw/back-template/api/user/v1/user.pb.go:1813.12,1814.15 1 0
github.com/ZergsLaw/back-template/api/user/v1/user.pb.go:1817.3,1817.77 1 0
github.com/ZergsLaw/back-template/api/user/v1/user.pb.go:1817.77,1818.49 1 0
github.com/ZergsLaw/back-template/api/user/v1/user.pb.go:1819.11,1820.20 1 0
github.com/ZergsLaw/back-template/api/user/v1/user.pb.go:1821.11,1822.24 1 0
github.com/ZergsLaw/back-template/api/user/v1/user.pb.go:1823.11,1824.28 1 0
github.com/ZergsLaw/back-template/api/user/v1/user.pb.go:1825.12,1826.15 1 0
github.com/ZergsLaw/back-template/api/user/v1/user.pb.go:1829.3,1829.77 1 0
github.com/ZergsLaw/back-template/api/user/v1/user.pb.go:1829.77,1830.50 1 0
github.com/ZergsLaw/back-template/api/user/v1/user.pb.go:1831.11,1832.20 1 0
github.com/ZergsLaw/back-template/api/user/v1/user.pb.go:1833.11,1834.24 1 0
github.com/ZergsLaw/back-template/api/user/v1/user.pb.go:1835.11,1836.28 1 0
github.com/ZergsLaw/back-template/api/user/v1/user.pb.go:1837.12,1838.15 1 0
github.com/ZergsLaw/back-template/api/user/v1/user.pb.go:1841.3,1841.77 1 0
github.com/ZergsLaw/back-template/api/user/v1/user.pb.go:1841.77,1842.52 1 0
github.com/ZergsLaw/back-template/api/user/v1/user.pb.go:1843.11,1844.20 1 0
github.com/ZergsLaw/back-template/api/user/v1/user.pb.go:1845.11,1846.24 1 0
github.com/ZergsLaw/back-template/api/user/v1/user.pb.go:1847.11,1848.28 1 0
github.com/ZergsLaw/back-template/api/user/v1/user.pb.go:1849.12,1850.15 1 0
github.com/ZergsLaw/back-template/api/user/v1/user.pb.go:1853.3,1853.77 1 0
github.com/ZergsLaw/back-template/api/user/v1/user.pb.go:1853.77,1854.53 1 0
github.com/ZergsLaw/back-template/api/user/v1/user.pb.go:1855.11,1856.20 1 0
github.com/ZergsLaw/back-template/api/user/v1/user.pb.go:1857.11,1858.24 1 0
github.com/ZergsLaw/back-template/api/user/v1/user.pb.go:1859.11,1860.28 1 0
github.com/ZergsLaw/back-template/api/user/v1/user.pb.go:1861.12,1862.15 1 0
github.com/ZergsLaw/back-template/api/user/v1/user.pb.go:1865.3,1865.77 1 0
github.com/ZergsLaw/back-template/api/user/v1/user.pb.go:1865.77,1866.42 1 0
github.com/ZergsLaw/back-template/api/user/v1/user.pb.go:1867.11,1868.20 1 0
github.com/ZergsLaw/back-template/api/user/v1/user.pb.go:1869.11,1870.24 1 0
github.com/ZergsLaw/back-template/api/user/v1/user.pb.go:1871.11,1872.28 1 0
github.com/ZergsLaw/back-template/api/user/v1/user.pb.go:1873.12,1874.15 1 0
github.com/ZergsLaw/back-template/api/user/v1/user.pb.go:1877.3,1877.77 1 0
github.com/ZergsLaw/back-template/api/user/v1/user.pb.go:1877.77,1878.43 1 0
github.com/ZergsLaw/back-template/api/user/v1/user.pb.go:1879.11,1880.20 1 0
github.com/ZergsLaw/back-template/api/user/v1/user.pb.go:1881.11,1882.24 1 0
github.com/ZergsLaw/back-template/api/user/v1/user.pb.go:1883.11,1884.28 1 0
github.com/ZergsLaw/back-template/api/user/v1/user.pb.go:1885.12,1886.15 1 0
github.com/ZergsLaw/back-template/api/user/v1/user.pb.go:1889.3,1889.78 1 0
github.com/ZergsLaw/back-template/api/user/v1/user.pb.go:1889.78,1890.37 1 0
github.com/ZergsLaw/back-template/api/user/v1/user.pb.go:1891.11,1892.20 1 0
github.com/ZergsLaw/back-template/api/user/v1/user.pb.go:1893.11,1894.24 1 0
github.com/ZergsLaw/back-template/api/user/v1/user.pb.go:1895.11,1896.28 1 0
github.com/ZergsLaw/back-template/api/user/v1/user.pb.go:1897.12,1898.15 1 0
github.com/ZergsLaw/back-template/api/user/v1/user.pb.go:1901.3,1901.78 1 0
github.com/ZergsLaw/back-template/api/user/v1/user.pb.go:1901.78,1902.38 1 0
github.com/ZergsLaw/back-template/api/user/v1/user.pb.go:1903.11,1904.20 1 0
github.com/ZergsLaw/back-template/api/user/v1/user.pb.go:1905.11,1906.24 1 0
github.com/ZergsLaw/back-template/api/user/v1/user.pb.go:1907.11,1908.28 1 0
github.com/ZergsLaw/back-template/api/user/v1/user.pb.go:1909.12,1910.15 1 0
github.com/ZergsLaw/back-template/api/user/v1/user.pb.go:1913.3,1913.78 1 0
github.com/ZergsLaw/back-template/api/user/v1/user.pb.go:1913.78,1914.39 1 0
github.com/ZergsLaw/back-template/api/user/v1/user.pb.go:1915.11,1916.20 1 0
github.com/ZergsLaw/back-template/api/user/v1/user.pb.go:1917.11,1918.24 1 0
github.com/ZergsLaw/back-template/api/user/v1/user.pb.go:1919.11,1920.28 1 0
github.com/ZergsLaw/back-template/api/user/v1/user.pb.go:1921.12,1922.15 1 0
github.com/ZergsLaw/back-template/api/user/v1/user.pb.go:1925.3,1925.78 1 0
github.com/ZergsLaw/back-template/api/user/v1/user.pb.go:1925.78,1926.40 1 0
github.com/ZergsLaw/back-template/api/user/v1/user.pb.go:1927.11,1928.20 1 0
github.com/ZergsLaw/back-template/api/user/v1/user.pb.go:1929.11,1930.24 1 0
github.com/ZergsLaw/back-template/api/user/v1/user.pb.go:1931.11,1932.28 1 0
github.com/ZergsLaw/back-template/api/user/v1/user.pb.go:1933.12,1934.15 1 0
github.com/ZergsLaw/back-template/api/user/v1/user.pb.go:1937.3,1937.78 1 0
github.com/ZergsLaw/back-template/api/user/v1/user.pb.go:1937.78,1938.43 1 0
github.com/ZergsLaw/back-template/api/user/v1/user.pb.go:1939.11,1940.20 1 0
github.com/ZergsLaw/back-template/api/user/v1/user.pb.go:1941.11,1942.24 1 0
github.com/ZergsLaw/back-template/api/user/v1/user.pb.go:1943.11,1944.28 1 0
github.com/ZergsLaw/back-template/api/user/v1/user.pb.go:1945.12,1946.15 1 0
github.com/ZergsLaw/back-template/api/user/v1/user.pb.go:1949.3,1949.78 1 0
github.com/ZergsLaw/back-template/api/user/v1/user.pb.go:1949.78,1950.44 1 0
github.com/ZergsLaw/back-template/api/user/v1/user.pb.go:1951.11,1952.20 1 0
github.com/ZergsLaw/back-template/api/user/v1/user.pb.go:1953.11,1954.24 1 0
github.com/ZergsLaw/back-template/api/user/v1/user.pb.go:1955.11,1956.28 1 0
github.com/ZergsLaw/back-template/api/user/v1/user.pb.go:1957.12,1958.15 1 0
github.com/ZergsLaw/back-template/api/user/v1/user.pb.go:1961.3,1961.78 1 0
github.com/ZergsLaw/back-template/api/user/v1/user.pb.go:1961.78,1962.38 1 0
github.com/ZergsLaw/back-template/api/user/v1/user.pb.go:1963.11,1964.20 1 0
github.com/ZergsLaw/back-template/api/user/v1/user.pb.go:1965.11,1966.24 1 0
github.com/ZergsLaw/back-template/api/user/v1/user.pb.go:1967.11,1968.28 1 0
github.com/ZergsLaw/back-template/api/user/v1/user.pb.go:1969.12,1970.15 1 0
github.com/ZergsLaw/back-template/api/user/v1/user.pb.go:1973.3,1973.78 1 0
github.com/ZergsLaw/back-template/api/user/v1/user.pb.go:1973.78,1974.39 1 0
github.com/ZergsLaw/back-template/api/user/v1/user.pb.go:1975.11,1976.20 1 0
github.com/ZergsLaw/back-template/api/user/v1/user.pb.go:1977.11,1978.24 1 0
github.com/ZergsLaw/back-template/api/user/v1/user.pb.go:1979.11,1980.28 1 0
github.com/ZergsLaw/back-template/api/user/v1/user.pb.go:1981.12,1982.15 1 0
github.com/ZergsLaw/back-template/api/user/v1/user.pb.go:1985.3,1985.78 1 0
github.com/ZergsLaw/back-template/api/user/v1/user.pb.go:1985.78,1986.46 1 0
github.com/ZergsLaw/back-template/api/user/v1/user.pb.go:1987.11,1988.20 1 0
github.com/ZergsLaw/back-template/api/user/v1/user.pb.go:1989.11,1990.24 1 0
github.com/ZergsLaw/back-template/api/user/v1/user.pb.go:1991.11,1992.28 1 0
github.com/ZergsLaw/back-template/api/user/v1/user.pb.go:1993.12,1994.15 1 0
github.com/ZergsLaw/back-template/api/user/v1/user.pb.go:1997.3,1997.78 1 0
github.com/ZergsLaw/back-template/api/user/v1/user.pb.go:1997.78,1998.47 1 0
github.com/ZergsLaw/back-template/api/user/v1/user.pb.go:1999.11,2000.20 1 0
github.com/ZergsLaw/back-template/api/user/v1/user.pb.go:2001.11,2002.24 1 0
github.com/ZergsLaw/back-template/api/user/v1/user.pb.go:2003.11,2004.28 1 0
github.com/ZergsLaw/back-template/api/user/v1/user.pb.go:2005.12,2006.15 1 0
github.com/ZergsLaw/back-template/api/user/v1/user.pb.go:2009.3,2009.78 1 0
github.com/ZergsLaw/back-template/api/user/v1/user.pb.go:2009.78,2010.42 1 0
github.com/ZergsLaw/back-template/api/user/v1/user.pb.go:2011.11,2012.20 1 0
github.com/ZergsLaw/back-template/api/user/v1/user.pb.go:2013.11,2014.24 1 0
github.com/ZergsLaw/back-template/api/user/v1/user.pb.go:2015.11,2016.28 1 0
github.com/ZergsLaw/back-template/api/user/v1/user.pb.go:2017.12,2018.15 1 0
github.com/ZergsLaw/back-template/api/user/v1/user.pb.go:2021.3,2021.78 1 0
github.com/ZergsLaw/back-template/api/user/v1/user.pb.go:2021.78,2022.43 1 0
github.com/ZergsLaw/back-template/api/user/v1/user.pb.go:2023.11,2024.20 1 0
github.com/ZergsLaw/back-template/api/user/v1/user.pb.go:2025.11,2026.24 1 0
github.com/ZergsLaw/back-template/api/user/v1/user.pb.go:2027.11,2028.28 1 0
github.com/ZergsLaw/back-template/api/user/v1/user.pb.go:2029.12,2030.15 1 0
github.com/ZergsLaw/back-template/api/user/v1/user.pb.go:2033.3,2033.78 1 0
github.com/ZergsLaw/back-template/api/user/v1/user.pb.go:2033.78,2034.29 1 0
github.com/ZergsLaw/back-template/api/user/v1/user.pb.go:2035.11,2036.20 1 0
github.com/ZergsLaw/back-template/api/user/v1/user.pb.go:2037.11,2038.24 1 0
github.com/ZergsLaw/back-template/api/user/v1/user.pb.go:2039.11,2040.28 1 0
github.com/ZergsLaw/back-template/api/user/v1/user.pb.go:2041.12,2042.15 1 0
github.com/ZergsLaw/back-template/api/user/v1/user.pb.go:2045.3,2045.78 1 0
github.com/ZergsLaw/back-template/api/user/v1/user.pb.go:2045.78,2046.44 1 0
github.com/ZergsLaw/back-template/api/user/v1/user.pb.go:2047.11,2048.20 1 0
github.com/ZergsLaw/back-template/api/user/v1/user.pb.go:2049.11,2050.24 1 0
github.com/ZergsLaw/back-template/api/user/v1/user.pb.go:2051.11,2052.28 1 0
github.com/ZergsLaw/back-template/api/user/v1/user.pb.go:2053.12,2054.15 1 0
github.com/ZergsLaw/back-template/api/user/v1/user.pb.go:2057.3,2057.78 1 0
github.com/ZergsLaw/back-template/api/user/v1/user.pb.go:2057.78,2058.45 1 0
github.com/ZergsLaw/back-template/api/user/v1/user.pb.go:2059.11,2060.20 1 0
github.com/ZergsLaw/back-template/api/user/v1/user.pb.go:2061.11,2062.24 1 0
github.com/ZergsLaw/back-template/api/user/v1/user.pb.go:2063.11,2064.28 1 0
github.com/ZergsLaw/back-template/api/user/v1/user.pb.go:2065.12,2066.15 1 0
github.com/ZergsLaw/back-template/api/user/v1/user.pb.go:2069.3,2069.78 1 0
github.com/ZergsLaw/back-template/api/user/v1/user.pb.go:2069.78,2070.46 1 0
github.com/ZergsLaw/back-template/api/user/v1/user.pb.go:2071.11,2072.20 1 0
github.com/ZergsLaw/back-template/api/user/v1/user.pb.go:2073.11,2074.24 1 0
github.com/ZergsLaw/back-template/api/user/v1/user.pb.go:2075.11,2076.28 1 0
github.com/ZergsLaw/back-template/api/user/v1/user.pb.go:2077.12,2078.15 1 0
github.com/ZergsLaw/back-template/api/user/v1/user.pb.go:2081.3,2081.78 1 0
github.com/ZergsLaw/back-template/api/user/v1/user.pb.go:2081.78,2082.47 1 0
github.com/ZergsLaw/back-template/api/user/v1/user.pb.go:2083.11,2084.20 1 0
github.com/ZergsLaw/back-template/api/user/v1/user.pb.go:2085.11,2086.24 1 0
github.com/ZergsLaw/back-template/api/user/v1/user.pb.go:2087.11,2088.28 1 0
github.com/ZergsLaw/back-template/api/user/v1/user.pb.go:2089.12,2090.15 1 0
github.com/ZergsLaw/back-template/api/user/v1/user.pb.go:2093.3,2093.78 1 0
github.com/ZergsLaw/back-template/api/user/v1/user.pb.go:2093.78,2094.35 1 0
github.com/ZergsLaw/back-template/api/user/v1/user.pb.go:2095.11,2096.20 1 0
github.com/ZergsLaw/back-template/api/user/v1/user.pb.go:2097.11,2098.24 1 0
github.com/ZergsLaw/back-template/api/user/v1/user.pb.go:2099.11,2100.28 1 0
github.com/ZergsLaw/back-template/api/user/v1/user.pb.go:2101.12,2102.15 1 0
github.com/ZergsLaw/back-template/api/user/v1/user.pb.go:2106.2,2123.43 6 0
github.com/ZergsLaw/back-template/api/user/v1/user.pb.gw.go:38.226,42.40 3 0
github.com/ZergsLaw/back-template/api/user/v1/user.pb.gw.go:42.40,44.3 1 0
github.com/ZergsLaw/back-template/api/user/v1/user.pb.gw.go:45.2,45.121 1 0
github.com/ZergsLaw/back-template/api/user/v1/user.pb.gw.go:45.121,47.3 1 0
github.com/ZergsLaw/back-template/api/user/v1/user.pb.gw.go:49.2,50.27 2 0
github.com/ZergsLaw/back-template/api/user/v1/user.pb.gw.go:54.232,58.40 3 0
github.com/ZergsLaw/back-template/api/user/v1/user.pb.gw.go:58.40,60.3 1 0
github.com/ZergsLaw/back-template/api/user/v1/user.pb.gw.go:61.2,61.121 1 0
github.com/ZergsLaw/back-template/api/user/v1/user.pb.gw.go:61.121,63.3 1 0
github.com/ZergsLaw/back-template/api/user/v1/user.pb.gw.go:65.2,66.27 2 0
github.com/ZergsLaw/back-template/api/user/v1/user.pb.gw.go:74.229,78.40 3 0
github.com/ZergsLaw/back-template/api/user/v1/user.pb.gw.go:78.40,80.3 1 0
github.com/ZergsLaw/back-template/api/user/v1/user.pb.gw.go:81.2,81.124 1 0
github.com/ZergsLaw/back-template/api/user/v1/user.pb.gw.go:81.124,83.3 1 0
github.com/ZergsLaw/back-template/api/user/v1/user.pb.gw.go:85.2,86.27 2 0
github.com/ZergsLaw/back-template/api/user/v1/user.pb.gw.go:90.235,94.40 3 0
github.com/ZergsLaw/back-template/api/user/v1/user.pb.gw.go:94.40,96.3 1 0
github.com/ZergsLaw/back-template/api/user/v1/user.pb.gw.go:97.2,97.124 1 0
github.com/ZergsLaw/back-template/api/user/v1/user.pb.gw.go:97.124,99.3 1 0
github.com/ZergsLaw/back-template/api/user/v1/user.pb.gw.go:101.2,102.27 2 0
github.com/ZergsLaw/back-template/api/user/v1/user.pb.gw.go:106.219,110.90 3 0
github.com/ZergsLaw/back-template/api/user/v1/user.pb.gw.go:110.90,112.3 1 0
github.com/ZergsLaw/back-template/api/user/v1/user.pb.gw.go:114.2,115.27 2 0
github.com/ZergsLaw/back-template/api/user/v1/user.pb.gw.go:119.225,123.90 3 0
github.com/ZergsLaw/back-template/api/user/v1/user.pb.gw.go:123.90,125.3 1 0
github.com/ZergsLaw/back-template/api/user/v1/user.pb.gw.go:127.2,128.27 2 0
github.com/ZergsLaw/back-template/api/user/v1/user.pb.gw.go:132.214,136.90 3 0
github.com/ZergsLaw/back-template/api/user/v1/user.pb.gw.go:136.90,138.3 1 0
github.com/ZergsLaw/back-template/api/user/v1/user.pb.gw.go:140.2,141.27 2 0
github.com/ZergsLaw/back-template/api/user/v1/user.pb.gw.go:145.220,149.90 3 0
github.com/ZergsLaw/back-template/api/user/v1/user.pb.gw.go:149.90,151.3 1 0
github.com/ZergsLaw/back-template/api/user/v1/user.pb.gw.go:153.2,154.27 2 0
github.com/ZergsLaw/back-template/api/user/v1/user.pb.gw.go:158.215,165.2 4 0
github.com/ZergsLaw/back-template/api/user/v1/user.pb.gw.go:167.221,174.2 4 0
github.com/ZergsLaw/back-template/api/user/v1/user.pb.gw.go:180.216,184.40 3 0
github.com/ZergsLaw/back-template/api/user/v1/user.pb.gw.go:184.40,186.3 1 0
github.com/ZergsLaw/back-template/api/user/v1/user.pb.gw.go:187.2,187.111 1 0
github.com/ZergsLaw/back-template/api/user/v1/user.pb.gw.go:187.111,189.3 1 0
github.com/ZergsLaw/back-template/api/user/v1/user.pb.gw.go:191.2,192.27 2 0
github.com/ZergsLaw/back-template/api/user/v1/user.pb.gw.go:196.222,200.40 3 0
github.com/ZergsLaw/back-template/api/user/v1/user.pb.gw.go:200.40,202.3 1 0
github.com/ZergsLaw/back-template/api/user/v1/user.pb.gw.go:203.2,203.111 1 0
github.com/ZergsLaw/back-template/api/user/v1/user.pb.gw.go:203.111,205.3 1 0
github.com/ZergsLaw/back-template/api/user/v1/user.pb.gw.go:207.2,208.27 2 0
github.com/ZergsLaw/back-template/api/user/v1/user.pb.gw.go:216.220,220.40 3 0
github.com/ZergsLaw/back-template/api/user/v1/user.pb.gw.go:220.40,222.3 1 0
github.com/ZergsLaw/back-template/api/user/v1/user.pb.gw.go:223.2,223.115 1 0
github.com/ZergsLaw/back-template/api/user/v1/user.pb.gw.go:223.115,225.3 1 0
github.com/ZergsLaw/back-template/api/user/v1/user.pb.gw.go:227.2,228.27 2 0
github.com/ZergsLaw/back-template/api/user/v1/user.pb.gw.go:232.226,236.40 3 0
github.com/ZergsLaw/back-template/api/user/v1/user.pb.gw.go:236.40,238.3 1 0
github.com/ZergsLaw/back-template/api/user/v1/user.pb.gw.go:239.2,239.115 1 0
github.com/ZergsLaw/back-template/api/user/v1/user.pb.gw.go:239.115,241.3 1 0
github.com/ZergsLaw/back-template/api/user/v1/user.pb.gw.go:243.2,244.27 2 0
github.com/ZergsLaw/back-template/api/user/v1/user.pb.gw.go:248.223,252.90 3 0
github.com/ZergsLaw/back-template/api/user/v1/user.pb.gw.go:252.90,254.3 1 0
github.com/ZergsLaw/back-template/api/user/v1/user.pb.gw.go:256.2,257.27 2 0
github.com/ZergsLaw/back-template/api/user/v1/user.pb.gw.go:261.229,265.90 3 0
github.com/ZergsLaw/back-template/api/user/v1/user.pb.gw.go:265.90,267.3 1 0
github.com/ZergsLaw/back-template/api/user/v1/user.pb.gw.go:269.2,270.27 2 0
github.com/ZergsLaw/back-template/api/user/v1/user.pb.gw.go:274.219,278.90 3 0
github.com/ZergsLaw/back-template/api/user/v1/user.pb.gw.go:278.90,280.3 1 0
github.com/ZergsLaw/back-template/api/user/v1/user.pb.gw.go:282.2,283.27 2 0
github.com/ZergsLaw/back-template/api/user/v1/user.pb.gw.go:287.225,291.90 3 0
github.com/ZergsLaw/back-template/api/user/v1/user.pb.gw.go:291.90,293.3 1 0
github.com/ZergsLaw/back-template/api/user/v1/user.pb.gw.go:295.2,296.27 2 0
github.com/ZergsLaw/back-template/api/user/v1/user.pb.gw.go:304.221,308.40 3 0
github.com/ZergsLaw/back-template/api/user/v1/user.pb.gw.go:308.40,310.3 1 0
github.com/ZergsLaw/back-template/api/user/v1/user.pb.gw.go:311.2,311.116 1 0
github.com/ZergsLaw/back-template/api/user/v1/user.pb.gw.go:311.116,313.3 1 0
github.com/ZergsLaw/back-template/api/user/v1/user.pb.gw.go:315.2,316.27 2 0
github.com/ZergsLaw/back-template/api/user/v1/user.pb.gw.go:320.227,324.40 3 0
github.com/ZergsLaw/back-template/api/user/v1/user.pb.gw.go:324.40,326.3 1 0
github.com/ZergsLaw/back-template/api/user/v1/user.pb.gw.go:327.2,327.116 1 0
github.com/ZergsLaw/back-template/api/user/v1/user.pb.gw.go:327.116,329.3 1 0
github.com/ZergsLaw/back-template/api/user/v1/user.pb.gw.go:331.2,332.27 2 0
github.com/ZergsLaw/back-template/api/user/v1/user.pb.gw.go:340.223,344.40 3 0
github.com/ZergsLaw/back-template/api/user/v1/user.pb.gw.go:344.40,346.3 1 0
github.com/ZergsLaw/back-template/api/user/v1/user.pb.gw.go:347.2,347.118 1 0
github.com/ZergsLaw/back-template/api/user/v1/user.pb.gw.go:347.118,349.3 1 0
github.com/ZergsLaw/back-template/api/user/v1/user.pb.gw.go:351.2,352.27 2 0
github.com/ZergsLaw/back-template/api/user/v1/user.pb.gw.go:356.229,360.40 3 0
github.com/ZergsLaw/back-template/api/user/v1/user.pb.gw.go:360.40,362.3 1 0
github.com/ZergsLaw/back-template/api/user/v1/user.pb.gw.go:363.2,363.118 1 0
github.com/ZergsLaw/back-template/api/user/v1/user.pb.gw.go:363.118,365.3 1 0
github.com/ZergsLaw/back-template/api/user/v1/user.pb.gw.go:367.2,368.27 2 0
github.com/ZergsLaw/back-template/api/user/v1/user.pb.gw.go:376.222,380.40 3 0
github.com/ZergsLaw/back-template/api/user/v1/user.pb.gw.go:380.40,382.3 1 0
github.com/ZergsLaw/back-template/api/user/v1/user.pb.gw.go:383.2,383.117 1 0
github.com/ZergsLaw/back-template/api/user/v1/user.pb.gw.go:383.117,385.3 1 0
github.com/ZergsLaw/back-template/api/user/v1/user.pb.gw.go:387.2,388.27 2 0
github.com/ZergsLaw/back-template/api/user/v1/user.pb.gw.go:392.228,396.40 3 0
github.com/ZergsLaw/back-template/api/user/v1/user.pb.gw.go:396.40,398.3 1 0
github.com/ZergsLaw/back-template/api/user/v1/user.pb.gw.go:399.2,399.117 1 0
github.com/ZergsLaw/back-template/api/user/v1/user.pb.gw.go:399.117,401.3 1 0
github.com/ZergsLaw/back-template/api/user/v1/user.pb.gw.go:403.2,404.27 2 0
github.com/ZergsLaw/back-template/api/user/v1/user.pb.gw.go:408.218,412.90 3 0
github.com/ZergsLaw/back-template/api/user/v1/user.pb.gw.go:412.90,414.3 1 0
github.com/ZergsLaw/back-template/api/user/v1/user.pb.gw.go:416.2,417.27 2 0
github.com/ZergsLaw/back-template/api/user/v1/user.pb.gw.go:421.224,425.90 3 0
github.com/ZergsLaw/back-template/api/user/v1/user.pb.gw.go:425.90,427.3 1 0
github.com/ZergsLaw/back-template/api/user/v1/user.pb.gw.go:429.2,430.27 2 0
github.com/ZergsLaw/back-template/api/user/v1/user.pb.gw.go:439.123,441.142 1 0
github.com/ZergsLaw/back-template/api/user/v1/user.pb.gw.go:441.142,450.17 9 0
github.com/ZergsLaw/back-template/api/user/v1/user.pb.gw.go:450.17,453.4 2 0
github.com/ZergsLaw/back-template/api/user/v1/user.pb.gw.go:454.3,457.17 4 0
github.com/ZergsLaw/back-template/api/user/v1/user.pb.gw.go:457.17,460.4 2 0
github.com/ZergsLaw/back-template/api/user/v1/user.pb.gw.go:462.3,462.138 1 0
github.com/ZergsLaw/back-template/api/user/v1/user.pb.gw.go:466.2,466.145 1 0
github.com/ZergsLaw/back-template/api/user/v1/user.pb.gw.go:466.145,475.17 9 0
github.com/ZergsLaw/back-template/api/user/v1/user.pb.gw.go:475.17,478.4 2 0
github.com/ZergsLaw/back-template/api/user/v1/user.pb.gw.go:479.3,482.17 4 0
github.com/ZergsLaw/back-template/api/user/v1/user.pb.gw.go:482.17,485.4 2 0
github.com/ZergsLaw/back-template/api/user/v1/user.pb.gw.go:487.3,487.141 1 0
github.com/ZergsLaw/back-template/api/user/v1/user.pb.gw.go:491.2,491.136 1 0
github.com/ZergsLaw/back-template/api/user/v1/user.pb.gw.go:491.136,500.17 9 0
github.com/ZergsLaw/back-template/api/user/v1/user.pb.gw.go:500.17,503.4 2 0
github.com/ZergsLaw/back-template/api/user/v1/user.pb.gw.go:504.3,507.17 4 0
github.com/ZergsLaw/back-template/api/user/v1/user.pb.gw.go:507.17,510.4 2 0
github.com/ZergsLaw/back-template/api/user/v1/user.pb.gw.go:512.3,512.131 1 0
github.com/ZergsLaw/back-template/api/user/v1/user.pb.gw.go:516.2,516.131 1 0
github.com/ZergsLaw/back-template/api/user/v1/user.pb.gw.go:516.131,525.17 9 0
github.com/ZergsLaw/back-template/api/user/v1/user.pb.gw.go:525.17,528.4 2 0
github.com/ZergsLaw/back-template/api/user/v1/user.pb.gw.go:529.3,532.17 4 0
github.com/ZergsLaw/back-template/api/user/v1/user.pb.gw.go:532.17,535.4 2 0
github.com/ZergsLaw/back-template/api/user/v1/user.pb.gw.go:537.3,537.126 1 0
github.com/ZergsLaw/back-template/api/user/v1/user.pb.gw.go:541.2,541.134 1 0
github.com/ZergsLaw/back-template/api/user/v1/user.pb.gw.go:541.134,550.17 9 0
github.com/ZergsLaw/back-template/api/user/v1/user.pb.gw.go:550.17,553.4 2 0
github.com/ZergsLaw/back-template/api/user/v1/user.pb.gw.go:554.3,557.17 4 0
github.com/ZergsLaw/back-template/api/user/v1/user.pb.gw.go:557.17,560.4 2 0
github.com/ZergsLaw/back-template/api/user/v1/user.pb.gw.go:562.3,562.127 1 0
github.com/ZergsLaw/back-template/api/user/v1/user.pb.gw.go:566.2,566.132 1 0
github.com/ZergsLaw/back-template/api/user/v1/user.pb.gw.go:566.132,575.17 9 0
github.com/ZergsLaw/back-template/api/user/v1/user.pb.gw.go:575.17,578.4 2 0
github.com/ZergsLaw/back-template/api/user/v1/user.pb.gw.go:579.3,582.17 4 0
github.com/ZergsLaw/back-template/api/user/v1/user.pb.gw.go:582.17,585.4 2 0
github.com/ZergsLaw/back-template/api/user/v1/user.pb.gw.go:587.3,587.128 1 0
github.com/ZergsLaw/back-template/api/user/v1/user.pb.gw.go:591.2,591.136 1 0
github.com/ZergsLaw/back-template/api/user/v1/user.pb.gw.go:591.136,600.17 9 0
github.com/ZergsLaw/back-template/api/user/v1/user.pb.gw.go:600.17,603.4 2 0
github.com/ZergsLaw/back-template/api/user/v1/user.pb.gw.go:604.3,607.17 4 0
github.com/ZergsLaw/back-template/api/user/v1/user.pb.gw.go:607.17,610.4 2 0
github.com/ZergsLaw/back-template/api/user/v1/user.pb.gw.go:612.3,612.132 1 0
github.com/ZergsLaw/back-template/api/user/v1/user.pb.gw.go:616.2,616.141 1 0
github.com/ZergsLaw/back-template/api/user/v1/user.pb.gw.go:616.141,625.17 9 0
github.com/ZergsLaw/back-template/api/user/v1/user.pb.gw.go:625.17,628.4 2 0
github.com/ZergsLaw/back-template/api/user/v1/user.pb.gw.go:629.3,632.17 4 0
github.com/ZergsLaw/back-template/api/user/v1/user.pb.gw.go:632.17,635.4 2 0
github.com/ZergsLaw/back-template/api/user/v1/user.pb.gw.go:637.3,637.135 1 0
github.com/ZergsLaw/back-template/api/user/v1/user.pb.gw.go:641.2,641.135 1 0
github.com/ZergsLaw/back-template/api/user/v1/user.pb.gw.go:641.135,650.17 9 0
github.com/ZergsLaw/back-template/api/user/v1/user.pb.gw.go:650.17,653.4 2 0
github.com/ZergsLaw/back-template/api/user/v1/user.pb.gw.go:654.3,657.17 4 0
github.com/ZergsLaw/back-template/api/user/v1/user.pb.gw.go:657.17,660.4 2 0
github.com/ZergsLaw/back-template/api/user/v1/user.pb.gw.go:662.3,662.131 1 0
github.com/ZergsLaw/back-template/api/user/v1/user.pb.gw.go:666.2,666.140 1 0
github.com/ZergsLaw/back-template/api/user/v1/user.pb.gw.go:666.140,675.17 9 0
github.com/ZergsLaw/back-template/api/user/v1/user.pb.gw.go:675.17,678.4 2 0
github.com/ZergsLaw/back-template/api/user/v1/user.pb.gw.go:679.3,682.17 4 0
github.com/ZergsLaw/back-template/api/user/v1/user.pb.gw.go:682.17,685.4 2 0
github.com/ZergsLaw/back-template/api/user/v1/user.pb.gw.go:687.3,687.133 1 0
github.com/ZergsLaw/back-template/api/user/v1/user.pb.gw.go:691.2,691.139 1 0
github.com/ZergsLaw/back-template/api/user/v1/user.pb.gw.go:691.139,700.17 9 0
github.com/ZergsLaw/back-template/api/user/v1/user.pb.gw.go:700.17,703.4 2 0
github.com/ZergsLaw/back-template/api/user/v1/user.pb.gw.go:704.3,707.17 4 0
github.com/ZergsLaw/back-template/api/user/v1/user.pb.gw.go:707.17,710.4 2 0
github.com/ZergsLaw/back-template/api/user/v1/user.pb.gw.go:712.3,712.135 1 0
github.com/ZergsLaw/back-template/api/user/v1/user.pb.gw.go:716.2,716.138 1 0
github.com/ZergsLaw/back-template/api/user/v1/user.pb.gw.go:716.138,725.17 9 0
github.com/ZergsLaw/back-template/api/user/v1/user.pb.gw.go:725.17,728.4 2 0
github.com/ZergsLaw/back-template/api/user/v1/user.pb.gw.go:729.3,732.17 4 0
github.com/ZergsLaw/back-template/api/user/v1/user.pb.gw.go:732.17,735.4 2 0
github.com/ZergsLaw/back-template/api/user/v1/user.pb.gw.go:737.3,737.134 1 0
github.com/ZergsLaw/back-template/api/user/v1/user.pb.gw.go:741.2,741.135 1 0
github.com/ZergsLaw/back-template/api/user/v1/user.pb.gw.go:741.135,750.17 9 0
github.com/ZergsLaw/back-template/api/user/v1/user.pb.gw.go:750.17,753.4 2 0
github.com/ZergsLaw/back-template/api/user/v1/user.pb.gw.go:754.3,757.17 4 0
github.com/ZergsLaw/back-template/api/user/v1/user.pb.gw.go:757.17,760.4 2 0
github.com/ZergsLaw/back-template/api/user/v1/user.pb.gw.go:762.3,762.130 1 0
github.com/ZergsLaw/back-template/api/user/v1/user.pb.gw.go:766.2,766.12 1 0
github.com/ZergsLaw/back-template/api/user/v1/user.pb.gw.go:771.146,773.16 2 0
github.com/ZergsLaw/back-template/api/user/v1/user.pb.gw.go:773.16,775.3 1 0
github.com/ZergsLaw/back-template/api/user/v1/user.pb.gw.go:776.2,776.15 1 0
github.com/ZergsLaw/back-template/api/user/v1/user.pb.gw.go:776.15,777.17 1 0
github.com/ZergsLaw/back-template/api/user/v1/user.pb.gw.go:777.17,778.41 1 0
github.com/ZergsLaw/back-template/api/user/v1/user.pb.gw.go:778.41,780.5 1 0
github.com/ZergsLaw/back-template/api/user/v1/user.pb.gw.go:781.4,781.10 1 0
github.com/ZergsLaw/back-template/api/user/v1/user.pb.gw.go:783.3,783.13 1 0
github.com/ZergsLaw/back-template/api/user/v1/user.pb.gw.go:783.13,785.41 2 0
github.com/ZergsLaw/back-template/api/user/v1/user.pb.gw.go:785.41,787.5 1 0
github.com/ZergsLaw/back-template/api/user/v1/user.pb.gw.go:791.2,791.55 1 0
github.com/ZergsLaw/back-template/api/user/v1/user.pb.gw.go:796.110,798.2 1 0
github.com/ZergsLaw/back-template/api/user/v1/user.pb.gw.go:805.123,807.142 1 0
github.com/ZergsLaw/back-template/api/user/v1/user.pb.gw.go:807.142,814.17 7 0
github.com/ZergsLaw/back-template/api/user/v1/user.pb.gw.go:814.17,817.4 2 0
github.com/ZergsLaw/back-template/api/user/v1/user.pb.gw.go:818.3,820.17 3 0
github.com/ZergsLaw/back-template/api/user/v1/user.pb.gw.go:820.17,823.4 2 0
github.com/ZergsLaw/back-template/api/user/v1/user.pb.gw.go:825.3,825.138 1 0
github.com/ZergsLaw/back-template/api/user/v1/user.pb.gw.go:829.2,829.145 1 0
github.com/ZergsLaw/back-template/api/user/v1/user.pb.gw.go:829.145,836.17 7 0
github.com/ZergsLaw/back-template/api/user/v1/user.pb.gw.go:836.17,839.4 2 0
github.com/ZergsLaw/back-template/api/user/v1/user.pb.gw.go:840.3,842.17 3 0
github.com/ZergsLaw/back-template/api/user/v1/user.pb.gw.go:842.17,845.4 2 0
github.com/ZergsLaw/back-template/api/user/v1/user.pb.gw.go:847.3,847.141 1 0
github.com/ZergsLaw/back-template/api/user/v1/user.pb.gw.go:851.2,851.136 1 0
github.com/ZergsLaw/back-template/api/user/v1/user.pb.gw.go:851.136,858.17 7 0
github.com/ZergsLaw/back-template/api/user/v1/user.pb.gw.go:858.17,861.4 2 0
github.com/ZergsLaw/back-template/api/user/v1/user.pb.gw.go:862.3,864.17 3 0
github.com/ZergsLaw/back-template/api/user/v1/user.pb.gw.go:864.17,867.4 2 0
github.com/ZergsLaw/back-template/api/user/v1/user.pb.gw.go:869.3,869.131 1 0
github.com/ZergsLaw/back-template/api/user/v1/user.pb.gw.go:873.2,873.131 1 0
github.com/ZergsLaw/back-template/api/user/v1/user.pb.gw.go:873.131,880.17 7 0
github.com/ZergsLaw/back-template/api/user/v1/user.pb.gw.go:880.17,883.4 2 0
github.com/ZergsLaw/back-template/api/user/v1/user.pb.gw.go:884.3,886.17 3 0
github.com/ZergsLaw/back-template/api/user/v1/user.pb.gw.go:886.17,889.4 2 0
github.com/ZergsLaw/back-template/api/user/v1/user.pb.gw.go:891.3,891.126 1 0
github.com/ZergsLaw/back-template/api/user/v1/user.pb.gw.go:895.2,895.134 1 0
github.com/ZergsLaw/back-template/api/user/v1/user.pb.gw.go:895.134,902.17 7 0
github.com/ZergsLaw/back-template/api/user/v1/user.pb.gw.go:902.17,905.4 2 0
github.com/ZergsLaw/back-template/api/user/v1/user.pb.gw.go:906.3,908.17 3 0
github.com/ZergsLaw/back-template/api/user/v1/user.pb.gw.go:908.17,911.4 2 0
github.com/ZergsLaw/back-template/api/user/v1/user.pb.gw.go:913.3,913.127 1 0
github.com/ZergsLaw/back-template/api/user/v1/user.pb.gw.go:917.2,917.132 1 0
github.com/ZergsLaw/back-template/api/user/v1/user.pb.gw.go:917.132,924.17 7 0
github.com/ZergsLaw/back-template/api/user/v1/user.pb.gw.go:924.17,927.4 2 0
github.com/ZergsLaw/back-template/api/user/v1/user.pb.gw.go:928.3,930.17 3 0
github.com/ZergsLaw/back-template/api/user/v1/user.pb.gw.go:930.17,933.4 2 0
github.com/ZergsLaw/back-template/api/user/v1/user.pb.gw.go:935.3,935.128 1 0
github.com/ZergsLaw/back-template/api/user/v1/user.pb.gw.go:939.2,939.136 1 0
github.com/ZergsLaw/back-template/api/user/v1/user.pb.gw.go:939.136,946.17 7 0
github.com/ZergsLaw/back-template/api/user/v1/user.pb.gw.go:946.17,949.4 2 0
github.com/ZergsLaw/back-template/api/user/v1/user.pb.gw.go:950.3,952.17 3 0
github.com/ZergsLaw/back-template/api/user/v1/user.pb.gw.go:952.17,955.4 2 0
github.com/ZergsLaw/back-template/api/user/v1/user.pb.gw.go:957.3,957.132 1 0
github.com/ZergsLaw/back-template/api/user/v1/user.pb.gw.go:961.2,961.141 1 0
github.com/ZergsLaw/back-template/api/user/v1/user.pb.gw.go:961.141,968.17 7 0
github.com/ZergsLaw/back-template/api/user/v1/user.pb.gw.go:968.17,971.4 2 0
github.com/ZergsLaw/back-template/api/user/v1/user.pb.gw.go:972.3,974.17 3 0
github.com/ZergsLaw/back-template/api/user/v1/user.pb.gw.go:974.17,977.4 2 0
github.com/ZergsLaw/back-template/api/user/v1/user.pb.gw.go:979.3,979.135 1 0
github.com/ZergsLaw/back-template/api/user/v1/user.pb.gw.go:983.2,983.135 1 0
github.com/ZergsLaw/back-template/api/user/v1/user.pb.gw.go:983.135,990.17 7 0
github.com/ZergsLaw/back-template/api/user/v1/user.pb.gw.go:990.17,993.4 2 0
github.com/ZergsLaw/back-template/api/user/v1/user.pb.gw.go:994.3,996.17 3 0
github.com/ZergsLaw/back-template/api/user/v1/user.pb.gw.go:996.17,999.4 2 0
github.com/ZergsLaw/back-template/api/user/v1/user.pb.gw.go:1001.3,1001.131 1 0
github.com/ZergsLaw/back-template/api/user/v1/user.pb.gw.go:1005.2,1005.140 1 0
github.com/ZergsLaw/back-template/api/user/v1/user.pb.gw.go:1005.140,1012.17 7 0
github.com/ZergsLaw/back-template/api/user/v1/user.pb.gw.go:1012.17,1015.4 2 0
github.com/ZergsLaw/back-template/api/user/v1/user.pb.gw.go:1016.3,1018.17 3 0
github.com/ZergsLaw/back-template/api/user/v1/user.pb.gw.go:1018.17,1021.4 2 0
github.com/ZergsLaw/back-template/api/user/v1/user.pb.gw.go:1023.3,1023.133 1 0
github.com/ZergsLaw/back-template/api/user/v1/user.pb.gw.go:1027.2,1027.139 1 0
github.com/ZergsLaw/back-template/api/user/v1/user.pb.gw.go:1027.139,1034.17 7 0
github.com/ZergsLaw/back-template/api/user/v1/user.pb.gw.go:1034.17,1037.4 2 0
github.com/ZergsLaw/back-template/api/user/v1/user.pb.gw.go:1038.3,1040.17 3 0
github.com/ZergsLaw/back-template/api/user/v1/user.pb.gw.go:1040.17,1043.4 2 0
github.com/ZergsLaw/back-template/api/user/v1/user.pb.gw.go:1045.3,1045.135 1 0
github.com/ZergsLaw/back-template/api/user/v1/user.pb.gw.go:1049.2,1049.138 1 0
github.com/ZergsLaw/back-template/api/user/v1/user.pb.gw.go:1049.138,1056.17 7 0
github.com/ZergsLaw/back-template/api/user/v1/user.pb.gw.go:1056.17,1059.4 2 0
github.com/ZergsLaw/back-template/api/user/v1/user.pb.gw.go:1060.3,1062.17 3 0
github.com/ZergsLaw/back-template/api/user/v1/user.pb.gw.go:1062.17,1065.4 2 0
github.com/ZergsLaw/back-template/api/user/v1/user.pb.gw.go:1067.3,1067.134 1 0
github.com/ZergsLaw/back-template/api/user/v1/user.pb.gw.go:1071.2,1071.135 1 0
github.com/ZergsLaw/back-template/api/user/v1/user.pb.gw.go:1071.135,1078.17 7 0
github.com/ZergsLaw/back-template/api/user/v1/user.pb.gw.go:1078.17,1081.4 2 0
github.com/ZergsLaw/back-template/api/user/v1/user.pb.gw.go:1082.3,1084.17 3 0
github.com/ZergsLaw/back-template/api/user/v1/user.pb.gw.go:1084.17,1087.4 2 0
github.com/ZergsLaw/back-template/api/user/v1/user.pb.gw.go:1089.3,1089.130 1 0
github.com/ZergsLaw/back-template/api/user/v1/user.pb.gw.go:1093.2,1093.12 1 0
github.com/ZergsLaw/back-template/api/user/v1/user.pb.validate.go:48.45,50.2 1 0
github.com/ZergsLaw/back-template/api/user/v1/user.pb.validate.go:56.48,58.2 1 0
github.com/ZergsLaw/back-template/api/user/v1/user.pb.validate.go:60.53,61.14 1 0
github.com/ZergsLaw/back-template/api/user/v1/user.pb.validate.go:61.14,63.3 1 0
github.com/ZergsLaw/back-template/api/user/v1/user.pb.validate.go:65.2,67.55 2 0
github.com/ZergsLaw/back-template/api/user/v1/user.pb.validate.go:67.55,73.11 2 0
github.com/ZergsLaw/back-template/api/user/v1/user.pb.validate.go:73.11,75.4 1 0
github.com/ZergsLaw/back-template/api/user/v1/user.pb.validate.go:76.3,76.31 1 0
github.com/ZergsLaw/back-template/api/user/v1/user.pb.validate.go:79.2,79.21 1 0
github.com/ZergsLaw/back-template/api/user/v1/user.pb.validate.go:79.21,81.3 1 0
github.com/ZergsLaw/back-template/api/user/v1/user.pb.validate.go:83.2,83.12 1 0
github.com/ZergsLaw/back-template/api/user/v1/user.pb.validate.go:86.61,87.62 1 0
github.com/ZergsLaw/back-template/api/user/v1/user.pb.validate.go:87.62,89.3 1 0
github.com/ZergsLaw/back-template/api/user/v1/user.pb.validate.go:91.2,91.12 1 0
github.com/ZergsLaw/back-template/api/user/v1/user.pb.validate.go:100.52,102.24 2 0
github.com/ZergsLaw/back-template/api/user/v1/user.pb.validate.go:102.24,104.3 1 0
github.com/ZergsLaw/back-template/api/user/v1/user.pb.validate.go:105.2,105.33 1 0
github.com/ZergsLaw/back-template/api/user/v1/user.pb.validate.go:109.57,109.69 1 0
github.com/ZergsLaw/back-template/api/user/v1/user.pb.validate.go:121.57,121.75 1 0
github.com/ZergsLaw/back-template/api/user/v1/user.pb.validate.go:124.58,124.77 1 0
github.com/ZergsLaw/back-template/api/user/v1/user.pb.validate.go:127.56,127.74 1 0
github.com/ZergsLaw/back-template/api/user/v1/user.pb.validate.go:130.53,130.69 1 0
github.com/ZergsLaw/back-template/api/user/v1/user.pb.validate.go:133.61,133.105 1 0
github.com/ZergsLaw/back-template/api/user/v1/user.pb.validate.go:136.57,138.20 2 0
github.com/ZergsLaw/back-template/api/user/v1/user.pb.validate.go:138.20,140.3 1 0
github.com/ZergsLaw/back-template/api/user/v1/user.pb.validate.go:142.2,143.11 2 0
github.com/ZergsLaw/back-template/api/user/v1/user.pb.validate.go:143.11,145.3 1 0
github.com/ZergsLaw/back-template/api/user/v1/user.pb.validate.go:147.2,152.9 1 0
github.com/ZergsLaw/back-template/api/user/v1/user.pb.validate.go:168.46,170.2 1 0
github.com/ZergsLaw/back-template/api/user/v1/user.pb.validate.go:176.49,178.2 1 0
github.com/ZergsLaw/back-template/api/user/v1/user.pb.validate.go:180.54,181.14 1 0
github.com/ZergsLaw/back-template/api/user/v1/user.pb.validate.go:181.14,183.3 1 0
github.com/ZergsLaw/back-template/api/user/v1/user.pb.validate.go:185.2,187.21 2 0
github.com/ZergsLaw/back-template/api/user/v1/user.pb.validate.go:187.21,189.3 1 0
github.com/ZergsLaw/back-template/api/user/v1/user.pb.validate.go:191.2,191.12 1 0
github.com/ZergsLaw/back-template/api/user/v1/user.pb.validate.go:200.53,202.24 2 0
github.com/ZergsLaw/back-template/api/user/v1/user.pb.validate.go:202.24,204.3 1 0
github.com/ZergsLaw/back-template/api/user/v1/user.pb.validate.go:205.2,205.33 1 0
github.com/ZergsLaw/back-template/api/user/v1/user.pb.validate.go:209.58,209.70 1 0
github.com/ZergsLaw/back-template/api/user/v1/user.pb.validate.go:221.58,221.76 1 0
github.com/ZergsLaw/back-template/api/user/v1/user.pb.validate.go:224.59,224.78 1 0
github.com/ZergsLaw/back-template/api/user/v1/user.pb.validate.go:227.57,227.75 1 0
github.com/ZergsLaw/back-template/api/user/v1/user.pb.validate.go:230.54,230.70 1 0
github.com/ZergsLaw/back-template/api/user/v1/user.pb.validate.go:233.62,235.2 1 0
github.com/ZergsLaw/back-template/api/user/v1/user.pb.validate.go:238.58,240.20 2 0
github.com/ZergsLaw/back-template/api/user/v1/user.pb.validate.go:240.20,242.3 1 0
[...]
github.com/ZergsLaw/back-template/cmd/user/main.go:175.49,185.2 1 0
github.com/ZergsLaw/back-template/cmd/user/main.go:187.41,196.2 6 0
github.com/ZergsLaw/back-template/cmd/user/main.go:198.34,199.9 1 0
github.com/ZergsLaw/back-template/cmd/user/main.go:200.39,201.25 1 0
github.com/ZergsLaw/back-template/cmd/user/main.go:202.46,203.32 1 0
github.com/ZergsLaw/back-template/cmd/user/main.go:204.10,205.13 1 0
github.com/ZergsLaw/back-template/cmd/user/main.go:214.36,216.2 1 2
github.com/ZergsLaw/back-template/cmd/user/internal/session/context.go:11.76,13.2 1 12
github.com/ZergsLaw/back-template/cmd/user/internal/session/context.go:16.52,18.9 2 12
github.com/ZergsLaw/back-template/cmd/user/internal/session/context.go:18.9,20.3 1 0
github.com/ZergsLaw/back-template/cmd/user/internal/session/context.go:22.2,22.10 1 12
github.com/ZergsLaw/back-template/internal/flags/file.go:22.32,24.2 1 0
github.com/ZergsLaw/back-template/internal/flags/file.go:27.36,29.16 2 0
github.com/ZergsLaw/back-template/internal/flags/file.go:29.16,31.3 1 0
github.com/ZergsLaw/back-template/internal/flags/file.go:32.2,35.16 3 0
github.com/ZergsLaw/back-template/internal/flags/file.go:35.16,37.3 1 0
github.com/ZergsLaw/back-template/internal/flags/file.go:39.2,40.12 2 0
github.com/ZergsLaw/back-template/internal/flags/file.go:44.50,46.2 1 0
github.com/ZergsLaw/back-template/internal/flags/level.go:16.33,18.2 1 0
github.com/ZergsLaw/back-template/internal/flags/level.go:21.37,23.2 1 0
github.com/ZergsLaw/back-template/internal/grpchelper/client.go:24.29,66.2 6 2
github.com/ZergsLaw/back-template/internal/grpchelper/grpc_codes.go:16.106,22.25 1 1
github.com/ZergsLaw/back-template/internal/grpchelper/grpc_codes.go:22.25,24.17 2 15
github.com/ZergsLaw/back-template/internal/grpchelper/grpc_codes.go:24.17,26.4 1 0
github.com/ZergsLaw/back-template/internal/grpchelper/grpc_codes.go:28.3,28.19 1 15
github.com/ZergsLaw/back-template/internal/grpchelper/grpc_codes.go:33.108,39.10 1 1
github.com/ZergsLaw/back-template/internal/grpchelper/grpc_codes.go:39.10,41.17 2 0
github.com/ZergsLaw/back-template/internal/grpchelper/grpc_codes.go:41.17,43.4 1 0
github.com/ZergsLaw/back-template/internal/grpchelper/grpc_codes.go:45.3,45.13 1 0
github.com/ZergsLaw/back-template/internal/grpchelper/grpc_logs.go:15.90,16.56 1 2
github.com/ZergsLaw/back-template/internal/grpchelper/grpc_logs.go:16.56,25.3 4 0
github.com/ZergsLaw/back-template/internal/grpchelper/grpc_logs.go:28.55,29.100 1 6
github.com/ZergsLaw/back-template/internal/grpchelper/grpc_logs.go:29.100,30.14 1 90
github.com/ZergsLaw/back-template/internal/grpchelper/grpc_logs.go:31.27,32.27 1 30
github.com/ZergsLaw/back-template/internal/grpchelper/grpc_logs.go:33.26,34.26 1 60
github.com/ZergsLaw/back-template/internal/grpchelper/grpc_logs.go:35.26,36.26 1 0
github.com/ZergsLaw/back-template/internal/grpchelper/grpc_logs.go:37.27,38.27 1 0
github.com/ZergsLaw/back-template/internal/grpchelper/grpc_logs.go:39.11,40.47 1 0
github.com/ZergsLaw/back-template/internal/grpchelper/logger.go:14.49,16.2 1 1
github.com/ZergsLaw/back-template/internal/grpchelper/logger.go:22.40,24.2 1 0
github.com/ZergsLaw/back-template/internal/grpchelper/logger.go:26.42,28.2 1 51
github.com/ZergsLaw/back-template/internal/grpchelper/logger.go:30.56,32.2 1 0
github.com/ZergsLaw/back-template/internal/grpchelper/logger.go:34.43,36.2 1 0
github.com/ZergsLaw/back-template/internal/grpchelper/logger.go:38.45,40.2 1 0
github.com/ZergsLaw/back-template/internal/grpchelper/logger.go:42.59,44.2 1 0
github.com/ZergsLaw/back-template/internal/grpchelper/logger.go:46.41,48.2 1 0
github.com/ZergsLaw/back-template/internal/grpchelper/logger.go:50.43,52.2 1 0
github.com/ZergsLaw/back-template/internal/grpchelper/logger.go:54.57,56.2 1 0
github.com/ZergsLaw/back-template/internal/grpchelper/logger.go:58.41,60.2 1 0
github.com/ZergsLaw/back-template/internal/grpchelper/logger.go:62.43,64.2 1 0
github.com/ZergsLaw/back-template/internal/grpchelper/logger.go:66.57,68.2 1 0
github.com/ZergsLaw/back-template/internal/grpchelper/logger.go:70.36,72.2 1 21
github.com/ZergsLaw/back-template/internal/grpchelper/logger.go:74.40,77.2 2 0
github.com/ZergsLaw/back-template/internal/grpchelper/metrics.go:10.109,12.76 1 1
github.com/ZergsLaw/back-template/internal/grpchelper/metrics.go:12.76,15.4 2 4
github.com/ZergsLaw/back-template/internal/grpchelper/metrics.go:16.85,19.4 2 1
github.com/ZergsLaw/back-template/internal/grpchelper/metrics.go:22.2,24.22 2 1
github.com/ZergsLaw/back-template/internal/grpchelper/metrics.go:28.109,30.76 1 2
github.com/ZergsLaw/back-template/internal/grpchelper/metrics.go:30.76,33.4 2 8
github.com/ZergsLaw/back-template/internal/grpchelper/metrics.go:34.85,37.4 2 2
github.com/ZergsLaw/back-template/internal/grpchelper/metrics.go:40.2,42.22 2 2
github.com/ZergsLaw/back-template/internal/grpchelper/server.go:36.34,89.2 8 1
github.com/ZergsLaw/back-template/internal/grpchelper/server.go:99.34,151.2 8 0
github.com/ZergsLaw/back-template/internal/logger/context.go:11.75,13.2 1 0
github.com/ZergsLaw/back-template/internal/logger/context.go:16.52,18.9 2 5
github.com/ZergsLaw/back-template/internal/logger/context.go:18.9,20.3 1 5
github.com/ZergsLaw/back-template/internal/logger/context.go:22.2,22.10 1 0
github.com/ZergsLaw/back-template/internal/logger/stringer.LogKey.go:29.33,31.39 2 12
github.com/ZergsLaw/back-template/internal/logger/stringer.LogKey.go:31.39,33.3 1 0
github.com/ZergsLaw/back-template/internal/logger/stringer.LogKey.go:34.2,34.58 1 12
github.com/ZergsLaw/back-template/internal/metrics/metrics.go:13.62,28.2 5 1
github.com/ZergsLaw/back-template/internal/queue/contracts.go:61.55,63.9 2 0
github.com/ZergsLaw/back-template/internal/queue/contracts.go:63.9,65.3 1 0
github.com/ZergsLaw/back-template/internal/queue/contracts.go:67.2,67.38 1 0
github.com/ZergsLaw/back-template/internal/queue/contracts.go:71.59,73.9 2 0
github.com/ZergsLaw/back-template/internal/queue/contracts.go:73.9,75.3 1 0
github.com/ZergsLaw/back-template/internal/queue/contracts.go:77.2,77.47 1 0
github.com/ZergsLaw/back-template/internal/queue/nats.go:39.95,53.37 4 0
github.com/ZergsLaw/back-template/internal/queue/nats.go:53.37,55.10 2 0
github.com/ZergsLaw/back-template/internal/queue/nats.go:56.19,57.91 1 0
github.com/ZergsLaw/back-template/internal/queue/nats.go:58.25,59.18 1 0
github.com/ZergsLaw/back-template/internal/queue/nats.go:59.18,61.5 1 0
github.com/ZergsLaw/back-template/internal/queue/nats.go:63.4,63.19 1 0
github.com/ZergsLaw/back-template/internal/queue/nats.go:67.2,69.15 2 0
github.com/ZergsLaw/back-template/internal/queue/nats.go:72.102,83.41 2 0
github.com/ZergsLaw/back-template/internal/queue/nats.go:83.41,85.4 1 0
github.com/ZergsLaw/back-template/internal/queue/nats.go:86.59,87.18 1 0
github.com/ZergsLaw/back-template/internal/queue/nats.go:87.18,89.5 1 0
github.com/ZergsLaw/back-template/internal/queue/nats.go:89.10,91.5 1 0
github.com/ZergsLaw/back-template/internal/queue/nats.go:93.45,95.4 1 0
github.com/ZergsLaw/back-template/internal/queue/nats.go:96.75,97.18 1 0
github.com/ZergsLaw/back-template/internal/queue/nats.go:97.18,99.5 1 0
github.com/ZergsLaw/back-template/internal/queue/nats.go:99.10,101.5 1 0
github.com/ZergsLaw/back-template/internal/queue/nats.go:104.2,104.16 1 0
github.com/ZergsLaw/back-template/internal/queue/nats.go:104.16,106.3 1 0
github.com/ZergsLaw/back-template/internal/queue/nats.go:108.2,110.80 1 0
github.com/ZergsLaw/back-template/internal/queue/nats.go:110.80,115.4 1 0
github.com/ZergsLaw/back-template/internal/queue/nats.go:117.2,117.16 1 0
github.com/ZergsLaw/back-template/internal/queue/nats.go:117.16,119.3 1 0
github.com/ZergsLaw/back-template/internal/queue/nats.go:121.2,121.12 1 0
github.com/ZergsLaw/back-template/internal/queue/nats.go:125.52,126.9 1 0
github.com/ZergsLaw/back-template/internal/queue/nats.go:127.20,128.13 1 0
github.com/ZergsLaw/back-template/internal/queue/nats.go:129.18,130.34 1 0
github.com/ZergsLaw/back-template/internal/queue/nats.go:135.42,137.2 1 0
github.com/ZergsLaw/back-template/internal/queue/nats.go:140.31,142.2 1 0
github.com/ZergsLaw/back-template/internal/queue/nats.go:145.76,147.2 1 0
github.com/ZergsLaw/back-template/internal/queue/nats_message.go:19.38,21.2 1 0
github.com/ZergsLaw/back-template/internal/queue/nats_message.go:24.40,26.2 1 0
github.com/ZergsLaw/back-template/internal/queue/nats_message.go:29.54,31.2 1 0
github.com/ZergsLaw/back-template/internal/queue/nats_message.go:34.55,36.2 1 0
github.com/ZergsLaw/back-template/internal/queue/nats_message.go:39.46,41.16 2 0
github.com/ZergsLaw/back-template/internal/queue/nats_message.go:41.16,43.3 1 0
github.com/ZergsLaw/back-template/internal/queue/nats_message.go:45.2,46.9 2 0
github.com/ZergsLaw/back-template/internal/queue/nats_message.go:46.9,48.3 1 0
github.com/ZergsLaw/back-template/internal/queue/nats_message.go:50.2,51.16 2 0
github.com/ZergsLaw/back-template/internal/queue/nats_message.go:51.16,53.3 1 0
github.com/ZergsLaw/back-template/internal/queue/nats_message.go:55.2,55.12 1 0
github.com/ZergsLaw/back-template/internal/queue/nats_publish.go:13.94,14.40 1 0
github.com/ZergsLaw/back-template/internal/queue/nats_publish.go:14.40,16.17 2 0
github.com/ZergsLaw/back-template/internal/queue/nats_publish.go:16.17,18.4 1 0
github.com/ZergsLaw/back-template/internal/queue/nats_publish.go:21.2,22.16 2 0
github.com/ZergsLaw/back-template/internal/queue/nats_publish.go:22.16,24.3 1 0
github.com/ZergsLaw/back-template/internal/queue/nats_publish.go:26.2,32.16 2 0
github.com/ZergsLaw/back-template/internal/queue/nats_publish.go:32.16,34.3 1 0
github.com/ZergsLaw/back-template/internal/queue/nats_publish.go:36.2,36.12 1 0
github.com/ZergsLaw/back-template/internal/queue/nats_subscribe.go:19.9,23.16 3 0
github.com/ZergsLaw/back-template/internal/queue/nats_subscribe.go:23.16,25.3 1 0
github.com/ZergsLaw/back-template/internal/queue/nats_subscribe.go:26.2,26.15 1 0
github.com/ZergsLaw/back-template/internal/queue/nats_subscribe.go:26.15,28.17 2 0
github.com/ZergsLaw/back-template/internal/queue/nats_subscribe.go:28.17,30.4 1 0
github.com/ZergsLaw/back-template/internal/queue/nats_subscribe.go:33.2,33.6 1 0
github.com/ZergsLaw/back-template/internal/queue/nats_subscribe.go:33.6,35.10 2 0
github.com/ZergsLaw/back-template/internal/queue/nats_subscribe.go:36.25,37.14 1 0
github.com/ZergsLaw/back-template/internal/queue/nats_subscribe.go:38.49,39.12 1 0
github.com/ZergsLaw/back-template/internal/queue/nats_subscribe.go:40.19,41.43 1 0
github.com/ZergsLaw/back-template/internal/queue/nats_subscribe.go:44.3,44.23 1 0
github.com/ZergsLaw/back-template/internal/queue/nats_subscribe.go:44.23,45.24 1 0
github.com/ZergsLaw/back-template/internal/queue/nats_subscribe.go:45.24,47.5 1 0
github.com/ZergsLaw/back-template/internal/queue/nats_subscribe.go:49.4,50.18 2 0
github.com/ZergsLaw/back-template/internal/queue/nats_subscribe.go:50.18,52.5 1 0
github.com/ZergsLaw/back-template/internal/serve/gRPC.go:16.101,17.41 1 1
github.com/ZergsLaw/back-template/internal/serve/gRPC.go:17.41,19.17 2 1
github.com/ZergsLaw/back-template/internal/serve/gRPC.go:19.17,21.4 1 0
github.com/ZergsLaw/back-template/internal/serve/gRPC.go:23.3,24.13 2 1
github.com/ZergsLaw/back-template/internal/serve/gRPC.go:24.13,24.38 1 1
github.com/ZergsLaw/back-template/internal/serve/gRPC.go:25.3,29.10 3 1
github.com/ZergsLaw/back-template/internal/serve/gRPC.go:30.21,30.21 0 0
github.com/ZergsLaw/back-template/internal/serve/gRPC.go:31.21,32.22 1 1
github.com/ZergsLaw/back-template/internal/serve/gRPC.go:35.3,35.17 1 1
github.com/ZergsLaw/back-template/internal/serve/gRPC.go:35.17,37.4 1 0
github.com/ZergsLaw/back-template/internal/serve/gRPC.go:39.3,39.13 1 1
github.com/ZergsLaw/back-template/internal/serve/gRPC_gate_way.go:34.109,35.41 1 1
github.com/ZergsLaw/back-template/internal/serve/gRPC_gate_way.go:35.41,48.17 4 1
github.com/ZergsLaw/back-template/internal/serve/gRPC_gate_way.go:48.17,50.4 1 0
github.com/ZergsLaw/back-template/internal/serve/gRPC_gate_way.go:52.3,54.17 3 1
github.com/ZergsLaw/back-template/internal/serve/gRPC_gate_way.go:54.17,56.4 1 0
github.com/ZergsLaw/back-template/internal/serve/gRPC_gate_way.go:58.3,60.87 3 1
github.com/ZergsLaw/back-template/internal/serve/gRPC_gate_way.go:60.87,62.4 1 0
github.com/ZergsLaw/back-template/internal/serve/gRPC_gate_way.go:64.3,64.18 1 1
github.com/ZergsLaw/back-template/internal/serve/gRPC_gate_way.go:64.18,71.4 2 0
github.com/ZergsLaw/back-template/internal/serve/gRPC_gate_way.go:73.3,73.41 1 1
github.com/ZergsLaw/back-template/internal/serve/gRPC_gate_way.go:77.46,78.71 1 1
github.com/ZergsLaw/back-template/internal/serve/gRPC_gate_way.go:78.71,83.3 4 0
github.com/ZergsLaw/back-template/internal/serve/gRPC_gate_way.go:86.51,103.2 2 1
github.com/ZergsLaw/back-template/internal/serve/http.go:18.105,19.41 1 3
github.com/ZergsLaw/back-template/internal/serve/http.go:19.41,26.13 3 3
github.com/ZergsLaw/back-template/internal/serve/http.go:26.13,26.45 1 3
github.com/ZergsLaw/back-template/internal/serve/http.go:27.3,32.10 4 3
github.com/ZergsLaw/back-template/internal/serve/http.go:33.21,33.21 0 0
github.com/ZergsLaw/back-template/internal/serve/http.go:34.21,35.44 1 3
github.com/ZergsLaw/back-template/internal/serve/http.go:38.3,38.17 1 3
github.com/ZergsLaw/back-template/internal/serve/http.go:38.17,40.4 1 0
github.com/ZergsLaw/back-template/internal/serve/http.go:42.3,42.13 1 3
github.com/ZergsLaw/back-template/internal/serve/http.go:48.112,49.41 1 1
github.com/ZergsLaw/back-template/internal/serve/http.go:49.41,54.3 3 1
github.com/ZergsLaw/back-template/internal/serve/http.go:58.66,67.2 2 1
github.com/ZergsLaw/back-template/internal/serve/serve.go:15.80,18.26 2 1
github.com/ZergsLaw/back-template/internal/serve/serve.go:18.26,21.21 2 5
github.com/ZergsLaw/back-template/internal/serve/serve.go:21.21,21.53 1 5
github.com/ZergsLaw/back-template/internal/serve/serve.go:24.2,24.33 1 1
github.com/ZergsLaw/back-template/internal/serve/serve.go:24.33,26.3 1 0
github.com/ZergsLaw/back-template/internal/serve/serve.go:28.2,28.12 1 1
github.com/ZergsLaw/back-template/internal/testhelper/cockroach_db.go:37.27,66.111 9 0
github.com/ZergsLaw/back-template/internal/testhelper/cockroach_db.go:66.111,67.16 1 0
github.com/ZergsLaw/back-template/internal/testhelper/cockroach_db.go:67.16,68.18 1 0
github.com/ZergsLaw/back-template/internal/testhelper/cockroach_db.go:68.18,70.5 1 0
github.com/ZergsLaw/back-template/internal/testhelper/cockroach_db.go:101.3,103.13 2 0
github.com/ZergsLaw/back-template/internal/testhelper/cockroach_db.go:105.2,119.3 3 0
github.com/ZergsLaw/back-template/internal/testhelper/cockroach_db.go:122.84,128.16 5 0
github.com/ZergsLaw/back-template/internal/testhelper/cockroach_db.go:128.16,130.3 1 0
github.com/ZergsLaw/back-template/internal/testhelper/cockroach_db.go:131.2,132.16 2 0
github.com/ZergsLaw/back-template/internal/testhelper/cockroach_db.go:132.16,134.3 1 0
github.com/ZergsLaw/back-template/internal/testhelper/cockroach_db.go:135.2,136.16 2 0
github.com/ZergsLaw/back-template/internal/testhelper/cockroach_db.go:136.16,138.3 1 0
github.com/ZergsLaw/back-template/internal/testhelper/cockroach_db.go:140.2,140.12 1 0
github.com/ZergsLaw/back-template/internal/testhelper/docker.go:22.9,28.73 4 2
github.com/ZergsLaw/back-template/internal/testhelper/docker.go:28.73,30.3 1 2
github.com/ZergsLaw/back-template/internal/testhelper/docker.go:31.2,35.8 4 2
github.com/ZergsLaw/back-template/internal/testhelper/docker.go:35.8,37.3 1 2
github.com/ZergsLaw/back-template/internal/testhelper/docker.go:39.2,45.19 6 2
github.com/ZergsLaw/back-template/internal/testhelper/docker.go:45.19,47.3 1 2
github.com/ZergsLaw/back-template/internal/testhelper/docker.go:49.2,49.33 1 2
github.com/ZergsLaw/back-template/internal/testhelper/docker.go:49.33,51.3 1 2
github.com/ZergsLaw/back-template/internal/testhelper/minio.go:36.10,49.104 4 1
github.com/ZergsLaw/back-template/internal/testhelper/minio.go:49.104,50.16 1 1
github.com/ZergsLaw/back-template/internal/testhelper/minio.go:50.16,51.18 1 1
github.com/ZergsLaw/back-template/internal/testhelper/minio.go:51.18,53.5 1 0
github.com/ZergsLaw/back-template/internal/testhelper/minio.go:56.3,57.17 2 1
github.com/ZergsLaw/back-template/internal/testhelper/minio.go:57.17,59.4 1 0
github.com/ZergsLaw/back-template/internal/testhelper/minio.go:61.3,71.17 4 1
github.com/ZergsLaw/back-template/internal/testhelper/minio.go:71.17,73.4 1 0
github.com/ZergsLaw/back-template/internal/testhelper/minio.go:75.3,76.17 2 1
github.com/ZergsLaw/back-template/internal/testhelper/minio.go:76.17,78.4 1 0
github.com/ZergsLaw/back-template/internal/testhelper/minio.go:80.3,80.13 1 1
github.com/ZergsLaw/back-template/internal/testhelper/minio.go:82.2,84.17 2 1
github.com/ZergsLaw/back-template/internal/testhelper/modification.go:4.36,8.2 2 0
github.com/ZergsLaw/back-template/internal/testhelper/namespace.go:8.37,17.2 6 2
github.com/ZergsLaw/back-template/internal/testhelper/nats.go:35.10,56.103 5 0
github.com/ZergsLaw/back-template/internal/testhelper/nats.go:56.103,57.16 1 0
github.com/ZergsLaw/back-template/internal/testhelper/nats.go:57.16,58.18 1 0
github.com/ZergsLaw/back-template/internal/testhelper/nats.go:58.18,60.5 1 0
github.com/ZergsLaw/back-template/internal/testhelper/nats.go:63.3,65.17 3 0
github.com/ZergsLaw/back-template/internal/testhelper/nats.go:65.17,67.4 1 0
github.com/ZergsLaw/back-template/internal/testhelper/nats.go:68.3,68.20 1 0
github.com/ZergsLaw/back-template/internal/testhelper/nats.go:68.20,70.4 1 0
github.com/ZergsLaw/back-template/internal/testhelper/nats.go:72.3,74.13 2 0
github.com/ZergsLaw/back-template/internal/testhelper/nats.go:76.2,78.13 2 0
github.com/ZergsLaw/back-template/internal/testhelper/port.go:20.68,24.2 2 0
github.com/ZergsLaw/back-template/internal/testhelper/port.go:33.82,39.16 5 4
github.com/ZergsLaw/back-template/internal/testhelper/port.go:39.16,41.3 1 4
github.com/ZergsLaw/back-template/internal/testhelper/port.go:42.2,42.16 1 4
github.com/ZergsLaw/back-template/internal/testhelper/port.go:42.16,44.3 1 4
github.com/ZergsLaw/back-template/internal/testhelper/port.go:45.2,45.16 1 4
github.com/ZergsLaw/back-template/internal/testhelper/port.go:45.16,47.3 1 4
github.com/ZergsLaw/back-template/internal/testhelper/port.go:48.2,54.14 6 4
github.com/ZergsLaw/back-template/internal/testhelper/port.go:54.14,56.26 2 0
github.com/ZergsLaw/back-template/internal/testhelper/port.go:56.26,57.73 1 0
github.com/ZergsLaw/back-template/internal/testhelper/port.go:60.3,60.40 1 0
github.com/ZergsLaw/back-template/internal/testhelper/port.go:63.2,63.21 1 4
github.com/ZergsLaw/back-template/internal/testhelper/port.go:67.58,70.44 3 1
github.com/ZergsLaw/back-template/internal/testhelper/port.go:70.44,72.17 2 3
github.com/ZergsLaw/back-template/internal/testhelper/port.go:72.17,74.4 1 1
github.com/ZergsLaw/back-template/internal/testhelper/port.go:77.2,77.18 1 0
github.com/ZergsLaw/back-template/internal/testhelper/postgres.go:26.50,26.71 1 1
github.com/ZergsLaw/back-template/internal/testhelper/postgres.go:36.10,52.109 4 1
github.com/ZergsLaw/back-template/internal/testhelper/postgres.go:52.109,53.16 1 1
github.com/ZergsLaw/back-template/internal/testhelper/postgres.go:53.16,54.18 1 1
github.com/ZergsLaw/back-template/internal/testhelper/postgres.go:54.18,56.5 1 0
github.com/ZergsLaw/back-template/internal/testhelper/postgres.go:59.3,64.17 3 1
github.com/ZergsLaw/back-template/internal/testhelper/postgres.go:64.17,66.4 1 0
github.com/ZergsLaw/back-template/internal/testhelper/postgres.go:67.3,67.20 1 1
github.com/ZergsLaw/back-template/internal/testhelper/postgres.go:67.20,69.4 1 1
github.com/ZergsLaw/back-template/internal/testhelper/postgres.go:71.3,73.13 2 1
github.com/ZergsLaw/back-template/internal/testhelper/postgres.go:75.2,77.105 2 1
github.com/ZergsLaw/back-template/internal/testhelper/timeout.go:13.44,20.2 4 1
