mode: atomic
github.com/ZergsLaw/back-template/api/annotations/v1/annotations.pb.go:35.30,37.29 2 0
github.com/ZergsLaw/back-template/api/annotations/v1/annotations.pb.go:37.29,41.3 3 0
github.com/ZergsLaw/back-template/api/annotations/v1/annotations.pb.go:44.38,46.2 1 0
github.com/ZergsLaw/back-template/api/annotations/v1/annotations.pb.go:48.36,48.37 0 0
github.com/ZergsLaw/back-template/api/annotations/v1/annotations.pb.go:50.58,52.41 2 0
github.com/ZergsLaw/back-template/api/annotations/v1/annotations.pb.go:52.41,54.34 2 0
github.com/ZergsLaw/back-template/api/annotations/v1/annotations.pb.go:54.34,56.4 1 0
github.com/ZergsLaw/back-template/api/annotations/v1/annotations.pb.go:57.3,57.12 1 0
github.com/ZergsLaw/back-template/api/annotations/v1/annotations.pb.go:59.2,59.24 1 0
github.com/ZergsLaw/back-template/api/annotations/v1/annotations.pb.go:63.49,65.2 1 0
github.com/ZergsLaw/back-template/api/annotations/v1/annotations.pb.go:67.45,68.14 1 0
github.com/ZergsLaw/back-template/api/annotations/v1/annotations.pb.go:68.14,70.3 1 0
github.com/ZergsLaw/back-template/api/annotations/v1/annotations.pb.go:71.2,71.12 1 0
github.com/ZergsLaw/back-template/api/annotations/v1/annotations.pb.go:74.50,75.14 1 0
github.com/ZergsLaw/back-template/api/annotations/v1/annotations.pb.go:75.14,77.3 1 0
github.com/ZergsLaw/back-template/api/annotations/v1/annotations.pb.go:78.2,78.14 1 0
github.com/ZergsLaw/back-template/api/annotations/v1/annotations.pb.go:81.53,82.14 1 0
github.com/ZergsLaw/back-template/api/annotations/v1/annotations.pb.go:82.14,84.3 1 0
github.com/ZergsLaw/back-template/api/annotations/v1/annotations.pb.go:85.2,85.12 1 0
github.com/ZergsLaw/back-template/api/annotations/v1/annotations.pb.go:96.31,98.29 2 0
github.com/ZergsLaw/back-template/api/annotations/v1/annotations.pb.go:98.29,102.3 3 0
github.com/ZergsLaw/back-template/api/annotations/v1/annotations.pb.go:105.39,107.2 1 0
github.com/ZergsLaw/back-template/api/annotations/v1/annotations.pb.go:109.37,109.38 0 0
github.com/ZergsLaw/back-template/api/annotations/v1/annotations.pb.go:111.59,113.41 2 0
github.com/ZergsLaw/back-template/api/annotations/v1/annotations.pb.go:113.41,115.34 2 0
github.com/ZergsLaw/back-template/api/annotations/v1/annotations.pb.go:115.34,117.4 1 0
github.com/ZergsLaw/back-template/api/annotations/v1/annotations.pb.go:118.3,118.12 1 0
github.com/ZergsLaw/back-template/api/annotations/v1/annotations.pb.go:120.2,120.24 1 0
github.com/ZergsLaw/back-template/api/annotations/v1/annotations.pb.go:124.50,126.2 1 0
github.com/ZergsLaw/back-template/api/annotations/v1/annotations.pb.go:128.46,129.14 1 0
github.com/ZergsLaw/back-template/api/annotations/v1/annotations.pb.go:129.14,131.3 1 0
github.com/ZergsLaw/back-template/api/annotations/v1/annotations.pb.go:132.2,132.12 1 0
github.com/ZergsLaw/back-template/api/annotations/v1/annotations.pb.go:213.69,214.66 1 0
github.com/ZergsLaw/back-template/api/annotations/v1/annotations.pb.go:214.66,216.3 1 0
github.com/ZergsLaw/back-template/api/annotations/v1/annotations.pb.go:217.2,217.62 1 0
github.com/ZergsLaw/back-template/api/annotations/v1/annotations.pb.go:242.13,242.65 1 0
github.com/ZergsLaw/back-template/api/annotations/v1/annotations.pb.go:243.55,244.54 1 0
github.com/ZergsLaw/back-template/api/annotations/v1/annotations.pb.go:244.54,246.3 1 0
github.com/ZergsLaw/back-template/api/annotations/v1/annotations.pb.go:247.2,247.30 1 0
github.com/ZergsLaw/back-template/api/annotations/v1/annotations.pb.go:247.30,248.107 1 0
github.com/ZergsLaw/back-template/api/annotations/v1/annotations.pb.go:248.107,249.35 1 0
github.com/ZergsLaw/back-template/api/annotations/v1/annotations.pb.go:250.11,251.20 1 0
github.com/ZergsLaw/back-template/api/annotations/v1/annotations.pb.go:252.11,253.24 1 0
github.com/ZergsLaw/back-template/api/annotations/v1/annotations.pb.go:254.11,255.28 1 0
github.com/ZergsLaw/back-template/api/annotations/v1/annotations.pb.go:256.12,257.15 1 0
github.com/ZergsLaw/back-template/api/annotations/v1/annotations.pb.go:260.3,260.107 1 0
github.com/ZergsLaw/back-template/api/annotations/v1/annotations.pb.go:260.107,261.36 1 0
github.com/ZergsLaw/back-template/api/annotations/v1/annotations.pb.go:262.11,263.20 1 0
github.com/ZergsLaw/back-template/api/annotations/v1/annotations.pb.go:264.11,265.24 1 0
github.com/ZergsLaw/back-template/api/annotations/v1/annotations.pb.go:266.11,267.28 1 0
github.com/ZergsLaw/back-template/api/annotations/v1/annotations.pb.go:268.12,269.15 1 0
github.com/ZergsLaw/back-template/api/annotations/v1/annotations.pb.go:273.2,291.57 6 0
github.com/ZergsLaw/back-template/api/annotations/v1/annotations.pb.json.go:11.54,17.2 1 0
github.com/ZergsLaw/back-template/api/annotations/v1/annotations.pb.json.go:20.54,24.2 1 0
github.com/ZergsLaw/back-template/api/annotations/v1/annotations.pb.json.go:27.55,33.2 1 0
github.com/ZergsLaw/back-template/api/annotations/v1/annotations.pb.json.go:36.55,40.2 1 0
github.com/ZergsLaw/back-template/api/annotations/v1/annotations.pb.validate.go:45.39,47.2 1 0
github.com/ZergsLaw/back-template/api/annotations/v1/annotations.pb.validate.go:53.42,55.2 1 0
github.com/ZergsLaw/back-template/api/annotations/v1/annotations.pb.validate.go:57.47,58.14 1 0
github.com/ZergsLaw/back-template/api/annotations/v1/annotations.pb.validate.go:58.14,60.3 1 0
github.com/ZergsLaw/back-template/api/annotations/v1/annotations.pb.validate.go:62.2,66.21 2 0
github.com/ZergsLaw/back-template/api/annotations/v1/annotations.pb.validate.go:66.21,68.3 1 0
github.com/ZergsLaw/back-template/api/annotations/v1/annotations.pb.validate.go:70.2,70.12 1 0
github.com/ZergsLaw/back-template/api/annotations/v1/annotations.pb.validate.go:78.46,80.24 2 0
github.com/ZergsLaw/back-template/api/annotations/v1/annotations.pb.validate.go:80.24,82.3 1 0
github.com/ZergsLaw/back-template/api/annotations/v1/annotations.pb.validate.go:83.2,83.33 1 0
github.com/ZergsLaw/back-template/api/annotations/v1/annotations.pb.validate.go:87.51,87.63 1 0
github.com/ZergsLaw/back-template/api/annotations/v1/annotations.pb.validate.go:99.51,99.69 1 0
github.com/ZergsLaw/back-template/api/annotations/v1/annotations.pb.validate.go:102.52,102.71 1 0
github.com/ZergsLaw/back-template/api/annotations/v1/annotations.pb.validate.go:105.50,105.68 1 0
github.com/ZergsLaw/back-template/api/annotations/v1/annotations.pb.validate.go:108.47,108.63 1 0
github.com/ZergsLaw/back-template/api/annotations/v1/annotations.pb.validate.go:111.55,111.93 1 0
github.com/ZergsLaw/back-template/api/annotations/v1/annotations.pb.validate.go:114.51,116.20 2 0
github.com/ZergsLaw/back-template/api/annotations/v1/annotations.pb.validate.go:116.20,118.3 1 0
github.com/ZergsLaw/back-template/api/annotations/v1/annotations.pb.validate.go:120.2,121.11 2 0
github.com/ZergsLaw/back-template/api/annotations/v1/annotations.pb.validate.go:121.11,123.3 1 0
github.com/ZergsLaw/back-template/api/annotations/v1/annotations.pb.validate.go:125.2,130.9 1 0
github.com/ZergsLaw/back-template/api/annotations/v1/annotations.pb.validate.go:146.40,148.2 1 0
github.com/ZergsLaw/back-template/api/annotations/v1/annotations.pb.validate.go:154.43,156.2 1 0
github.com/ZergsLaw/back-template/api/annotations/v1/annotations.pb.validate.go:158.48,159.14 1 0
github.com/ZergsLaw/back-template/api/annotations/v1/annotations.pb.validate.go:159.14,161.3 1 0
github.com/ZergsLaw/back-template/api/annotations/v1/annotations.pb.validate.go:163.2,165.21 2 0
github.com/ZergsLaw/back-template/api/annotations/v1/annotations.pb.validate.go:165.21,167.3 1 0
github.com/ZergsLaw/back-template/api/annotations/v1/annotations.pb.validate.go:169.2,169.12 1 0
github.com/ZergsLaw/back-template/api/annotations/v1/annotations.pb.validate.go:177.47,179.24 2 0
github.com/ZergsLaw/back-template/api/annotations/v1/annotations.pb.validate.go:179.24,181.3 1 0
github.com/ZergsLaw/back-template/api/annotations/v1/annotations.pb.validate.go:182.2,182.33 1 0
github.com/ZergsLaw/back-template/api/annotations/v1/annotations.pb.validate.go:186.52,186.64 1 0
github.com/ZergsLaw/back-template/api/annotations/v1/annotations.pb.validate.go:198.52,198.70 1 0
github.com/ZergsLaw/back-template/api/annotations/v1/annotations.pb.validate.go:201.53,201.72 1 0
github.com/ZergsLaw/back-template/api/annotations/v1/annotations.pb.validate.go:204.51,204.69 1 0
github.com/ZergsLaw/back-template/api/annotations/v1/annotations.pb.validate.go:207.48,207.64 1 0
github.com/ZergsLaw/back-template/api/annotations/v1/annotations.pb.validate.go:210.56,210.95 1 0
github.com/ZergsLaw/back-template/api/annotations/v1/annotations.pb.validate.go:213.52,215.20 2 0
github.com/ZergsLaw/back-template/api/annotations/v1/annotations.pb.validate.go:215.20,217.3 1 0
github.com/ZergsLaw/back-template/api/annotations/v1/annotations.pb.validate.go:219.2,220.11 2 0
github.com/ZergsLaw/back-template/api/annotations/v1/annotations.pb.validate.go:220.11,222.3 1 0
github.com/ZergsLaw/back-template/api/annotations/v1/annotations.pb.validate.go:224.2,229.9 1 0
github.com/ZergsLaw/back-template/api/errors/v1/errors.pb.go:49.13,49.55 1 0
github.com/ZergsLaw/back-template/api/errors/v1/errors.pb.go:50.45,51.44 1 0
github.com/ZergsLaw/back-template/api/errors/v1/errors.pb.go:51.44,53.3 1 0
github.com/ZergsLaw/back-template/api/errors/v1/errors.pb.go:54.2,70.47 6 0
github.com/ZergsLaw/back-template/api/session/v1/session.pb.go:36.30,38.29 2 0
github.com/ZergsLaw/back-template/api/session/v1/session.pb.go:38.29,42.3 3 0
github.com/ZergsLaw/back-template/api/session/v1/session.pb.go:45.38,47.2 1 0
github.com/ZergsLaw/back-template/api/session/v1/session.pb.go:49.36,49.37 0 0
github.com/ZergsLaw/back-template/api/session/v1/session.pb.go:51.58,53.41 2 0
github.com/ZergsLaw/back-template/api/session/v1/session.pb.go:53.41,55.34 2 0
github.com/ZergsLaw/back-template/api/session/v1/session.pb.go:55.34,57.4 1 0
github.com/ZergsLaw/back-template/api/session/v1/session.pb.go:58.3,58.12 1 0
github.com/ZergsLaw/back-template/api/session/v1/session.pb.go:60.2,60.24 1 0
github.com/ZergsLaw/back-template/api/session/v1/session.pb.go:64.49,66.2 1 0
github.com/ZergsLaw/back-template/api/session/v1/session.pb.go:68.40,69.14 1 0
github.com/ZergsLaw/back-template/api/session/v1/session.pb.go:69.14,71.3 1 0
github.com/ZergsLaw/back-template/api/session/v1/session.pb.go:72.2,72.11 1 0
github.com/ZergsLaw/back-template/api/session/v1/session.pb.go:88.31,90.29 2 0
github.com/ZergsLaw/back-template/api/session/v1/session.pb.go:90.29,94.3 3 0
github.com/ZergsLaw/back-template/api/session/v1/session.pb.go:97.39,99.2 1 0
github.com/ZergsLaw/back-template/api/session/v1/session.pb.go:101.37,101.38 0 0
github.com/ZergsLaw/back-template/api/session/v1/session.pb.go:103.59,105.41 2 0
github.com/ZergsLaw/back-template/api/session/v1/session.pb.go:105.41,107.34 2 0
github.com/ZergsLaw/back-template/api/session/v1/session.pb.go:107.34,109.4 1 0
github.com/ZergsLaw/back-template/api/session/v1/session.pb.go:110.3,110.12 1 0
github.com/ZergsLaw/back-template/api/session/v1/session.pb.go:112.2,112.24 1 0
github.com/ZergsLaw/back-template/api/session/v1/session.pb.go:116.50,118.2 1 0
github.com/ZergsLaw/back-template/api/session/v1/session.pb.go:120.45,121.14 1 0
github.com/ZergsLaw/back-template/api/session/v1/session.pb.go:121.14,123.3 1 0
github.com/ZergsLaw/back-template/api/session/v1/session.pb.go:124.2,124.11 1 0
github.com/ZergsLaw/back-template/api/session/v1/session.pb.go:127.42,128.14 1 0
github.com/ZergsLaw/back-template/api/session/v1/session.pb.go:128.14,130.3 1 0
github.com/ZergsLaw/back-template/api/session/v1/session.pb.go:131.2,131.11 1 0
github.com/ZergsLaw/back-template/api/session/v1/session.pb.go:134.47,135.14 1 0
github.com/ZergsLaw/back-template/api/session/v1/session.pb.go:135.14,137.3 1 0
github.com/ZergsLaw/back-template/api/session/v1/session.pb.go:138.2,138.25 1 0
github.com/ZergsLaw/back-template/api/session/v1/session.pb.go:150.33,152.29 2 0
github.com/ZergsLaw/back-template/api/session/v1/session.pb.go:152.29,156.3 3 0
github.com/ZergsLaw/back-template/api/session/v1/session.pb.go:159.41,161.2 1 0
github.com/ZergsLaw/back-template/api/session/v1/session.pb.go:163.39,163.40 0 0
github.com/ZergsLaw/back-template/api/session/v1/session.pb.go:165.61,167.41 2 0
github.com/ZergsLaw/back-template/api/session/v1/session.pb.go:167.41,169.34 2 0
github.com/ZergsLaw/back-template/api/session/v1/session.pb.go:169.34,171.4 1 0
github.com/ZergsLaw/back-template/api/session/v1/session.pb.go:172.3,172.12 1 0
github.com/ZergsLaw/back-template/api/session/v1/session.pb.go:174.2,174.24 1 0
github.com/ZergsLaw/back-template/api/session/v1/session.pb.go:178.52,180.2 1 0
github.com/ZergsLaw/back-template/api/session/v1/session.pb.go:182.47,183.14 1 0
github.com/ZergsLaw/back-template/api/session/v1/session.pb.go:183.14,185.3 1 0
github.com/ZergsLaw/back-template/api/session/v1/session.pb.go:186.2,186.11 1 0
github.com/ZergsLaw/back-template/api/session/v1/session.pb.go:195.34,197.29 2 0
github.com/ZergsLaw/back-template/api/session/v1/session.pb.go:197.29,201.3 3 0
github.com/ZergsLaw/back-template/api/session/v1/session.pb.go:204.42,206.2 1 0
github.com/ZergsLaw/back-template/api/session/v1/session.pb.go:208.40,208.41 0 0
github.com/ZergsLaw/back-template/api/session/v1/session.pb.go:210.62,212.41 2 0
github.com/ZergsLaw/back-template/api/session/v1/session.pb.go:212.41,214.34 2 0
github.com/ZergsLaw/back-template/api/session/v1/session.pb.go:214.34,216.4 1 0
github.com/ZergsLaw/back-template/api/session/v1/session.pb.go:217.3,217.12 1 0
github.com/ZergsLaw/back-template/api/session/v1/session.pb.go:219.2,219.24 1 0
github.com/ZergsLaw/back-template/api/session/v1/session.pb.go:223.53,225.2 1 0
github.com/ZergsLaw/back-template/api/session/v1/session.pb.go:242.31,244.29 2 0
github.com/ZergsLaw/back-template/api/session/v1/session.pb.go:244.29,248.3 3 0
github.com/ZergsLaw/back-template/api/session/v1/session.pb.go:251.39,253.2 1 0
github.com/ZergsLaw/back-template/api/session/v1/session.pb.go:255.37,255.38 0 0
github.com/ZergsLaw/back-template/api/session/v1/session.pb.go:257.59,259.41 2 0
github.com/ZergsLaw/back-template/api/session/v1/session.pb.go:259.41,261.34 2 0
github.com/ZergsLaw/back-template/api/session/v1/session.pb.go:261.34,263.4 1 0
github.com/ZergsLaw/back-template/api/session/v1/session.pb.go:264.3,264.12 1 0
github.com/ZergsLaw/back-template/api/session/v1/session.pb.go:266.2,266.24 1 0
github.com/ZergsLaw/back-template/api/session/v1/session.pb.go:270.50,272.2 1 0
github.com/ZergsLaw/back-template/api/session/v1/session.pb.go:274.42,275.14 1 0
github.com/ZergsLaw/back-template/api/session/v1/session.pb.go:275.14,277.3 1 0
github.com/ZergsLaw/back-template/api/session/v1/session.pb.go:278.2,278.11 1 0
github.com/ZergsLaw/back-template/api/session/v1/session.pb.go:281.38,282.14 1 0
github.com/ZergsLaw/back-template/api/session/v1/session.pb.go:282.14,284.3 1 0
github.com/ZergsLaw/back-template/api/session/v1/session.pb.go:285.2,285.11 1 0
github.com/ZergsLaw/back-template/api/session/v1/session.pb.go:288.45,289.14 1 0
github.com/ZergsLaw/back-template/api/session/v1/session.pb.go:289.14,291.3 1 0
github.com/ZergsLaw/back-template/api/session/v1/session.pb.go:292.2,292.11 1 0
github.com/ZergsLaw/back-template/api/session/v1/session.pb.go:295.47,296.14 1 0
github.com/ZergsLaw/back-template/api/session/v1/session.pb.go:296.14,298.3 1 0
github.com/ZergsLaw/back-template/api/session/v1/session.pb.go:299.2,299.25 1 0
github.com/ZergsLaw/back-template/api/session/v1/session.pb.go:311.32,313.29 2 0
github.com/ZergsLaw/back-template/api/session/v1/session.pb.go:313.29,317.3 3 0
github.com/ZergsLaw/back-template/api/session/v1/session.pb.go:320.40,322.2 1 0
github.com/ZergsLaw/back-template/api/session/v1/session.pb.go:324.38,324.39 0 0
github.com/ZergsLaw/back-template/api/session/v1/session.pb.go:326.60,328.41 2 0
github.com/ZergsLaw/back-template/api/session/v1/session.pb.go:328.41,330.34 2 0
github.com/ZergsLaw/back-template/api/session/v1/session.pb.go:330.34,332.4 1 0
github.com/ZergsLaw/back-template/api/session/v1/session.pb.go:333.3,333.12 1 0
github.com/ZergsLaw/back-template/api/session/v1/session.pb.go:335.2,335.24 1 0
github.com/ZergsLaw/back-template/api/session/v1/session.pb.go:339.51,341.2 1 0
github.com/ZergsLaw/back-template/api/session/v1/session.pb.go:343.42,344.14 1 0
github.com/ZergsLaw/back-template/api/session/v1/session.pb.go:344.14,346.3 1 0
github.com/ZergsLaw/back-template/api/session/v1/session.pb.go:347.2,347.11 1 0
github.com/ZergsLaw/back-template/api/session/v1/session.pb.go:425.61,426.58 1 0
github.com/ZergsLaw/back-template/api/session/v1/session.pb.go:426.58,428.3 1 0
github.com/ZergsLaw/back-template/api/session/v1/session.pb.go:429.2,429.54 1 0
github.com/ZergsLaw/back-template/api/session/v1/session.pb.go:458.13,458.57 1 0
github.com/ZergsLaw/back-template/api/session/v1/session.pb.go:459.47,460.46 1 0
github.com/ZergsLaw/back-template/api/session/v1/session.pb.go:460.46,462.3 1 0
github.com/ZergsLaw/back-template/api/session/v1/session.pb.go:463.2,463.30 1 0
github.com/ZergsLaw/back-template/api/session/v1/session.pb.go:463.30,464.99 1 0
github.com/ZergsLaw/back-template/api/session/v1/session.pb.go:464.99,465.35 1 0
github.com/ZergsLaw/back-template/api/session/v1/session.pb.go:466.11,467.20 1 0
github.com/ZergsLaw/back-template/api/session/v1/session.pb.go:468.11,469.24 1 0
github.com/ZergsLaw/back-template/api/session/v1/session.pb.go:470.11,471.28 1 0
github.com/ZergsLaw/back-template/api/session/v1/session.pb.go:472.12,473.15 1 0
github.com/ZergsLaw/back-template/api/session/v1/session.pb.go:476.3,476.99 1 0
github.com/ZergsLaw/back-template/api/session/v1/session.pb.go:476.99,477.36 1 0
github.com/ZergsLaw/back-template/api/session/v1/session.pb.go:478.11,479.20 1 0
github.com/ZergsLaw/back-template/api/session/v1/session.pb.go:480.11,481.24 1 0
github.com/ZergsLaw/back-template/api/session/v1/session.pb.go:482.11,483.28 1 0
github.com/ZergsLaw/back-template/api/session/v1/session.pb.go:484.12,485.15 1 0
github.com/ZergsLaw/back-template/api/session/v1/session.pb.go:488.3,488.99 1 0
github.com/ZergsLaw/back-template/api/session/v1/session.pb.go:488.99,489.38 1 0
github.com/ZergsLaw/back-template/api/session/v1/session.pb.go:490.11,491.20 1 0
github.com/ZergsLaw/back-template/api/session/v1/session.pb.go:492.11,493.24 1 0
github.com/ZergsLaw/back-template/api/session/v1/session.pb.go:494.11,495.28 1 0
github.com/ZergsLaw/back-template/api/session/v1/session.pb.go:496.12,497.15 1 0
github.com/ZergsLaw/back-template/api/session/v1/session.pb.go:500.3,500.99 1 0
github.com/ZergsLaw/back-template/api/session/v1/session.pb.go:500.99,501.39 1 0
github.com/ZergsLaw/back-template/api/session/v1/session.pb.go:502.11,503.20 1 0
github.com/ZergsLaw/back-template/api/session/v1/session.pb.go:504.11,505.24 1 0
github.com/ZergsLaw/back-template/api/session/v1/session.pb.go:506.11,507.28 1 0
github.com/ZergsLaw/back-template/api/session/v1/session.pb.go:508.12,509.15 1 0
github.com/ZergsLaw/back-template/api/session/v1/session.pb.go:512.3,512.99 1 0
github.com/ZergsLaw/back-template/api/session/v1/session.pb.go:512.99,513.36 1 0
github.com/ZergsLaw/back-template/api/session/v1/session.pb.go:514.11,515.20 1 0
github.com/ZergsLaw/back-template/api/session/v1/session.pb.go:516.11,517.24 1 0
github.com/ZergsLaw/back-template/api/session/v1/session.pb.go:518.11,519.28 1 0
github.com/ZergsLaw/back-template/api/session/v1/session.pb.go:520.12,521.15 1 0
github.com/ZergsLaw/back-template/api/session/v1/session.pb.go:524.3,524.99 1 0
github.com/ZergsLaw/back-template/api/session/v1/session.pb.go:524.99,525.37 1 0
github.com/ZergsLaw/back-template/api/session/v1/session.pb.go:526.11,527.20 1 0
github.com/ZergsLaw/back-template/api/session/v1/session.pb.go:528.11,529.24 1 0
github.com/ZergsLaw/back-template/api/session/v1/session.pb.go:530.11,531.28 1 0
github.com/ZergsLaw/back-template/api/session/v1/session.pb.go:532.12,533.15 1 0
github.com/ZergsLaw/back-template/api/session/v1/session.pb.go:537.2,554.49 6 0
github.com/ZergsLaw/back-template/api/session/v1/session.pb.json.go:11.54,17.2 1 0
github.com/ZergsLaw/back-template/api/session/v1/session.pb.json.go:20.54,24.2 1 0
github.com/ZergsLaw/back-template/api/session/v1/session.pb.json.go:27.55,33.2 1 0
github.com/ZergsLaw/back-template/api/session/v1/session.pb.json.go:36.55,40.2 1 0
github.com/ZergsLaw/back-template/api/session/v1/session.pb.json.go:43.57,49.2 1 0
github.com/ZergsLaw/back-template/api/session/v1/session.pb.json.go:52.57,56.2 1 0
github.com/ZergsLaw/back-template/api/session/v1/session.pb.json.go:59.58,65.2 1 0
github.com/ZergsLaw/back-template/api/session/v1/session.pb.json.go:68.58,72.2 1 0
github.com/ZergsLaw/back-template/api/session/v1/session.pb.json.go:75.55,81.2 1 0
github.com/ZergsLaw/back-template/api/session/v1/session.pb.json.go:84.55,88.2 1 0
github.com/ZergsLaw/back-template/api/session/v1/session.pb.json.go:91.56,97.2 1 0
github.com/ZergsLaw/back-template/api/session/v1/session.pb.json.go:100.56,104.2 1 0
github.com/ZergsLaw/back-template/api/session/v1/session.pb.validate.go:45.39,47.2 1 0
github.com/ZergsLaw/back-template/api/session/v1/session.pb.validate.go:53.42,55.2 1 0
github.com/ZergsLaw/back-template/api/session/v1/session.pb.validate.go:57.47,58.14 1 0
github.com/ZergsLaw/back-template/api/session/v1/session.pb.validate.go:58.14,60.3 1 0
github.com/ZergsLaw/back-template/api/session/v1/session.pb.validate.go:62.2,66.21 2 0
github.com/ZergsLaw/back-template/api/session/v1/session.pb.validate.go:66.21,68.3 1 0
github.com/ZergsLaw/back-template/api/session/v1/session.pb.validate.go:70.2,70.12 1 0
github.com/ZergsLaw/back-template/api/session/v1/session.pb.validate.go:78.46,80.24 2 0
github.com/ZergsLaw/back-template/api/session/v1/session.pb.validate.go:80.24,82.3 1 0
github.com/ZergsLaw/back-template/api/session/v1/session.pb.validate.go:83.2,83.33 1 0
github.com/ZergsLaw/back-template/api/session/v1/session.pb.validate.go:87.51,87.63 1 0
github.com/ZergsLaw/back-template/api/session/v1/session.pb.validate.go:99.51,99.69 1 0
github.com/ZergsLaw/back-template/api/session/v1/session.pb.validate.go:102.52,102.71 1 0
github.com/ZergsLaw/back-template/api/session/v1/session.pb.validate.go:105.50,105.68 1 0
github.com/ZergsLaw/back-template/api/session/v1/session.pb.validate.go:108.47,108.63 1 0
github.com/ZergsLaw/back-template/api/session/v1/session.pb.validate.go:111.55,111.93 1 0
github.com/ZergsLaw/back-template/api/session/v1/session.pb.validate.go:114.51,116.20 2 0
github.com/ZergsLaw/back-template/api/session/v1/session.pb.validate.go:116.20,118.3 1 0
github.com/ZergsLaw/back-template/api/session/v1/session.pb.validate.go:120.2,121.11 2 0
github.com/ZergsLaw/back-template/api/session/v1/session.pb.validate.go:121.11,123.3 1 0
github.com/ZergsLaw/back-template/api/session/v1/session.pb.validate.go:125.2,130.9 1 0
github.com/ZergsLaw/back-template/api/session/v1/session.pb.validate.go:146.40,148.2 1 0
github.com/ZergsLaw/back-template/api/session/v1/session.pb.validate.go:154.43,156.2 1 0
github.com/ZergsLaw/back-template/api/session/v1/session.pb.validate.go:158.48,159.14 1 0
github.com/ZergsLaw/back-template/api/session/v1/session.pb.validate.go:159.14,161.3 1 0
github.com/ZergsLaw/back-template/api/session/v1/session.pb.validate.go:163.2,171.21 2 0
github.com/ZergsLaw/back-template/api/session/v1/session.pb.validate.go:171.21,173.3 1 0
github.com/ZergsLaw/back-template/api/session/v1/session.pb.validate.go:175.2,175.12 1 0
github.com/ZergsLaw/back-template/api/session/v1/session.pb.validate.go:183.47,185.24 2 0
github.com/ZergsLaw/back-template/api/session/v1/session.pb.validate.go:185.24,187.3 1 0
github.com/ZergsLaw/back-template/api/session/v1/session.pb.validate.go:188.2,188.33 1 0
github.com/ZergsLaw/back-template/api/session/v1/session.pb.validate.go:192.52,192.64 1 0
github.com/ZergsLaw/back-template/api/session/v1/session.pb.validate.go:204.52,204.70 1 0
github.com/ZergsLaw/back-template/api/session/v1/session.pb.validate.go:207.53,207.72 1 0
github.com/ZergsLaw/back-template/api/session/v1/session.pb.validate.go:210.51,210.69 1 0
github.com/ZergsLaw/back-template/api/session/v1/session.pb.validate.go:213.48,213.64 1 0
github.com/ZergsLaw/back-template/api/session/v1/session.pb.validate.go:216.56,216.95 1 0
github.com/ZergsLaw/back-template/api/session/v1/session.pb.validate.go:219.52,221.20 2 0
github.com/ZergsLaw/back-template/api/session/v1/session.pb.validate.go:221.20,223.3 1 0
github.com/ZergsLaw/back-template/api/session/v1/session.pb.validate.go:225.2,226.11 2 0
github.com/ZergsLaw/back-template/api/session/v1/session.pb.validate.go:226.11,228.3 1 0
github.com/ZergsLaw/back-template/api/session/v1/session.pb.validate.go:230.2,235.9 1 0
github.com/ZergsLaw/back-template/api/session/v1/session.pb.validate.go:251.42,253.2 1 0
github.com/ZergsLaw/back-template/api/session/v1/session.pb.validate.go:259.45,261.2 1 0
github.com/ZergsLaw/back-template/api/session/v1/session.pb.validate.go:263.50,264.14 1 0
github.com/ZergsLaw/back-template/api/session/v1/session.pb.validate.go:264.14,266.3 1 0
github.com/ZergsLaw/back-template/api/session/v1/session.pb.validate.go:268.2,272.21 2 0
github.com/ZergsLaw/back-template/api/session/v1/session.pb.validate.go:272.21,274.3 1 0
github.com/ZergsLaw/back-template/api/session/v1/session.pb.validate.go:276.2,276.12 1 0
github.com/ZergsLaw/back-template/api/session/v1/session.pb.validate.go:285.49,287.24 2 0
github.com/ZergsLaw/back-template/api/session/v1/session.pb.validate.go:287.24,289.3 1 0
github.com/ZergsLaw/back-template/api/session/v1/session.pb.validate.go:290.2,290.33 1 0
github.com/ZergsLaw/back-template/api/session/v1/session.pb.validate.go:294.54,294.66 1 0
github.com/ZergsLaw/back-template/api/session/v1/session.pb.validate.go:306.54,306.72 1 0
github.com/ZergsLaw/back-template/api/session/v1/session.pb.validate.go:309.55,309.74 1 0
github.com/ZergsLaw/back-template/api/session/v1/session.pb.validate.go:312.53,312.71 1 0
github.com/ZergsLaw/back-template/api/session/v1/session.pb.validate.go:315.50,315.66 1 0
github.com/ZergsLaw/back-template/api/session/v1/session.pb.validate.go:318.58,318.99 1 0
github.com/ZergsLaw/back-template/api/session/v1/session.pb.validate.go:321.54,323.20 2 0
github.com/ZergsLaw/back-template/api/session/v1/session.pb.validate.go:323.20,325.3 1 0
github.com/ZergsLaw/back-template/api/session/v1/session.pb.validate.go:327.2,328.11 2 0
github.com/ZergsLaw/back-template/api/session/v1/session.pb.validate.go:328.11,330.3 1 0
github.com/ZergsLaw/back-template/api/session/v1/session.pb.validate.go:332.2,337.9 1 0
github.com/ZergsLaw/back-template/api/session/v1/session.pb.validate.go:353.43,355.2 1 0
github.com/ZergsLaw/back-template/api/session/v1/session.pb.validate.go:361.46,363.2 1 0
github.com/ZergsLaw/back-template/api/session/v1/session.pb.validate.go:365.51,366.14 1 0
github.com/ZergsLaw/back-template/api/session/v1/session.pb.validate.go:366.14,368.3 1 0
github.com/ZergsLaw/back-template/api/session/v1/session.pb.validate.go:370.2,372.21 2 0
github.com/ZergsLaw/back-template/api/session/v1/session.pb.validate.go:372.21,374.3 1 0
github.com/ZergsLaw/back-template/api/session/v1/session.pb.validate.go:376.2,376.12 1 0
github.com/ZergsLaw/back-template/api/session/v1/session.pb.validate.go:385.50,387.24 2 0
github.com/ZergsLaw/back-template/api/session/v1/session.pb.validate.go:387.24,389.3 1 0
github.com/ZergsLaw/back-template/api/session/v1/session.pb.validate.go:390.2,390.33 1 0
github.com/ZergsLaw/back-template/api/session/v1/session.pb.validate.go:394.55,394.67 1 0
github.com/ZergsLaw/back-template/api/session/v1/session.pb.validate.go:406.55,406.73 1 0
github.com/ZergsLaw/back-template/api/session/v1/session.pb.validate.go:409.56,409.75 1 0
github.com/ZergsLaw/back-template/api/session/v1/session.pb.validate.go:412.54,412.72 1 0
github.com/ZergsLaw/back-template/api/session/v1/session.pb.validate.go:415.51,415.67 1 0
github.com/ZergsLaw/back-template/api/session/v1/session.pb.validate.go:418.59,418.101 1 0
github.com/ZergsLaw/back-template/api/session/v1/session.pb.validate.go:421.55,423.20 2 0
github.com/ZergsLaw/back-template/api/session/v1/session.pb.validate.go:423.20,425.3 1 0
github.com/ZergsLaw/back-template/api/session/v1/session.pb.validate.go:427.2,428.11 2 0
github.com/ZergsLaw/back-template/api/session/v1/session.pb.validate.go:428.11,430.3 1 0
github.com/ZergsLaw/back-template/api/session/v1/session.pb.validate.go:432.2,437.9 1 0
github.com/ZergsLaw/back-template/api/session/v1/session.pb.validate.go:453.40,455.2 1 0
github.com/ZergsLaw/back-template/api/session/v1/session.pb.validate.go:461.43,463.2 1 0
github.com/ZergsLaw/back-template/api/session/v1/session.pb.validate.go:465.48,466.14 1 0
github.com/ZergsLaw/back-template/api/session/v1/session.pb.validate.go:466.14,468.3 1 0
github.com/ZergsLaw/back-template/api/session/v1/session.pb.validate.go:470.2,480.21 2 0
github.com/ZergsLaw/back-template/api/session/v1/session.pb.validate.go:480.21,482.3 1 0
github.com/ZergsLaw/back-template/api/session/v1/session.pb.validate.go:484.2,484.12 1 0
github.com/ZergsLaw/back-template/api/session/v1/session.pb.validate.go:492.47,494.24 2 0
github.com/ZergsLaw/back-template/api/session/v1/session.pb.validate.go:494.24,496.3 1 0
github.com/ZergsLaw/back-template/api/session/v1/session.pb.validate.go:497.2,497.33 1 0
github.com/ZergsLaw/back-template/api/session/v1/session.pb.validate.go:501.52,501.64 1 0
github.com/ZergsLaw/back-template/api/session/v1/session.pb.validate.go:513.52,513.70 1 0
github.com/ZergsLaw/back-template/api/session/v1/session.pb.validate.go:516.53,516.72 1 0
github.com/ZergsLaw/back-template/api/session/v1/session.pb.validate.go:519.51,519.69 1 0
github.com/ZergsLaw/back-template/api/session/v1/session.pb.validate.go:522.48,522.64 1 0
github.com/ZergsLaw/back-template/api/session/v1/session.pb.validate.go:525.56,525.95 1 0
github.com/ZergsLaw/back-template/api/session/v1/session.pb.validate.go:528.52,530.20 2 0
github.com/ZergsLaw/back-template/api/session/v1/session.pb.validate.go:530.20,532.3 1 0
github.com/ZergsLaw/back-template/api/session/v1/session.pb.validate.go:534.2,535.11 2 0
github.com/ZergsLaw/back-template/api/session/v1/session.pb.validate.go:535.11,537.3 1 0
github.com/ZergsLaw/back-template/api/session/v1/session.pb.validate.go:539.2,544.9 1 0
github.com/ZergsLaw/back-template/api/session/v1/session.pb.validate.go:560.41,562.2 1 0
github.com/ZergsLaw/back-template/api/session/v1/session.pb.validate.go:568.44,570.2 1 0
github.com/ZergsLaw/back-template/api/session/v1/session.pb.validate.go:572.49,573.14 1 0
github.com/ZergsLaw/back-template/api/session/v1/session.pb.validate.go:573.14,575.3 1 0
github.com/ZergsLaw/back-template/api/session/v1/session.pb.validate.go:577.2,581.21 2 0
github.com/ZergsLaw/back-template/api/session/v1/session.pb.validate.go:581.21,583.3 1 0
github.com/ZergsLaw/back-template/api/session/v1/session.pb.validate.go:585.2,585.12 1 0
github.com/ZergsLaw/back-template/api/session/v1/session.pb.validate.go:593.48,595.24 2 0
github.com/ZergsLaw/back-template/api/session/v1/session.pb.validate.go:595.24,597.3 1 0
github.com/ZergsLaw/back-template/api/session/v1/session.pb.validate.go:598.2,598.33 1 0
github.com/ZergsLaw/back-template/api/session/v1/session.pb.validate.go:602.53,602.65 1 0
github.com/ZergsLaw/back-template/api/session/v1/session.pb.validate.go:614.53,614.71 1 0
github.com/ZergsLaw/back-template/api/session/v1/session.pb.validate.go:617.54,617.73 1 0
github.com/ZergsLaw/back-template/api/session/v1/session.pb.validate.go:620.52,620.70 1 0
github.com/ZergsLaw/back-template/api/session/v1/session.pb.validate.go:623.49,623.65 1 0
github.com/ZergsLaw/back-template/api/session/v1/session.pb.validate.go:626.57,626.97 1 0
github.com/ZergsLaw/back-template/api/session/v1/session.pb.validate.go:629.53,631.20 2 0
github.com/ZergsLaw/back-template/api/session/v1/session.pb.validate.go:631.20,633.3 1 0
github.com/ZergsLaw/back-template/api/session/v1/session.pb.validate.go:635.2,636.11 2 0
github.com/ZergsLaw/back-template/api/session/v1/session.pb.validate.go:636.11,638.3 1 0
github.com/ZergsLaw/back-template/api/session/v1/session.pb.validate.go:640.2,645.9 1 0
github.com/ZergsLaw/back-template/api/session/v1/session_grpc.pb.go:43.88,45.2 1 0
github.com/ZergsLaw/back-template/api/session/v1/session_grpc.pb.go:47.127,50.16 3 0
github.com/ZergsLaw/back-template/api/session/v1/session_grpc.pb.go:50.16,52.3 1 0
github.com/ZergsLaw/back-template/api/session/v1/session_grpc.pb.go:53.2,53.17 1 0
github.com/ZergsLaw/back-template/api/session/v1/session_grpc.pb.go:56.124,59.16 3 0
github.com/ZergsLaw/back-template/api/session/v1/session_grpc.pb.go:59.16,61.3 1 0
github.com/ZergsLaw/back-template/api/session/v1/session_grpc.pb.go:62.2,62.17 1 0
github.com/ZergsLaw/back-template/api/session/v1/session_grpc.pb.go:65.133,68.16 3 0
github.com/ZergsLaw/back-template/api/session/v1/session_grpc.pb.go:68.16,70.3 1 0
github.com/ZergsLaw/back-template/api/session/v1/session_grpc.pb.go:71.2,71.17 1 0
github.com/ZergsLaw/back-template/api/session/v1/session_grpc.pb.go:90.105,92.2 1 0
github.com/ZergsLaw/back-template/api/session/v1/session_grpc.pb.go:93.102,95.2 1 0
github.com/ZergsLaw/back-template/api/session/v1/session_grpc.pb.go:96.111,98.2 1 0
github.com/ZergsLaw/back-template/api/session/v1/session_grpc.pb.go:107.94,109.2 1 0
github.com/ZergsLaw/back-template/api/session/v1/session_grpc.pb.go:111.168,113.32 2 0
github.com/ZergsLaw/back-template/api/session/v1/session_grpc.pb.go:113.32,115.3 1 0
github.com/ZergsLaw/back-template/api/session/v1/session_grpc.pb.go:116.2,116.24 1 0
github.com/ZergsLaw/back-template/api/session/v1/session_grpc.pb.go:116.24,118.3 1 0
github.com/ZergsLaw/back-template/api/session/v1/session_grpc.pb.go:119.2,123.77 2 0
github.com/ZergsLaw/back-template/api/session/v1/session_grpc.pb.go:123.77,125.3 1 0
github.com/ZergsLaw/back-template/api/session/v1/session_grpc.pb.go:126.2,126.44 1 0
github.com/ZergsLaw/back-template/api/session/v1/session_grpc.pb.go:129.167,131.32 2 0
github.com/ZergsLaw/back-template/api/session/v1/session_grpc.pb.go:131.32,133.3 1 0
github.com/ZergsLaw/back-template/api/session/v1/session_grpc.pb.go:134.2,134.24 1 0
github.com/ZergsLaw/back-template/api/session/v1/session_grpc.pb.go:134.24,136.3 1 0
github.com/ZergsLaw/back-template/api/session/v1/session_grpc.pb.go:137.2,141.77 2 0
github.com/ZergsLaw/back-template/api/session/v1/session_grpc.pb.go:141.77,143.3 1 0
github.com/ZergsLaw/back-template/api/session/v1/session_grpc.pb.go:144.2,144.44 1 0
github.com/ZergsLaw/back-template/api/session/v1/session_grpc.pb.go:147.170,149.32 2 0
github.com/ZergsLaw/back-template/api/session/v1/session_grpc.pb.go:149.32,151.3 1 0
github.com/ZergsLaw/back-template/api/session/v1/session_grpc.pb.go:152.2,152.24 1 0
github.com/ZergsLaw/back-template/api/session/v1/session_grpc.pb.go:152.24,154.3 1 0
github.com/ZergsLaw/back-template/api/session/v1/session_grpc.pb.go:155.2,159.77 2 0
github.com/ZergsLaw/back-template/api/session/v1/session_grpc.pb.go:159.77,161.3 1 0
github.com/ZergsLaw/back-template/api/session/v1/session_grpc.pb.go:162.2,162.44 1 0
github.com/ZergsLaw/back-template/api/session/v1/testing.go:14.53,14.75 1 0
github.com/ZergsLaw/back-template/api/session/v1/testing.go:15.53,15.75 1 0
github.com/ZergsLaw/back-template/api/session/v1/testing.go:16.53,16.75 1 0
github.com/ZergsLaw/back-template/api/session/v1/testing.go:18.35,21.18 3 0
github.com/ZergsLaw/back-template/api/session/v1/testing.go:21.18,23.3 1 0
github.com/ZergsLaw/back-template/api/session/v1/testing.go:25.2,25.28 1 0
github.com/ZergsLaw/back-template/api/user_status/v1/user_status.pb.go:66.40,70.2 3 0
github.com/ZergsLaw/back-template/api/user_status/v1/user_status.pb.go:72.37,74.2 1 0
github.com/ZergsLaw/back-template/api/user_status/v1/user_status.pb.go:76.60,78.2 1 0
github.com/ZergsLaw/back-template/api/user_status/v1/user_status.pb.go:80.48,82.2 1 0
github.com/ZergsLaw/back-template/api/user_status/v1/user_status.pb.go:84.54,86.2 1 0
github.com/ZergsLaw/back-template/api/user_status/v1/user_status.pb.go:89.52,91.2 1 0
github.com/ZergsLaw/back-template/api/user_status/v1/user_status.pb.go:123.69,124.66 1 0
github.com/ZergsLaw/back-template/api/user_status/v1/user_status.pb.go:124.66,126.3 1 0
github.com/ZergsLaw/back-template/api/user_status/v1/user_status.pb.go:127.2,127.62 1 0
github.com/ZergsLaw/back-template/api/user_status/v1/user_status.pb.go:142.13,142.65 1 0
github.com/ZergsLaw/back-template/api/user_status/v1/user_status.pb.go:143.55,144.54 1 0
github.com/ZergsLaw/back-template/api/user_status/v1/user_status.pb.go:144.54,146.3 1 0
github.com/ZergsLaw/back-template/api/user_status/v1/user_status.pb.go:147.2,164.57 6 0
github.com/ZergsLaw/back-template/api/user/v1/queue.go:29.46,43.9 4 0
github.com/ZergsLaw/back-template/api/user/v1/queue.go:44.54,46.17 2 0
github.com/ZergsLaw/back-template/api/user/v1/queue.go:46.17,48.4 1 0
github.com/ZergsLaw/back-template/api/user/v1/queue.go:50.3,50.13 1 0
github.com/ZergsLaw/back-template/api/user/v1/queue.go:51.18,52.45 1 0
github.com/ZergsLaw/back-template/api/user/v1/queue.go:55.2,55.12 1 0
github.com/ZergsLaw/back-template/api/user/v1/testing.go:23.67,23.89 1 0
github.com/ZergsLaw/back-template/api/user/v1/testing.go:24.67,24.89 1 0
github.com/ZergsLaw/back-template/api/user/v1/testing.go:25.67,25.89 1 0
github.com/ZergsLaw/back-template/api/user/v1/testing.go:26.67,26.89 1 0
github.com/ZergsLaw/back-template/api/user/v1/testing.go:27.67,27.89 1 0
github.com/ZergsLaw/back-template/api/user/v1/testing.go:28.67,28.89 1 0
github.com/ZergsLaw/back-template/api/user/v1/testing.go:29.67,29.89 1 0
github.com/ZergsLaw/back-template/api/user/v1/testing.go:30.67,30.89 1 0
github.com/ZergsLaw/back-template/api/user/v1/testing.go:31.67,31.89 1 0
github.com/ZergsLaw/back-template/api/user/v1/testing.go:32.67,32.89 1 0
github.com/ZergsLaw/back-template/api/user/v1/testing.go:33.67,33.89 1 0
github.com/ZergsLaw/back-template/api/user/v1/testing.go:34.67,34.89 1 0
github.com/ZergsLaw/back-template/api/user/v1/testing.go:36.49,38.9 2 0
github.com/ZergsLaw/back-template/api/user/v1/testing.go:38.9,40.3 1 0
github.com/ZergsLaw/back-template/api/user/v1/testing.go:42.2,42.27 1 0
github.com/ZergsLaw/back-template/api/user/v1/user.pb.go:37.40,39.29 2 0
github.com/ZergsLaw/back-template/api/user/v1/user.pb.go:39.29,43.3 3 0
github.com/ZergsLaw/back-template/api/user/v1/user.pb.go:46.48,48.2 1 0
github.com/ZergsLaw/back-template/api/user/v1/user.pb.go:50.46,50.47 0 0
github.com/ZergsLaw/back-template/api/user/v1/user.pb.go:52.68,54.41 2 0
github.com/ZergsLaw/back-template/api/user/v1/user.pb.go:54.41,56.34 2 0
github.com/ZergsLaw/back-template/api/user/v1/user.pb.go:56.34,58.4 1 0
github.com/ZergsLaw/back-template/api/user/v1/user.pb.go:59.3,59.12 1 0
github.com/ZergsLaw/back-template/api/user/v1/user.pb.go:61.2,61.24 1 0
github.com/ZergsLaw/back-template/api/user/v1/user.pb.go:65.59,67.2 1 0
github.com/ZergsLaw/back-template/api/user/v1/user.pb.go:69.50,70.14 1 0
github.com/ZergsLaw/back-template/api/user/v1/user.pb.go:70.14,72.3 1 0
github.com/ZergsLaw/back-template/api/user/v1/user.pb.go:73.2,73.12 1 0
github.com/ZergsLaw/back-template/api/user/v1/user.pb.go:84.41,86.29 2 0
github.com/ZergsLaw/back-template/api/user/v1/user.pb.go:86.29,90.3 3 0
github.com/ZergsLaw/back-template/api/user/v1/user.pb.go:93.49,95.2 1 0
github.com/ZergsLaw/back-template/api/user/v1/user.pb.go:97.47,97.48 0 0
github.com/ZergsLaw/back-template/api/user/v1/user.pb.go:99.69,101.41 2 0
github.com/ZergsLaw/back-template/api/user/v1/user.pb.go:101.41,103.34 2 0
github.com/ZergsLaw/back-template/api/user/v1/user.pb.go:103.34,105.4 1 0
github.com/ZergsLaw/back-template/api/user/v1/user.pb.go:106.3,106.12 1 0
github.com/ZergsLaw/back-template/api/user/v1/user.pb.go:108.2,108.24 1 0
github.com/ZergsLaw/back-template/api/user/v1/user.pb.go:112.60,114.2 1 0
github.com/ZergsLaw/back-template/api/user/v1/user.pb.go:116.53,117.14 1 0
github.com/ZergsLaw/back-template/api/user/v1/user.pb.go:117.14,119.3 1 0
github.com/ZergsLaw/back-template/api/user/v1/user.pb.go:120.2,120.12 1 0
github.com/ZergsLaw/back-template/api/user/v1/user.pb.go:131.44,133.29 2 0
github.com/ZergsLaw/back-template/api/user/v1/user.pb.go:133.29,137.3 3 0
github.com/ZergsLaw/back-template/api/user/v1/user.pb.go:140.52,142.2 1 0
github.com/ZergsLaw/back-template/api/user/v1/user.pb.go:144.50,144.51 0 0
github.com/ZergsLaw/back-template/api/user/v1/user.pb.go:146.72,148.41 2 0
github.com/ZergsLaw/back-template/api/user/v1/user.pb.go:148.41,150.34 2 0
github.com/ZergsLaw/back-template/api/user/v1/user.pb.go:150.34,152.4 1 0
github.com/ZergsLaw/back-template/api/user/v1/user.pb.go:153.3,153.12 1 0
github.com/ZergsLaw/back-template/api/user/v1/user.pb.go:155.2,155.24 1 0
github.com/ZergsLaw/back-template/api/user/v1/user.pb.go:159.63,161.2 1 0
github.com/ZergsLaw/back-template/api/user/v1/user.pb.go:163.54,164.14 1 0
github.com/ZergsLaw/back-template/api/user/v1/user.pb.go:164.14,166.3 1 0
github.com/ZergsLaw/back-template/api/user/v1/user.pb.go:167.2,167.11 1 0
github.com/ZergsLaw/back-template/api/user/v1/user.pb.go:176.45,178.29 2 0
github.com/ZergsLaw/back-template/api/user/v1/user.pb.go:178.29,182.3 3 0
github.com/ZergsLaw/back-template/api/user/v1/user.pb.go:185.53,187.2 1 0
github.com/ZergsLaw/back-template/api/user/v1/user.pb.go:189.51,189.52 0 0
github.com/ZergsLaw/back-template/api/user/v1/user.pb.go:191.73,193.41 2 0
github.com/ZergsLaw/back-template/api/user/v1/user.pb.go:193.41,195.34 2 0
github.com/ZergsLaw/back-template/api/user/v1/user.pb.go:195.34,197.4 1 0
github.com/ZergsLaw/back-template/api/user/v1/user.pb.go:198.3,198.12 1 0
github.com/ZergsLaw/back-template/api/user/v1/user.pb.go:200.2,200.24 1 0
github.com/ZergsLaw/back-template/api/user/v1/user.pb.go:204.64,206.2 1 0
github.com/ZergsLaw/back-template/api/user/v1/user.pb.go:216.47,218.29 2 0
github.com/ZergsLaw/back-template/api/user/v1/user.pb.go:218.29,222.3 3 0
github.com/ZergsLaw/back-template/api/user/v1/user.pb.go:225.55,227.2 1 0
github.com/ZergsLaw/back-template/api/user/v1/user.pb.go:229.53,229.54 0 0
github.com/ZergsLaw/back-template/api/user/v1/user.pb.go:231.75,233.41 2 0
github.com/ZergsLaw/back-template/api/user/v1/user.pb.go:233.41,235.34 2 0
github.com/ZergsLaw/back-template/api/user/v1/user.pb.go:235.34,237.4 1 0
github.com/ZergsLaw/back-template/api/user/v1/user.pb.go:238.3,238.12 1 0
github.com/ZergsLaw/back-template/api/user/v1/user.pb.go:240.2,240.24 1 0
github.com/ZergsLaw/back-template/api/user/v1/user.pb.go:244.66,246.2 1 0
github.com/ZergsLaw/back-template/api/user/v1/user.pb.go:248.60,249.14 1 0
github.com/ZergsLaw/back-template/api/user/v1/user.pb.go:249.14,251.3 1 0
github.com/ZergsLaw/back-template/api/user/v1/user.pb.go:252.2,252.11 1 0
github.com/ZergsLaw/back-template/api/user/v1/user.pb.go:261.48,263.29 2 0
github.com/ZergsLaw/back-template/api/user/v1/user.pb.go:263.29,267.3 3 0
github.com/ZergsLaw/back-template/api/user/v1/user.pb.go:270.56,272.2 1 0
github.com/ZergsLaw/back-template/api/user/v1/user.pb.go:274.54,274.55 0 0
github.com/ZergsLaw/back-template/api/user/v1/user.pb.go:276.76,278.41 2 0
github.com/ZergsLaw/back-template/api/user/v1/user.pb.go:278.41,280.34 2 0
github.com/ZergsLaw/back-template/api/user/v1/user.pb.go:280.34,282.4 1 0
github.com/ZergsLaw/back-template/api/user/v1/user.pb.go:283.3,283.12 1 0
github.com/ZergsLaw/back-template/api/user/v1/user.pb.go:285.2,285.24 1 0
github.com/ZergsLaw/back-template/api/user/v1/user.pb.go:289.67,291.2 1 0
github.com/ZergsLaw/back-template/api/user/v1/user.pb.go:304.37,306.29 2 0
github.com/ZergsLaw/back-template/api/user/v1/user.pb.go:306.29,310.3 3 0
github.com/ZergsLaw/back-template/api/user/v1/user.pb.go:313.45,315.2 1 0
github.com/ZergsLaw/back-template/api/user/v1/user.pb.go:317.43,317.44 0 0
github.com/ZergsLaw/back-template/api/user/v1/user.pb.go:319.65,321.41 2 0
github.com/ZergsLaw/back-template/api/user/v1/user.pb.go:321.41,323.34 2 0
github.com/ZergsLaw/back-template/api/user/v1/user.pb.go:323.34,325.4 1 0
github.com/ZergsLaw/back-template/api/user/v1/user.pb.go:326.3,326.12 1 0
github.com/ZergsLaw/back-template/api/user/v1/user.pb.go:328.2,328.24 1 0
github.com/ZergsLaw/back-template/api/user/v1/user.pb.go:332.56,334.2 1 0
github.com/ZergsLaw/back-template/api/user/v1/user.pb.go:336.50,337.14 1 0
github.com/ZergsLaw/back-template/api/user/v1/user.pb.go:337.14,339.3 1 0
github.com/ZergsLaw/back-template/api/user/v1/user.pb.go:340.2,340.11 1 0
github.com/ZergsLaw/back-template/api/user/v1/user.pb.go:343.47,344.14 1 0
github.com/ZergsLaw/back-template/api/user/v1/user.pb.go:344.14,346.3 1 0
github.com/ZergsLaw/back-template/api/user/v1/user.pb.go:347.2,347.11 1 0
github.com/ZergsLaw/back-template/api/user/v1/user.pb.go:350.50,351.14 1 0
github.com/ZergsLaw/back-template/api/user/v1/user.pb.go:351.14,353.3 1 0
github.com/ZergsLaw/back-template/api/user/v1/user.pb.go:354.2,354.11 1 0
github.com/ZergsLaw/back-template/api/user/v1/user.pb.go:357.50,358.14 1 0
github.com/ZergsLaw/back-template/api/user/v1/user.pb.go:358.14,360.3 1 0
github.com/ZergsLaw/back-template/api/user/v1/user.pb.go:361.2,361.11 1 0
github.com/ZergsLaw/back-template/api/user/v1/user.pb.go:372.38,374.29 2 0
github.com/ZergsLaw/back-template/api/user/v1/user.pb.go:374.29,378.3 3 0
github.com/ZergsLaw/back-template/api/user/v1/user.pb.go:381.46,383.2 1 0
github.com/ZergsLaw/back-template/api/user/v1/user.pb.go:385.44,385.45 0 0
github.com/ZergsLaw/back-template/api/user/v1/user.pb.go:387.66,389.41 2 0
github.com/ZergsLaw/back-template/api/user/v1/user.pb.go:389.41,391.34 2 0
github.com/ZergsLaw/back-template/api/user/v1/user.pb.go:391.34,393.4 1 0
github.com/ZergsLaw/back-template/api/user/v1/user.pb.go:394.3,394.12 1 0
github.com/ZergsLaw/back-template/api/user/v1/user.pb.go:396.2,396.24 1 0
github.com/ZergsLaw/back-template/api/user/v1/user.pb.go:400.57,402.2 1 0
github.com/ZergsLaw/back-template/api/user/v1/user.pb.go:404.45,405.14 1 0
github.com/ZergsLaw/back-template/api/user/v1/user.pb.go:405.14,407.3 1 0
github.com/ZergsLaw/back-template/api/user/v1/user.pb.go:408.2,408.11 1 0
github.com/ZergsLaw/back-template/api/user/v1/user.pb.go:420.32,422.29 2 0
github.com/ZergsLaw/back-template/api/user/v1/user.pb.go:422.29,426.3 3 0
github.com/ZergsLaw/back-template/api/user/v1/user.pb.go:429.40,431.2 1 0
github.com/ZergsLaw/back-template/api/user/v1/user.pb.go:433.38,433.39 0 0
github.com/ZergsLaw/back-template/api/user/v1/user.pb.go:435.60,437.41 2 0
github.com/ZergsLaw/back-template/api/user/v1/user.pb.go:437.41,439.34 2 0
github.com/ZergsLaw/back-template/api/user/v1/user.pb.go:439.34,441.4 1 0
github.com/ZergsLaw/back-template/api/user/v1/user.pb.go:442.3,442.12 1 0
github.com/ZergsLaw/back-template/api/user/v1/user.pb.go:444.2,444.24 1 0
github.com/ZergsLaw/back-template/api/user/v1/user.pb.go:448.51,450.2 1 0
github.com/ZergsLaw/back-template/api/user/v1/user.pb.go:452.42,453.14 1 0
github.com/ZergsLaw/back-template/api/user/v1/user.pb.go:453.14,455.3 1 0
github.com/ZergsLaw/back-template/api/user/v1/user.pb.go:456.2,456.11 1 0
github.com/ZergsLaw/back-template/api/user/v1/user.pb.go:459.45,460.14 1 0
github.com/ZergsLaw/back-template/api/user/v1/user.pb.go:460.14,462.3 1 0
github.com/ZergsLaw/back-template/api/user/v1/user.pb.go:463.2,463.11 1 0
github.com/ZergsLaw/back-template/api/user/v1/user.pb.go:474.33,476.29 2 0
github.com/ZergsLaw/back-template/api/user/v1/user.pb.go:476.29,480.3 3 0
github.com/ZergsLaw/back-template/api/user/v1/user.pb.go:483.41,485.2 1 0
github.com/ZergsLaw/back-template/api/user/v1/user.pb.go:487.39,487.40 0 0
github.com/ZergsLaw/back-template/api/user/v1/user.pb.go:489.61,491.41 2 0
github.com/ZergsLaw/back-template/api/user/v1/user.pb.go:491.41,493.34 2 0
github.com/ZergsLaw/back-template/api/user/v1/user.pb.go:493.34,495.4 1 0
github.com/ZergsLaw/back-template/api/user/v1/user.pb.go:496.3,496.12 1 0
github.com/ZergsLaw/back-template/api/user/v1/user.pb.go:498.2,498.24 1 0
github.com/ZergsLaw/back-template/api/user/v1/user.pb.go:502.52,504.2 1 0
github.com/ZergsLaw/back-template/api/user/v1/user.pb.go:506.44,507.14 1 0
github.com/ZergsLaw/back-template/api/user/v1/user.pb.go:507.14,509.3 1 0
github.com/ZergsLaw/back-template/api/user/v1/user.pb.go:510.2,510.11 1 0
github.com/ZergsLaw/back-template/api/user/v1/user.pb.go:521.34,523.29 2 0
github.com/ZergsLaw/back-template/api/user/v1/user.pb.go:523.29,527.3 3 0
github.com/ZergsLaw/back-template/api/user/v1/user.pb.go:530.42,532.2 1 0
github.com/ZergsLaw/back-template/api/user/v1/user.pb.go:534.40,534.41 0 0
github.com/ZergsLaw/back-template/api/user/v1/user.pb.go:536.62,538.41 2 0
github.com/ZergsLaw/back-template/api/user/v1/user.pb.go:538.41,540.34 2 0
github.com/ZergsLaw/back-template/api/user/v1/user.pb.go:540.34,542.4 1 0
github.com/ZergsLaw/back-template/api/user/v1/user.pb.go:543.3,543.12 1 0
github.com/ZergsLaw/back-template/api/user/v1/user.pb.go:545.2,545.24 1 0
github.com/ZergsLaw/back-template/api/user/v1/user.pb.go:549.53,551.2 1 0
github.com/ZergsLaw/back-template/api/user/v1/user.pb.go:553.41,554.14 1 0
github.com/ZergsLaw/back-template/api/user/v1/user.pb.go:554.14,556.3 1 0
github.com/ZergsLaw/back-template/api/user/v1/user.pb.go:557.2,557.11 1 0
github.com/ZergsLaw/back-template/api/user/v1/user.pb.go:568.35,570.29 2 0
github.com/ZergsLaw/back-template/api/user/v1/user.pb.go:570.29,574.3 3 0
github.com/ZergsLaw/back-template/api/user/v1/user.pb.go:577.43,579.2 1 0
github.com/ZergsLaw/back-template/api/user/v1/user.pb.go:581.41,581.42 0 0
github.com/ZergsLaw/back-template/api/user/v1/user.pb.go:583.63,585.41 2 0
github.com/ZergsLaw/back-template/api/user/v1/user.pb.go:585.41,587.34 2 0
github.com/ZergsLaw/back-template/api/user/v1/user.pb.go:587.34,589.4 1 0
github.com/ZergsLaw/back-template/api/user/v1/user.pb.go:590.3,590.12 1 0
github.com/ZergsLaw/back-template/api/user/v1/user.pb.go:592.2,592.24 1 0
github.com/ZergsLaw/back-template/api/user/v1/user.pb.go:596.54,598.2 1 0
github.com/ZergsLaw/back-template/api/user/v1/user.pb.go:600.43,601.14 1 0
github.com/ZergsLaw/back-template/api/user/v1/user.pb.go:601.14,603.3 1 0
github.com/ZergsLaw/back-template/api/user/v1/user.pb.go:604.2,604.12 1 0
github.com/ZergsLaw/back-template/api/user/v1/user.pb.go:618.38,620.29 2 0
github.com/ZergsLaw/back-template/api/user/v1/user.pb.go:620.29,624.3 3 0
github.com/ZergsLaw/back-template/api/user/v1/user.pb.go:627.46,629.2 1 0
github.com/ZergsLaw/back-template/api/user/v1/user.pb.go:631.44,631.45 0 0
github.com/ZergsLaw/back-template/api/user/v1/user.pb.go:633.66,635.41 2 0
github.com/ZergsLaw/back-template/api/user/v1/user.pb.go:635.41,637.34 2 0
github.com/ZergsLaw/back-template/api/user/v1/user.pb.go:637.34,639.4 1 0
github.com/ZergsLaw/back-template/api/user/v1/user.pb.go:640.3,640.12 1 0
github.com/ZergsLaw/back-template/api/user/v1/user.pb.go:642.2,642.24 1 0
github.com/ZergsLaw/back-template/api/user/v1/user.pb.go:646.57,648.2 1 0
github.com/ZergsLaw/back-template/api/user/v1/user.pb.go:650.47,651.14 1 0
github.com/ZergsLaw/back-template/api/user/v1/user.pb.go:651.14,653.3 1 0
github.com/ZergsLaw/back-template/api/user/v1/user.pb.go:654.2,654.11 1 0
github.com/ZergsLaw/back-template/api/user/v1/user.pb.go:657.47,658.14 1 0
github.com/ZergsLaw/back-template/api/user/v1/user.pb.go:658.14,660.3 1 0
github.com/ZergsLaw/back-template/api/user/v1/user.pb.go:661.2,661.10 1 0
github.com/ZergsLaw/back-template/api/user/v1/user.pb.go:664.48,665.14 1 0
github.com/ZergsLaw/back-template/api/user/v1/user.pb.go:665.14,667.3 1 0
github.com/ZergsLaw/back-template/api/user/v1/user.pb.go:668.2,668.10 1 0
github.com/ZergsLaw/back-template/api/user/v1/user.pb.go:680.39,682.29 2 0
github.com/ZergsLaw/back-template/api/user/v1/user.pb.go:682.29,686.3 3 0
github.com/ZergsLaw/back-template/api/user/v1/user.pb.go:689.47,691.2 1 0
github.com/ZergsLaw/back-template/api/user/v1/user.pb.go:693.45,693.46 0 0
github.com/ZergsLaw/back-template/api/user/v1/user.pb.go:695.67,697.41 2 0
github.com/ZergsLaw/back-template/api/user/v1/user.pb.go:697.41,699.34 2 0
github.com/ZergsLaw/back-template/api/user/v1/user.pb.go:699.34,701.4 1 0
github.com/ZergsLaw/back-template/api/user/v1/user.pb.go:702.3,702.12 1 0
github.com/ZergsLaw/back-template/api/user/v1/user.pb.go:704.2,704.24 1 0
github.com/ZergsLaw/back-template/api/user/v1/user.pb.go:708.58,710.2 1 0
github.com/ZergsLaw/back-template/api/user/v1/user.pb.go:712.50,713.14 1 0
github.com/ZergsLaw/back-template/api/user/v1/user.pb.go:713.14,715.3 1 0
github.com/ZergsLaw/back-template/api/user/v1/user.pb.go:716.2,716.12 1 0
github.com/ZergsLaw/back-template/api/user/v1/user.pb.go:719.48,720.14 1 0
github.com/ZergsLaw/back-template/api/user/v1/user.pb.go:720.14,722.3 1 0
github.com/ZergsLaw/back-template/api/user/v1/user.pb.go:723.2,723.10 1 0
github.com/ZergsLaw/back-template/api/user/v1/user.pb.go:732.33,734.29 2 0
github.com/ZergsLaw/back-template/api/user/v1/user.pb.go:734.29,738.3 3 0
github.com/ZergsLaw/back-template/api/user/v1/user.pb.go:741.41,743.2 1 0
github.com/ZergsLaw/back-template/api/user/v1/user.pb.go:745.39,745.40 0 0
github.com/ZergsLaw/back-template/api/user/v1/user.pb.go:747.61,749.41 2 0
github.com/ZergsLaw/back-template/api/user/v1/user.pb.go:749.41,751.34 2 0
github.com/ZergsLaw/back-template/api/user/v1/user.pb.go:751.34,753.4 1 0
github.com/ZergsLaw/back-template/api/user/v1/user.pb.go:754.3,754.12 1 0
github.com/ZergsLaw/back-template/api/user/v1/user.pb.go:756.2,756.24 1 0
github.com/ZergsLaw/back-template/api/user/v1/user.pb.go:760.52,762.2 1 0
github.com/ZergsLaw/back-template/api/user/v1/user.pb.go:770.34,772.29 2 0
github.com/ZergsLaw/back-template/api/user/v1/user.pb.go:772.29,776.3 3 0
github.com/ZergsLaw/back-template/api/user/v1/user.pb.go:779.42,781.2 1 0
github.com/ZergsLaw/back-template/api/user/v1/user.pb.go:783.40,783.41 0 0
github.com/ZergsLaw/back-template/api/user/v1/user.pb.go:785.62,787.41 2 0
github.com/ZergsLaw/back-template/api/user/v1/user.pb.go:787.41,789.34 2 0
github.com/ZergsLaw/back-template/api/user/v1/user.pb.go:789.34,791.4 1 0
github.com/ZergsLaw/back-template/api/user/v1/user.pb.go:792.3,792.12 1 0
github.com/ZergsLaw/back-template/api/user/v1/user.pb.go:794.2,794.24 1 0
github.com/ZergsLaw/back-template/api/user/v1/user.pb.go:798.53,800.2 1 0
github.com/ZergsLaw/back-template/api/user/v1/user.pb.go:811.41,813.29 2 0
github.com/ZergsLaw/back-template/api/user/v1/user.pb.go:813.29,817.3 3 0
github.com/ZergsLaw/back-template/api/user/v1/user.pb.go:820.49,822.2 1 0
github.com/ZergsLaw/back-template/api/user/v1/user.pb.go:824.47,824.48 0 0
github.com/ZergsLaw/back-template/api/user/v1/user.pb.go:826.69,828.41 2 0
github.com/ZergsLaw/back-template/api/user/v1/user.pb.go:828.41,830.34 2 0
github.com/ZergsLaw/back-template/api/user/v1/user.pb.go:830.34,832.4 1 0
github.com/ZergsLaw/back-template/api/user/v1/user.pb.go:833.3,833.12 1 0
github.com/ZergsLaw/back-template/api/user/v1/user.pb.go:835.2,835.24 1 0
github.com/ZergsLaw/back-template/api/user/v1/user.pb.go:839.60,841.2 1 0
github.com/ZergsLaw/back-template/api/user/v1/user.pb.go:843.49,844.14 1 0
github.com/ZergsLaw/back-template/api/user/v1/user.pb.go:844.14,846.3 1 0
github.com/ZergsLaw/back-template/api/user/v1/user.pb.go:847.2,847.11 1 0
github.com/ZergsLaw/back-template/api/user/v1/user.pb.go:850.49,851.14 1 0
github.com/ZergsLaw/back-template/api/user/v1/user.pb.go:851.14,853.3 1 0
github.com/ZergsLaw/back-template/api/user/v1/user.pb.go:854.2,854.11 1 0
github.com/ZergsLaw/back-template/api/user/v1/user.pb.go:863.42,865.29 2 0
github.com/ZergsLaw/back-template/api/user/v1/user.pb.go:865.29,869.3 3 0
github.com/ZergsLaw/back-template/api/user/v1/user.pb.go:872.50,874.2 1 0
github.com/ZergsLaw/back-template/api/user/v1/user.pb.go:876.48,876.49 0 0
github.com/ZergsLaw/back-template/api/user/v1/user.pb.go:878.70,880.41 2 0
github.com/ZergsLaw/back-template/api/user/v1/user.pb.go:880.41,882.34 2 0
github.com/ZergsLaw/back-template/api/user/v1/user.pb.go:882.34,884.4 1 0
github.com/ZergsLaw/back-template/api/user/v1/user.pb.go:885.3,885.12 1 0
github.com/ZergsLaw/back-template/api/user/v1/user.pb.go:887.2,887.24 1 0
github.com/ZergsLaw/back-template/api/user/v1/user.pb.go:891.61,893.2 1 0
github.com/ZergsLaw/back-template/api/user/v1/user.pb.go:905.37,907.29 2 0
github.com/ZergsLaw/back-template/api/user/v1/user.pb.go:907.29,911.3 3 0
github.com/ZergsLaw/back-template/api/user/v1/user.pb.go:914.45,916.2 1 0
github.com/ZergsLaw/back-template/api/user/v1/user.pb.go:918.43,918.44 0 0
github.com/ZergsLaw/back-template/api/user/v1/user.pb.go:920.65,922.41 2 0
github.com/ZergsLaw/back-template/api/user/v1/user.pb.go:922.41,924.34 2 0
github.com/ZergsLaw/back-template/api/user/v1/user.pb.go:924.34,926.4 1 0
github.com/ZergsLaw/back-template/api/user/v1/user.pb.go:927.3,927.12 1 0
github.com/ZergsLaw/back-template/api/user/v1/user.pb.go:929.2,929.24 1 0
github.com/ZergsLaw/back-template/api/user/v1/user.pb.go:933.56,935.2 1 0
github.com/ZergsLaw/back-template/api/user/v1/user.pb.go:937.50,938.14 1 0
github.com/ZergsLaw/back-template/api/user/v1/user.pb.go:938.14,940.3 1 0
github.com/ZergsLaw/back-template/api/user/v1/user.pb.go:941.2,941.11 1 0
github.com/ZergsLaw/back-template/api/user/v1/user.pb.go:944.50,945.14 1 0
github.com/ZergsLaw/back-template/api/user/v1/user.pb.go:945.14,947.3 1 0
github.com/ZergsLaw/back-template/api/user/v1/user.pb.go:948.2,948.11 1 0
github.com/ZergsLaw/back-template/api/user/v1/user.pb.go:951.50,952.14 1 0
github.com/ZergsLaw/back-template/api/user/v1/user.pb.go:952.14,954.3 1 0
github.com/ZergsLaw/back-template/api/user/v1/user.pb.go:955.2,955.11 1 0
github.com/ZergsLaw/back-template/api/user/v1/user.pb.go:964.38,966.29 2 0
github.com/ZergsLaw/back-template/api/user/v1/user.pb.go:966.29,970.3 3 0
github.com/ZergsLaw/back-template/api/user/v1/user.pb.go:973.46,975.2 1 0
github.com/ZergsLaw/back-template/api/user/v1/user.pb.go:977.44,977.45 0 0
github.com/ZergsLaw/back-template/api/user/v1/user.pb.go:979.66,981.41 2 0
github.com/ZergsLaw/back-template/api/user/v1/user.pb.go:981.41,983.34 2 0
github.com/ZergsLaw/back-template/api/user/v1/user.pb.go:983.34,985.4 1 0
github.com/ZergsLaw/back-template/api/user/v1/user.pb.go:986.3,986.12 1 0
github.com/ZergsLaw/back-template/api/user/v1/user.pb.go:988.2,988.24 1 0
github.com/ZergsLaw/back-template/api/user/v1/user.pb.go:992.57,994.2 1 0
github.com/ZergsLaw/back-template/api/user/v1/user.pb.go:1011.24,1013.29 2 0
github.com/ZergsLaw/back-template/api/user/v1/user.pb.go:1013.29,1017.3 3 0
github.com/ZergsLaw/back-template/api/user/v1/user.pb.go:1020.32,1022.2 1 0
github.com/ZergsLaw/back-template/api/user/v1/user.pb.go:1024.30,1024.31 0 0
github.com/ZergsLaw/back-template/api/user/v1/user.pb.go:1026.52,1028.41 2 0
github.com/ZergsLaw/back-template/api/user/v1/user.pb.go:1028.41,1030.34 2 0
github.com/ZergsLaw/back-template/api/user/v1/user.pb.go:1030.34,1032.4 1 0
github.com/ZergsLaw/back-template/api/user/v1/user.pb.go:1033.3,1033.12 1 0
github.com/ZergsLaw/back-template/api/user/v1/user.pb.go:1035.2,1035.24 1 0
github.com/ZergsLaw/back-template/api/user/v1/user.pb.go:1039.43,1041.2 1 0
github.com/ZergsLaw/back-template/api/user/v1/user.pb.go:1043.31,1044.14 1 0
github.com/ZergsLaw/back-template/api/user/v1/user.pb.go:1044.14,1046.3 1 0
github.com/ZergsLaw/back-template/api/user/v1/user.pb.go:1047.2,1047.11 1 0
github.com/ZergsLaw/back-template/api/user/v1/user.pb.go:1050.37,1051.14 1 0
github.com/ZergsLaw/back-template/api/user/v1/user.pb.go:1051.14,1053.3 1 0
github.com/ZergsLaw/back-template/api/user/v1/user.pb.go:1054.2,1054.11 1 0
github.com/ZergsLaw/back-template/api/user/v1/user.pb.go:1057.34,1058.14 1 0
github.com/ZergsLaw/back-template/api/user/v1/user.pb.go:1058.14,1060.3 1 0
github.com/ZergsLaw/back-template/api/user/v1/user.pb.go:1061.2,1061.11 1 0
github.com/ZergsLaw/back-template/api/user/v1/user.pb.go:1064.37,1065.14 1 0
github.com/ZergsLaw/back-template/api/user/v1/user.pb.go:1065.14,1067.3 1 0
github.com/ZergsLaw/back-template/api/user/v1/user.pb.go:1068.2,1068.11 1 0
github.com/ZergsLaw/back-template/api/user/v1/user.pb.go:1071.40,1072.14 1 0
github.com/ZergsLaw/back-template/api/user/v1/user.pb.go:1072.14,1074.3 1 0
github.com/ZergsLaw/back-template/api/user/v1/user.pb.go:1075.2,1075.25 1 0
github.com/ZergsLaw/back-template/api/user/v1/user.pb.go:1078.37,1079.14 1 0
github.com/ZergsLaw/back-template/api/user/v1/user.pb.go:1079.14,1081.3 1 0
github.com/ZergsLaw/back-template/api/user/v1/user.pb.go:1082.2,1082.11 1 0
github.com/ZergsLaw/back-template/api/user/v1/user.pb.go:1085.54,1086.14 1 0
github.com/ZergsLaw/back-template/api/user/v1/user.pb.go:1086.14,1088.3 1 0
github.com/ZergsLaw/back-template/api/user/v1/user.pb.go:1089.2,1089.12 1 0
github.com/ZergsLaw/back-template/api/user/v1/user.pb.go:1092.54,1093.14 1 0
github.com/ZergsLaw/back-template/api/user/v1/user.pb.go:1093.14,1095.3 1 0
github.com/ZergsLaw/back-template/api/user/v1/user.pb.go:1096.2,1096.12 1 0
github.com/ZergsLaw/back-template/api/user/v1/user.pb.go:1107.39,1109.29 2 0
github.com/ZergsLaw/back-template/api/user/v1/user.pb.go:1109.29,1113.3 3 0
github.com/ZergsLaw/back-template/api/user/v1/user.pb.go:1116.47,1118.2 1 0
github.com/ZergsLaw/back-template/api/user/v1/user.pb.go:1120.45,1120.46 0 0
github.com/ZergsLaw/back-template/api/user/v1/user.pb.go:1122.67,1124.41 2 0
github.com/ZergsLaw/back-template/api/user/v1/user.pb.go:1124.41,1126.34 2 0
github.com/ZergsLaw/back-template/api/user/v1/user.pb.go:1126.34,1128.4 1 0
github.com/ZergsLaw/back-template/api/user/v1/user.pb.go:1129.3,1129.12 1 0
github.com/ZergsLaw/back-template/api/user/v1/user.pb.go:1131.2,1131.24 1 0
github.com/ZergsLaw/back-template/api/user/v1/user.pb.go:1135.58,1137.2 1 0
github.com/ZergsLaw/back-template/api/user/v1/user.pb.go:1139.50,1140.14 1 0
github.com/ZergsLaw/back-template/api/user/v1/user.pb.go:1140.14,1142.3 1 0
github.com/ZergsLaw/back-template/api/user/v1/user.pb.go:1143.2,1143.11 1 0
github.com/ZergsLaw/back-template/api/user/v1/user.pb.go:1152.40,1154.29 2 0
github.com/ZergsLaw/back-template/api/user/v1/user.pb.go:1154.29,1158.3 3 0
github.com/ZergsLaw/back-template/api/user/v1/user.pb.go:1161.48,1163.2 1 0
github.com/ZergsLaw/back-template/api/user/v1/user.pb.go:1165.46,1165.47 0 0
github.com/ZergsLaw/back-template/api/user/v1/user.pb.go:1167.68,1169.41 2 0
github.com/ZergsLaw/back-template/api/user/v1/user.pb.go:1169.41,1171.34 2 0
github.com/ZergsLaw/back-template/api/user/v1/user.pb.go:1171.34,1173.4 1 0
github.com/ZergsLaw/back-template/api/user/v1/user.pb.go:1174.3,1174.12 1 0
github.com/ZergsLaw/back-template/api/user/v1/user.pb.go:1176.2,1176.24 1 0
github.com/ZergsLaw/back-template/api/user/v1/user.pb.go:1180.59,1182.2 1 0
github.com/ZergsLaw/back-template/api/user/v1/user.pb.go:1192.41,1194.29 2 0
github.com/ZergsLaw/back-template/api/user/v1/user.pb.go:1194.29,1198.3 3 0
github.com/ZergsLaw/back-template/api/user/v1/user.pb.go:1201.49,1203.2 1 0
github.com/ZergsLaw/back-template/api/user/v1/user.pb.go:1205.47,1205.48 0 0
github.com/ZergsLaw/back-template/api/user/v1/user.pb.go:1207.69,1209.41 2 0
github.com/ZergsLaw/back-template/api/user/v1/user.pb.go:1209.41,1211.34 2 0
github.com/ZergsLaw/back-template/api/user/v1/user.pb.go:1211.34,1213.4 1 0
github.com/ZergsLaw/back-template/api/user/v1/user.pb.go:1214.3,1214.12 1 0
github.com/ZergsLaw/back-template/api/user/v1/user.pb.go:1216.2,1216.24 1 0
github.com/ZergsLaw/back-template/api/user/v1/user.pb.go:1220.60,1222.2 1 0
github.com/ZergsLaw/back-template/api/user/v1/user.pb.go:1224.52,1225.14 1 0
github.com/ZergsLaw/back-template/api/user/v1/user.pb.go:1225.14,1227.3 1 0
github.com/ZergsLaw/back-template/api/user/v1/user.pb.go:1228.2,1228.11 1 0
github.com/ZergsLaw/back-template/api/user/v1/user.pb.go:1239.42,1241.29 2 0
github.com/ZergsLaw/back-template/api/user/v1/user.pb.go:1241.29,1245.3 3 0
github.com/ZergsLaw/back-template/api/user/v1/user.pb.go:1248.50,1250.2 1 0
github.com/ZergsLaw/back-template/api/user/v1/user.pb.go:1252.48,1252.49 0 0
github.com/ZergsLaw/back-template/api/user/v1/user.pb.go:1254.70,1256.41 2 0
github.com/ZergsLaw/back-template/api/user/v1/user.pb.go:1256.41,1258.34 2 0
github.com/ZergsLaw/back-template/api/user/v1/user.pb.go:1258.34,1260.4 1 0
github.com/ZergsLaw/back-template/api/user/v1/user.pb.go:1261.3,1261.12 1 0
github.com/ZergsLaw/back-template/api/user/v1/user.pb.go:1263.2,1263.24 1 0
github.com/ZergsLaw/back-template/api/user/v1/user.pb.go:1267.61,1269.2 1 0
github.com/ZergsLaw/back-template/api/user/v1/user.pb.go:1271.61,1272.14 1 0
github.com/ZergsLaw/back-template/api/user/v1/user.pb.go:1272.14,1274.3 1 0
github.com/ZergsLaw/back-template/api/user/v1/user.pb.go:1275.2,1275.12 1 0
github.com/ZergsLaw/back-template/api/user/v1/user.pb.go:1287.30,1289.29 2 0
github.com/ZergsLaw/back-template/api/user/v1/user.pb.go:1289.29,1293.3 3 0
github.com/ZergsLaw/back-template/api/user/v1/user.pb.go:1296.38,1298.2 1 0
github.com/ZergsLaw/back-template/api/user/v1/user.pb.go:1300.36,1300.37 0 0
github.com/ZergsLaw/back-template/api/user/v1/user.pb.go:1302.58,1304.41 2 0
github.com/ZergsLaw/back-template/api/user/v1/user.pb.go:1304.41,1306.34 2 0
github.com/ZergsLaw/back-template/api/user/v1/user.pb.go:1306.34,1308.4 1 0
github.com/ZergsLaw/back-template/api/user/v1/user.pb.go:1309.3,1309.12 1 0
github.com/ZergsLaw/back-template/api/user/v1/user.pb.go:1311.2,1311.24 1 0
github.com/ZergsLaw/back-template/api/user/v1/user.pb.go:1315.49,1317.2 1 0
github.com/ZergsLaw/back-template/api/user/v1/user.pb.go:1319.41,1320.14 1 0
github.com/ZergsLaw/back-template/api/user/v1/user.pb.go:1320.14,1322.3 1 0
github.com/ZergsLaw/back-template/api/user/v1/user.pb.go:1323.2,1323.11 1 0
github.com/ZergsLaw/back-template/api/user/v1/user.pb.go:1326.41,1327.14 1 0
github.com/ZergsLaw/back-template/api/user/v1/user.pb.go:1327.14,1329.3 1 0
github.com/ZergsLaw/back-template/api/user/v1/user.pb.go:1330.2,1330.11 1 0
github.com/ZergsLaw/back-template/api/user/v1/user.pb.go:1585.55,1586.52 1 0
github.com/ZergsLaw/back-template/api/user/v1/user.pb.go:1586.52,1588.3 1 0
github.com/ZergsLaw/back-template/api/user/v1/user.pb.go:1589.2,1589.48 1 0
github.com/ZergsLaw/back-template/api/user/v1/user.pb.go:1662.13,1662.51 1 0
github.com/ZergsLaw/back-template/api/user/v1/user.pb.go:1663.41,1664.40 1 0
github.com/ZergsLaw/back-template/api/user/v1/user.pb.go:1664.40,1666.3 1 0
github.com/ZergsLaw/back-template/api/user/v1/user.pb.go:1667.2,1667.30 1 0
github.com/ZergsLaw/back-template/api/user/v1/user.pb.go:1667.30,1668.93 1 0
github.com/ZergsLaw/back-template/api/user/v1/user.pb.go:1668.93,1669.45 1 0
github.com/ZergsLaw/back-template/api/user/v1/user.pb.go:1670.11,1671.20 1 0
github.com/ZergsLaw/back-template/api/user/v1/user.pb.go:1672.11,1673.24 1 0
github.com/ZergsLaw/back-template/api/user/v1/user.pb.go:1674.11,1675.28 1 0
github.com/ZergsLaw/back-template/api/user/v1/user.pb.go:1676.12,1677.15 1 0
github.com/ZergsLaw/back-template/api/user/v1/user.pb.go:1680.3,1680.93 1 0
github.com/ZergsLaw/back-template/api/user/v1/user.pb.go:1680.93,1681.46 1 0
github.com/ZergsLaw/back-template/api/user/v1/user.pb.go:1682.11,1683.20 1 0
github.com/ZergsLaw/back-template/api/user/v1/user.pb.go:1684.11,1685.24 1 0
github.com/ZergsLaw/back-template/api/user/v1/user.pb.go:1686.11,1687.28 1 0
github.com/ZergsLaw/back-template/api/user/v1/user.pb.go:1688.12,1689.15 1 0
github.com/ZergsLaw/back-template/api/user/v1/user.pb.go:1692.3,1692.93 1 0
github.com/ZergsLaw/back-template/api/user/v1/user.pb.go:1692.93,1693.49 1 0
github.com/ZergsLaw/back-template/api/user/v1/user.pb.go:1694.11,1695.20 1 0
github.com/ZergsLaw/back-template/api/user/v1/user.pb.go:1696.11,1697.24 1 0
github.com/ZergsLaw/back-template/api/user/v1/user.pb.go:1698.11,1699.28 1 0
github.com/ZergsLaw/back-template/api/user/v1/user.pb.go:1700.12,1701.15 1 0
github.com/ZergsLaw/back-template/api/user/v1/user.pb.go:1704.3,1704.93 1 0
github.com/ZergsLaw/back-template/api/user/v1/user.pb.go:1704.93,1705.50 1 0
github.com/ZergsLaw/back-template/api/user/v1/user.pb.go:1706.11,1707.20 1 0
github.com/ZergsLaw/back-template/api/user/v1/user.pb.go:1708.11,1709.24 1 0
github.com/ZergsLaw/back-template/api/user/v1/user.pb.go:1710.11,1711.28 1 0
github.com/ZergsLaw/back-template/api/user/v1/user.pb.go:1712.12,1713.15 1 0
github.com/ZergsLaw/back-template/api/user/v1/user.pb.go:1716.3,1716.93 1 0
github.com/ZergsLaw/back-template/api/user/v1/user.pb.go:1716.93,1717.52 1 0
github.com/ZergsLaw/back-template/api/user/v1/user.pb.go:1718.11,1719.20 1 0
github.com/ZergsLaw/back-template/api/user/v1/user.pb.go:1720.11,1721.24 1 0
github.com/ZergsLaw/back-template/api/user/v1/user.pb.go:1722.11,1723.28 1 0
github.com/ZergsLaw/back-template/api/user/v1/user.pb.go:1724.12,1725.15 1 0
github.com/ZergsLaw/back-template/api/user/v1/user.pb.go:1728.3,1728.93 1 0
github.com/ZergsLaw/back-template/api/user/v1/user.pb.go:1728.93,1729.53 1 0
github.com/ZergsLaw/back-template/api/user/v1/user.pb.go:1730.11,1731.20 1 0
github.com/ZergsLaw/back-template/api/user/v1/user.pb.go:1732.11,1733.24 1 0
github.com/ZergsLaw/back-template/api/user/v1/user.pb.go:1734.11,1735.28 1 0
github.com/ZergsLaw/back-template/api/user/v1/user.pb.go:1736.12,1737.15 1 0
github.com/ZergsLaw/back-template/api/user/v1/user.pb.go:1740.3,1740.93 1 0
github.com/ZergsLaw/back-template/api/user/v1/user.pb.go:1740.93,1741.42 1 0
github.com/ZergsLaw/back-template/api/user/v1/user.pb.go:1742.11,1743.20 1 0
github.com/ZergsLaw/back-template/api/user/v1/user.pb.go:1744.11,1745.24 1 0
github.com/ZergsLaw/back-template/api/user/v1/user.pb.go:1746.11,1747.28 1 0
github.com/ZergsLaw/back-template/api/user/v1/user.pb.go:1748.12,1749.15 1 0
github.com/ZergsLaw/back-template/api/user/v1/user.pb.go:1752.3,1752.93 1 0
github.com/ZergsLaw/back-template/api/user/v1/user.pb.go:1752.93,1753.43 1 0
github.com/ZergsLaw/back-template/api/user/v1/user.pb.go:1754.11,1755.20 1 0
github.com/ZergsLaw/back-template/api/user/v1/user.pb.go:1756.11,1757.24 1 0
github.com/ZergsLaw/back-template/api/user/v1/user.pb.go:1758.11,1759.28 1 0
github.com/ZergsLaw/back-template/api/user/v1/user.pb.go:1760.12,1761.15 1 0
github.com/ZergsLaw/back-template/api/user/v1/user.pb.go:1764.3,1764.93 1 0
github.com/ZergsLaw/back-template/api/user/v1/user.pb.go:1764.93,1765.37 1 0
github.com/ZergsLaw/back-template/api/user/v1/user.pb.go:1766.11,1767.20 1 0
github.com/ZergsLaw/back-template/api/user/v1/user.pb.go:1768.11,1769.24 1 0
github.com/ZergsLaw/back-template/api/user/v1/user.pb.go:1770.11,1771.28 1 0
github.com/ZergsLaw/back-template/api/user/v1/user.pb.go:1772.12,1773.15 1 0
github.com/ZergsLaw/back-template/api/user/v1/user.pb.go:1776.3,1776.93 1 0
github.com/ZergsLaw/back-template/api/user/v1/user.pb.go:1776.93,1777.38 1 0
github.com/ZergsLaw/back-template/api/user/v1/user.pb.go:1778.11,1779.20 1 0
github.com/ZergsLaw/back-template/api/user/v1/user.pb.go:1780.11,1781.24 1 0
github.com/ZergsLaw/back-template/api/user/v1/user.pb.go:1782.11,1783.28 1 0
github.com/ZergsLaw/back-template/api/user/v1/user.pb.go:1784.12,1785.15 1 0
github.com/ZergsLaw/back-template/api/user/v1/user.pb.go:1788.3,1788.94 1 0
github.com/ZergsLaw/back-template/api/user/v1/user.pb.go:1788.94,1789.39 1 0
github.com/ZergsLaw/back-template/api/user/v1/user.pb.go:1790.11,1791.20 1 0
github.com/ZergsLaw/back-template/api/user/v1/user.pb.go:1792.11,1793.24 1 0
github.com/ZergsLaw/back-template/api/user/v1/user.pb.go:1794.11,1795.28 1 0
github.com/ZergsLaw/back-template/api/user/v1/user.pb.go:1796.12,1797.15 1 0
github.com/ZergsLaw/back-template/api/user/v1/user.pb.go:1800.3,1800.94 1 0
github.com/ZergsLaw/back-template/api/user/v1/user.pb.go:1800.94,1801.40 1 0
github.com/ZergsLaw/back-template/api/user/v1/user.pb.go:1802.11,1803.20 1 0
github.com/ZergsLaw/back-template/api/user/v1/user.pb.go:1804.11,1805.24 1 0
github.com/ZergsLaw/back-template/api/user/v1/user.pb.go:1806.11,1807.28 1 0
github.com/ZergsLaw/back-template/api/user/v1/user.pb.go:1808.12,1809.15 1 0
github.com/ZergsLaw/back-template/api/user/v1/user.pb.go:1812.3,1812.94 1 0
github.com/ZergsLaw/back-template/api/user/v1/user.pb.go:1812.94,1813.43 1 0
github.com/ZergsLaw/back-template/api/user/v1/user.pb.go:1814.11,1815.20 1 0
github.com/ZergsLaw/back-template/api/user/v1/user.pb.go:1816.11,1817.24 1 0
github.com/ZergsLaw/back-template/api/user/v1/user.pb.go:1818.11,1819.28 1 0
github.com/ZergsLaw/back-template/api/user/v1/user.pb.go:1820.12,1821.15 1 0
github.com/ZergsLaw/back-template/api/user/v1/user.pb.go:1824.3,1824.94 1 0
github.com/ZergsLaw/back-template/api/user/v1/user.pb.go:1824.94,1825.44 1 0
github.com/ZergsLaw/back-template/api/user/v1/user.pb.go:1826.11,1827.20 1 0
github.com/ZergsLaw/back-template/api/user/v1/user.pb.go:1828.11,1829.24 1 0
github.com/ZergsLaw/back-template/api/user/v1/user.pb.go:1830.11,1831.28 1 0
github.com/ZergsLaw/back-template/api/user/v1/user.pb.go:1832.12,1833.15 1 0
github.com/ZergsLaw/back-template/api/user/v1/user.pb.go:1836.3,1836.94 1 0
github.com/ZergsLaw/back-template/api/user/v1/user.pb.go:1836.94,1837.38 1 0
github.com/ZergsLaw/back-template/api/user/v1/user.pb.go:1838.11,1839.20 1 0
github.com/ZergsLaw/back-template/api/user/v1/user.pb.go:1840.11,1841.24 1 0
github.com/ZergsLaw/back-template/api/user/v1/user.pb.go:1842.11,1843.28 1 0
github.com/ZergsLaw/back-template/api/user/v1/user.pb.go:1844.12,1845.15 1 0
github.com/ZergsLaw/back-template/api/user/v1/user.pb.go:1848.3,1848.94 1 0
github.com/ZergsLaw/back-template/api/user/v1/user.pb.go:1848.94,1849.39 1 0
github.com/ZergsLaw/back-template/api/user/v1/user.pb.go:1850.11,1851.20 1 0
github.com/ZergsLaw/back-template/api/user/v1/user.pb.go:1852.11,1853.24 1 0
github.com/ZergsLaw/back-template/api/user/v1/user.pb.go:1854.11,1855.28 1 0
github.com/ZergsLaw/back-template/api/user/v1/user.pb.go:1856.12,1857.15 1 0
github.com/ZergsLaw/back-template/api/user/v1/user.pb.go:1860.3,1860.94 1 0
github.com/ZergsLaw/back-template/api/user/v1/user.pb.go:1860.94,1861.46 1 0
github.com/ZergsLaw/back-template/api/user/v1/user.pb.go:1862.11,1863.20 1 0
github.com/ZergsLaw/back-template/api/user/v1/user.pb.go:1864.11,1865.24 1 0
github.com/ZergsLaw/back-template/api/user/v1/user.pb.go:1866.11,1867.28 1 0
github.com/ZergsLaw/back-template/api/user/v1/user.pb.go:1868.12,1869.15 1 0
github.com/ZergsLaw/back-template/api/user/v1/user.pb.go:1872.3,1872.94 1 0
github.com/ZergsLaw/back-template/api/user/v1/user.pb.go:1872.94,1873.47 1 0
github.com/ZergsLaw/back-template/api/user/v1/user.pb.go:1874.11,1875.20 1 0
github.com/ZergsLaw/back-template/api/user/v1/user.pb.go:1876.11,1877.24 1 0
github.com/ZergsLaw/back-template/api/user/v1/user.pb.go:1878.11,1879.28 1 0
github.com/ZergsLaw/back-template/api/user/v1/user.pb.go:1880.12,1881.15 1 0
github.com/ZergsLaw/back-template/api/user/v1/user.pb.go:1884.3,1884.94 1 0
github.com/ZergsLaw/back-template/api/user/v1/user.pb.go:1884.94,1885.42 1 0
github.com/ZergsLaw/back-template/api/user/v1/user.pb.go:1886.11,1887.20 1 0
github.com/ZergsLaw/back-template/api/user/v1/user.pb.go:1888.11,1889.24 1 0
github.com/ZergsLaw/back-template/api/user/v1/user.pb.go:1890.11,1891.28 1 0
github.com/ZergsLaw/back-template/api/user/v1/user.pb.go:1892.12,1893.15 1 0
github.com/ZergsLaw/back-template/api/user/v1/user.pb.go:1896.3,1896.94 1 0
github.com/ZergsLaw/back-template/api/user/v1/user.pb.go:1896.94,1897.43 1 0
github.com/ZergsLaw/back-template/api/user/v1/user.pb.go:1898.11,1899.20 1 0
github.com/ZergsLaw/back-template/api/user/v1/user.pb.go:1900.11,1901.24 1 0
github.com/ZergsLaw/back-template/api/user/v1/user.pb.go:1902.11,1903.28 1 0
github.com/ZergsLaw/back-template/api/user/v1/user.pb.go:1904.12,1905.15 1 0
github.com/ZergsLaw/back-template/api/user/v1/user.pb.go:1908.3,1908.94 1 0
github.com/ZergsLaw/back-template/api/user/v1/user.pb.go:1908.94,1909.29 1 0
github.com/ZergsLaw/back-template/api/user/v1/user.pb.go:1910.11,1911.20 1 0
github.com/ZergsLaw/back-template/api/user/v1/user.pb.go:1912.11,1913.24 1 0
github.com/ZergsLaw/back-template/api/user/v1/user.pb.go:1914.11,1915.28 1 0
github.com/ZergsLaw/back-template/api/user/v1/user.pb.go:1916.12,1917.15 1 0
github.com/ZergsLaw/back-template/api/user/v1/user.pb.go:1920.3,1920.94 1 0
github.com/ZergsLaw/back-template/api/user/v1/user.pb.go:1920.94,1921.44 1 0
github.com/ZergsLaw/back-template/api/user/v1/user.pb.go:1922.11,1923.20 1 0
github.com/ZergsLaw/back-template/api/user/v1/user.pb.go:1924.11,1925.24 1 0
github.com/ZergsLaw/back-template/api/user/v1/user.pb.go:1926.11,1927.28 1 0
github.com/ZergsLaw/back-template/api/user/v1/user.pb.go:1928.12,1929.15 1 0
github.com/ZergsLaw/back-template/api/user/v1/user.pb.go:1932.3,1932.94 1 0
github.com/ZergsLaw/back-template/api/user/v1/user.pb.go:1932.94,1933.45 1 0
github.com/ZergsLaw/back-template/api/user/v1/user.pb.go:1934.11,1935.20 1 0
github.com/ZergsLaw/back-template/api/user/v1/user.pb.go:1936.11,1937.24 1 0
github.com/ZergsLaw/back-template/api/user/v1/user.pb.go:1938.11,1939.28 1 0
github.com/ZergsLaw/back-template/api/user/v1/user.pb.go:1940.12,1941.15 1 0
github.com/ZergsLaw/back-template/api/user/v1/user.pb.go:1944.3,1944.94 1 0
github.com/ZergsLaw/back-template/api/user/v1/user.pb.go:1944.94,1945.46 1 0
github.com/ZergsLaw/back-template/api/user/v1/user.pb.go:1946.11,1947.20 1 0
github.com/ZergsLaw/back-template/api/user/v1/user.pb.go:1948.11,1949.24 1 0
github.com/ZergsLaw/back-template/api/user/v1/user.pb.go:1950.11,1951.28 1 0
github.com/ZergsLaw/back-template/api/user/v1/user.pb.go:1952.12,1953.15 1 0
github.com/ZergsLaw/back-template/api/user/v1/user.pb.go:1956.3,1956.94 1 0
github.com/ZergsLaw/back-template/api/user/v1/user.pb.go:1956.94,1957.47 1 0
github.com/ZergsLaw/back-template/api/user/v1/user.pb.go:1958.11,1959.20 1 0
github.com/ZergsLaw/back-template/api/user/v1/user.pb.go:1960.11,1961.24 1 0
github.com/ZergsLaw/back-template/api/user/v1/user.pb.go:1962.11,1963.28 1 0
github.com/ZergsLaw/back-template/api/user/v1/user.pb.go:1964.12,1965.15 1 0
github.com/ZergsLaw/back-template/api/user/v1/user.pb.go:1968.3,1968.94 1 0
github.com/ZergsLaw/back-template/api/user/v1/user.pb.go:1968.94,1969.35 1 0
github.com/ZergsLaw/back-template/api/user/v1/user.pb.go:1970.11,1971.20 1 0
github.com/ZergsLaw/back-template/api/user/v1/user.pb.go:1972.11,1973.24 1 0
github.com/ZergsLaw/back-template/api/user/v1/user.pb.go:1974.11,1975.28 1 0
github.com/ZergsLaw/back-template/api/user/v1/user.pb.go:1976.12,1977.15 1 0
github.com/ZergsLaw/back-template/api/user/v1/user.pb.go:1981.2,1998.43 6 0
github.com/ZergsLaw/back-template/api/user/v1/user.pb.gw.go:38.226,42.40 3 0
github.com/ZergsLaw/back-template/api/user/v1/user.pb.gw.go:42.40,44.3 1 0
github.com/ZergsLaw/back-template/api/user/v1/user.pb.gw.go:45.2,45.121 1 0
github.com/ZergsLaw/back-template/api/user/v1/user.pb.gw.go:45.121,47.3 1 0
github.com/ZergsLaw/back-template/api/user/v1/user.pb.gw.go:49.2,50.27 2 0
github.com/ZergsLaw/back-template/api/user/v1/user.pb.gw.go:54.232,58.40 3 0
github.com/ZergsLaw/back-template/api/user/v1/user.pb.gw.go:58.40,60.3 1 0
github.com/ZergsLaw/back-template/api/user/v1/user.pb.gw.go:61.2,61.121 1 0
github.com/ZergsLaw/back-template/api/user/v1/user.pb.gw.go:61.121,63.3 1 0
github.com/ZergsLaw/back-template/api/user/v1/user.pb.gw.go:65.2,66.27 2 0
github.com/ZergsLaw/back-template/api/user/v1/user.pb.gw.go:74.229,78.40 3 0
github.com/ZergsLaw/back-template/api/user/v1/user.pb.gw.go:78.40,80.3 1 0
github.com/ZergsLaw/back-template/api/user/v1/user.pb.gw.go:81.2,81.124 1 0
github.com/ZergsLaw/back-template/api/user/v1/user.pb.gw.go:81.124,83.3 1 0
github.com/ZergsLaw/back-template/api/user/v1/user.pb.gw.go:85.2,86.27 2 0
github.com/ZergsLaw/back-template/api/user/v1/user.pb.gw.go:90.235,94.40 3 0
[...]
github.com/ZergsLaw/back-template/internal/testhelper/cockroach_db.go:122.84,128.16 5 0
github.com/ZergsLaw/back-template/internal/testhelper/cockroach_db.go:128.16,130.3 1 0
github.com/ZergsLaw/back-template/internal/testhelper/cockroach_db.go:131.2,132.16 2 0
github.com/ZergsLaw/back-template/internal/testhelper/cockroach_db.go:132.16,134.3 1 0
github.com/ZergsLaw/back-template/internal/testhelper/cockroach_db.go:135.2,136.16 2 0
github.com/ZergsLaw/back-template/internal/testhelper/cockroach_db.go:136.16,138.3 1 0
github.com/ZergsLaw/back-template/internal/testhelper/cockroach_db.go:140.2,140.12 1 0
github.com/ZergsLaw/back-template/internal/testhelper/docker.go:22.9,28.73 4 0
github.com/ZergsLaw/back-template/internal/testhelper/docker.go:28.73,30.3 1 0
github.com/ZergsLaw/back-template/internal/testhelper/docker.go:31.2,35.8 4 0
github.com/ZergsLaw/back-template/internal/testhelper/docker.go:35.8,37.3 1 0
github.com/ZergsLaw/back-template/internal/testhelper/docker.go:39.2,45.19 6 0
github.com/ZergsLaw/back-template/internal/testhelper/docker.go:45.19,47.3 1 0
github.com/ZergsLaw/back-template/internal/testhelper/docker.go:49.2,49.33 1 0
github.com/ZergsLaw/back-template/internal/testhelper/docker.go:49.33,51.3 1 0
github.com/ZergsLaw/back-template/internal/testhelper/minio.go:36.10,49.104 4 0
github.com/ZergsLaw/back-template/internal/testhelper/minio.go:49.104,50.16 1 0
github.com/ZergsLaw/back-template/internal/testhelper/minio.go:50.16,51.18 1 0
github.com/ZergsLaw/back-template/internal/testhelper/minio.go:51.18,53.5 1 0
github.com/ZergsLaw/back-template/internal/testhelper/minio.go:56.3,57.17 2 0
github.com/ZergsLaw/back-template/internal/testhelper/minio.go:57.17,59.4 1 0
github.com/ZergsLaw/back-template/internal/testhelper/minio.go:61.3,71.17 4 0
github.com/ZergsLaw/back-template/internal/testhelper/minio.go:71.17,73.4 1 0
github.com/ZergsLaw/back-template/internal/testhelper/minio.go:75.3,76.17 2 0
github.com/ZergsLaw/back-template/internal/testhelper/minio.go:76.17,78.4 1 0
github.com/ZergsLaw/back-template/internal/testhelper/minio.go:80.3,80.13 1 0
github.com/ZergsLaw/back-template/internal/testhelper/minio.go:82.2,84.17 2 0
github.com/ZergsLaw/back-template/internal/testhelper/modification.go:4.36,8.2 2 0
github.com/ZergsLaw/back-template/internal/testhelper/namespace.go:8.37,17.2 6 27
github.com/ZergsLaw/back-template/internal/testhelper/nats.go:35.10,56.103 5 0
github.com/ZergsLaw/back-template/internal/testhelper/nats.go:56.103,57.16 1 0
github.com/ZergsLaw/back-template/internal/testhelper/nats.go:57.16,58.18 1 0
github.com/ZergsLaw/back-template/internal/testhelper/nats.go:58.18,60.5 1 0
github.com/ZergsLaw/back-template/internal/testhelper/nats.go:63.3,65.17 3 0
github.com/ZergsLaw/back-template/internal/testhelper/nats.go:65.17,67.4 1 0
github.com/ZergsLaw/back-template/internal/testhelper/nats.go:68.3,68.20 1 0
github.com/ZergsLaw/back-template/internal/testhelper/nats.go:68.20,70.4 1 0
github.com/ZergsLaw/back-template/internal/testhelper/nats.go:72.3,74.13 2 0
github.com/ZergsLaw/back-template/internal/testhelper/nats.go:76.2,78.13 2 0
github.com/ZergsLaw/back-template/internal/testhelper/port.go:20.68,24.2 2 27
github.com/ZergsLaw/back-template/internal/testhelper/port.go:33.82,39.16 5 27
github.com/ZergsLaw/back-template/internal/testhelper/port.go:39.16,41.3 1 27
github.com/ZergsLaw/back-template/internal/testhelper/port.go:42.2,42.16 1 27
github.com/ZergsLaw/back-template/internal/testhelper/port.go:42.16,44.3 1 27
github.com/ZergsLaw/back-template/internal/testhelper/port.go:45.2,45.16 1 27
github.com/ZergsLaw/back-template/internal/testhelper/port.go:45.16,47.3 1 27
github.com/ZergsLaw/back-template/internal/testhelper/port.go:48.2,54.14 6 27
github.com/ZergsLaw/back-template/internal/testhelper/port.go:54.14,56.26 2 0
github.com/ZergsLaw/back-template/internal/testhelper/port.go:56.26,57.73 1 0
github.com/ZergsLaw/back-template/internal/testhelper/port.go:60.3,60.40 1 0
github.com/ZergsLaw/back-template/internal/testhelper/port.go:63.2,63.21 1 27
github.com/ZergsLaw/back-template/internal/testhelper/port.go:67.58,70.44 3 0
github.com/ZergsLaw/back-template/internal/testhelper/port.go:70.44,72.17 2 0
github.com/ZergsLaw/back-template/internal/testhelper/port.go:72.17,74.4 1 0
github.com/ZergsLaw/back-template/internal/testhelper/port.go:77.2,77.18 1 0
github.com/ZergsLaw/back-template/internal/testhelper/timeout.go:13.44,20.2 4 27
github.com/ZergsLaw/back-template/api/user_status/v1/user_status.pb.go:66.40,70.2 3 0
github.com/ZergsLaw/back-template/api/user_status/v1/user_status.pb.go:72.37,74.2 1 0
github.com/ZergsLaw/back-template/api/user_status/v1/user_status.pb.go:76.60,78.2 1 0
github.com/ZergsLaw/back-template/api/user_status/v1/user_status.pb.go:80.48,82.2 1 0
github.com/ZergsLaw/back-template/api/user_status/v1/user_status.pb.go:84.54,86.2 1 0
github.com/ZergsLaw/back-template/api/user_status/v1/user_status.pb.go:89.52,91.2 1 0
github.com/ZergsLaw/back-template/api/user_status/v1/user_status.pb.go:123.69,124.66 1 0
github.com/ZergsLaw/back-template/api/user_status/v1/user_status.pb.go:124.66,126.3 1 0
github.com/ZergsLaw/back-template/api/user_status/v1/user_status.pb.go:127.2,127.62 1 0
github.com/ZergsLaw/back-template/api/user_status/v1/user_status.pb.go:142.13,142.65 1 1
github.com/ZergsLaw/back-template/api/user_status/v1/user_status.pb.go:143.55,144.54 1 1
github.com/ZergsLaw/back-template/api/user_status/v1/user_status.pb.go:144.54,146.3 1 0
github.com/ZergsLaw/back-template/api/user_status/v1/user_status.pb.go:147.2,164.57 6 1
github.com/ZergsLaw/back-template/cmd/user/internal/adapters/files/file_repo.go:42.104,47.16 4 1
github.com/ZergsLaw/back-template/cmd/user/internal/adapters/files/file_repo.go:47.16,49.3 1 0
github.com/ZergsLaw/back-template/cmd/user/internal/adapters/files/file_repo.go:51.2,59.16 3 1
github.com/ZergsLaw/back-template/cmd/user/internal/adapters/files/file_repo.go:59.16,61.3 1 0
github.com/ZergsLaw/back-template/cmd/user/internal/adapters/files/file_repo.go:63.2,65.17 3 1
github.com/ZergsLaw/back-template/cmd/user/internal/adapters/files/file_repo.go:65.17,68.83 3 0
github.com/ZergsLaw/back-template/cmd/user/internal/adapters/files/file_repo.go:68.83,70.4 1 0
github.com/ZergsLaw/back-template/cmd/user/internal/adapters/files/file_repo.go:72.3,72.16 1 0
github.com/ZergsLaw/back-template/cmd/user/internal/adapters/files/file_repo.go:75.2,78.27 2 1
github.com/ZergsLaw/back-template/cmd/user/internal/adapters/files/file_repo.go:78.27,83.83 3 0
github.com/ZergsLaw/back-template/cmd/user/internal/adapters/files/file_repo.go:83.83,85.4 1 0
github.com/ZergsLaw/back-template/cmd/user/internal/adapters/files/file_repo.go:87.3,87.16 1 0
github.com/ZergsLaw/back-template/cmd/user/internal/adapters/files/file_repo.go:90.2,93.8 1 1
github.com/ZergsLaw/back-template/cmd/user/internal/adapters/files/methods.go:14.83,25.16 4 1
github.com/ZergsLaw/back-template/cmd/user/internal/adapters/files/methods.go:25.16,27.3 1 0
github.com/ZergsLaw/back-template/cmd/user/internal/adapters/files/methods.go:29.2,29.16 1 1
github.com/ZergsLaw/back-template/cmd/user/internal/adapters/files/methods.go:33.87,35.16 2 1
github.com/ZergsLaw/back-template/cmd/user/internal/adapters/files/methods.go:35.16,37.3 1 0
github.com/ZergsLaw/back-template/cmd/user/internal/adapters/files/methods.go:39.2,40.16 2 1
github.com/ZergsLaw/back-template/cmd/user/internal/adapters/files/methods.go:40.16,42.3 1 0
github.com/ZergsLaw/back-template/cmd/user/internal/adapters/files/methods.go:44.2,44.25 1 1
github.com/ZergsLaw/back-template/cmd/user/internal/adapters/files/methods.go:44.25,46.3 1 0
github.com/ZergsLaw/back-template/cmd/user/internal/adapters/files/methods.go:48.2,57.15 2 1
github.com/ZergsLaw/back-template/cmd/user/internal/adapters/files/methods.go:61.70,63.16 2 0
github.com/ZergsLaw/back-template/cmd/user/internal/adapters/files/methods.go:63.16,65.3 1 0
github.com/ZergsLaw/back-template/cmd/user/internal/adapters/files/methods.go:67.2,67.12 1 0
github.com/ZergsLaw/back-template/cmd/user/internal/adapters/files/methods.go:71.30,73.2 1 1
github.com/ZergsLaw/back-template/cmd/user/internal/adapters/files/metrics.go:17.106,29.31 3 1
github.com/ZergsLaw/back-template/cmd/user/internal/adapters/files/metrics.go:29.31,34.3 2 0
github.com/ZergsLaw/back-template/cmd/user/internal/adapters/files/metrics.go:36.2,36.15 1 1
github.com/ZergsLaw/back-template/internal/logger/context.go:11.75,13.2 1 1
github.com/ZergsLaw/back-template/internal/logger/context.go:16.52,18.9 2 0
github.com/ZergsLaw/back-template/internal/logger/context.go:18.9,20.3 1 0
github.com/ZergsLaw/back-template/internal/logger/context.go:22.2,22.10 1 0
github.com/ZergsLaw/back-template/internal/logger/stringer.LogKey.go:29.33,31.39 2 0
github.com/ZergsLaw/back-template/internal/logger/stringer.LogKey.go:31.39,33.3 1 0
github.com/ZergsLaw/back-template/internal/logger/stringer.LogKey.go:34.2,34.58 1 0
github.com/ZergsLaw/back-template/internal/queue/contracts.go:61.55,63.9 2 0
github.com/ZergsLaw/back-template/internal/queue/contracts.go:63.9,65.3 1 0
github.com/ZergsLaw/back-template/internal/queue/contracts.go:67.2,67.38 1 0
github.com/ZergsLaw/back-template/internal/queue/contracts.go:71.59,73.9 2 0
github.com/ZergsLaw/back-template/internal/queue/contracts.go:73.9,75.3 1 0
github.com/ZergsLaw/back-template/internal/queue/contracts.go:77.2,77.47 1 0
github.com/ZergsLaw/back-template/internal/queue/nats.go:39.95,53.37 4 0
github.com/ZergsLaw/back-template/internal/queue/nats.go:53.37,55.10 2 0
github.com/ZergsLaw/back-template/internal/queue/nats.go:56.19,57.91 1 0
github.com/ZergsLaw/back-template/internal/queue/nats.go:58.25,59.18 1 0
github.com/ZergsLaw/back-template/internal/queue/nats.go:59.18,61.5 1 0
github.com/ZergsLaw/back-template/internal/queue/nats.go:63.4,63.19 1 0
github.com/ZergsLaw/back-template/internal/queue/nats.go:67.2,69.15 2 0
github.com/ZergsLaw/back-template/internal/queue/nats.go:72.102,83.41 2 0
github.com/ZergsLaw/back-template/internal/queue/nats.go:83.41,85.4 1 0
github.com/ZergsLaw/back-template/internal/queue/nats.go:86.59,87.18 1 0
github.com/ZergsLaw/back-template/internal/queue/nats.go:87.18,89.5 1 0
github.com/ZergsLaw/back-template/internal/queue/nats.go:89.10,91.5 1 0
github.com/ZergsLaw/back-template/internal/queue/nats.go:93.45,95.4 1 0
github.com/ZergsLaw/back-template/internal/queue/nats.go:96.75,97.18 1 0
github.com/ZergsLaw/back-template/internal/queue/nats.go:97.18,99.5 1 0
github.com/ZergsLaw/back-template/internal/queue/nats.go:99.10,101.5 1 0
github.com/ZergsLaw/back-template/internal/queue/nats.go:104.2,104.16 1 0
github.com/ZergsLaw/back-template/internal/queue/nats.go:104.16,106.3 1 0
github.com/ZergsLaw/back-template/internal/queue/nats.go:108.2,110.80 1 0
github.com/ZergsLaw/back-template/internal/queue/nats.go:110.80,115.4 1 0
github.com/ZergsLaw/back-template/internal/queue/nats.go:117.2,117.16 1 0
github.com/ZergsLaw/back-template/internal/queue/nats.go:117.16,119.3 1 0
github.com/ZergsLaw/back-template/internal/queue/nats.go:121.2,121.12 1 0
github.com/ZergsLaw/back-template/internal/queue/nats.go:125.52,126.9 1 0
github.com/ZergsLaw/back-template/internal/queue/nats.go:127.20,128.13 1 0
github.com/ZergsLaw/back-template/internal/queue/nats.go:129.18,130.34 1 0
github.com/ZergsLaw/back-template/internal/queue/nats.go:135.42,137.2 1 0
github.com/ZergsLaw/back-template/internal/queue/nats.go:140.31,142.2 1 0
github.com/ZergsLaw/back-template/internal/queue/nats.go:145.76,147.2 1 0
github.com/ZergsLaw/back-template/internal/queue/nats_message.go:19.38,21.2 1 0
github.com/ZergsLaw/back-template/internal/queue/nats_message.go:24.40,26.2 1 0
github.com/ZergsLaw/back-template/internal/queue/nats_message.go:29.54,31.2 1 0
github.com/ZergsLaw/back-template/internal/queue/nats_message.go:34.55,36.2 1 0
github.com/ZergsLaw/back-template/internal/queue/nats_message.go:39.46,41.16 2 0
github.com/ZergsLaw/back-template/internal/queue/nats_message.go:41.16,43.3 1 0
github.com/ZergsLaw/back-template/internal/queue/nats_message.go:45.2,46.9 2 0
github.com/ZergsLaw/back-template/internal/queue/nats_message.go:46.9,48.3 1 0
github.com/ZergsLaw/back-template/internal/queue/nats_message.go:50.2,51.16 2 0
github.com/ZergsLaw/back-template/internal/queue/nats_message.go:51.16,53.3 1 0
github.com/ZergsLaw/back-template/internal/queue/nats_message.go:55.2,55.12 1 0
github.com/ZergsLaw/back-template/internal/queue/nats_publish.go:13.94,14.40 1 0
github.com/ZergsLaw/back-template/internal/queue/nats_publish.go:14.40,16.17 2 0
github.com/ZergsLaw/back-template/internal/queue/nats_publish.go:16.17,18.4 1 0
github.com/ZergsLaw/back-template/internal/queue/nats_publish.go:21.2,22.16 2 0
github.com/ZergsLaw/back-template/internal/queue/nats_publish.go:22.16,24.3 1 0
github.com/ZergsLaw/back-template/internal/queue/nats_publish.go:26.2,32.16 2 0
github.com/ZergsLaw/back-template/internal/queue/nats_publish.go:32.16,34.3 1 0
github.com/ZergsLaw/back-template/internal/queue/nats_publish.go:36.2,36.12 1 0
github.com/ZergsLaw/back-template/internal/queue/nats_subscribe.go:19.9,23.16 3 0
github.com/ZergsLaw/back-template/internal/queue/nats_subscribe.go:23.16,25.3 1 0
github.com/ZergsLaw/back-template/internal/queue/nats_subscribe.go:26.2,26.15 1 0
github.com/ZergsLaw/back-template/internal/queue/nats_subscribe.go:26.15,28.17 2 0
github.com/ZergsLaw/back-template/internal/queue/nats_subscribe.go:28.17,30.4 1 0
github.com/ZergsLaw/back-template/internal/queue/nats_subscribe.go:33.2,33.6 1 0
github.com/ZergsLaw/back-template/internal/queue/nats_subscribe.go:33.6,35.10 2 0
github.com/ZergsLaw/back-template/internal/queue/nats_subscribe.go:36.25,37.14 1 0
github.com/ZergsLaw/back-template/internal/queue/nats_subscribe.go:38.49,39.12 1 0
github.com/ZergsLaw/back-template/internal/queue/nats_subscribe.go:40.19,41.43 1 0
github.com/ZergsLaw/back-template/internal/queue/nats_subscribe.go:44.3,44.23 1 0
github.com/ZergsLaw/back-template/internal/queue/nats_subscribe.go:44.23,45.24 1 0
github.com/ZergsLaw/back-template/internal/queue/nats_subscribe.go:45.24,47.5 1 0
github.com/ZergsLaw/back-template/internal/queue/nats_subscribe.go:49.4,50.18 2 0
github.com/ZergsLaw/back-template/internal/queue/nats_subscribe.go:50.18,52.5 1 0
github.com/ZergsLaw/back-template/internal/testhelper/cockroach_db.go:37.27,66.111 9 0
github.com/ZergsLaw/back-template/internal/testhelper/cockroach_db.go:66.111,67.16 1 0
github.com/ZergsLaw/back-template/internal/testhelper/cockroach_db.go:67.16,68.18 1 0
github.com/ZergsLaw/back-template/internal/testhelper/cockroach_db.go:68.18,70.5 1 0
github.com/ZergsLaw/back-template/internal/testhelper/cockroach_db.go:101.3,103.13 2 0
github.com/ZergsLaw/back-template/internal/testhelper/cockroach_db.go:105.2,119.3 3 0
github.com/ZergsLaw/back-template/internal/testhelper/cockroach_db.go:122.84,128.16 5 0
github.com/ZergsLaw/back-template/internal/testhelper/cockroach_db.go:128.16,130.3 1 0
github.com/ZergsLaw/back-template/internal/testhelper/cockroach_db.go:131.2,132.16 2 0
github.com/ZergsLaw/back-template/internal/testhelper/cockroach_db.go:132.16,134.3 1 0
github.com/ZergsLaw/back-template/internal/testhelper/cockroach_db.go:135.2,136.16 2 0
github.com/ZergsLaw/back-template/internal/testhelper/cockroach_db.go:136.16,138.3 1 0
github.com/ZergsLaw/back-template/internal/testhelper/cockroach_db.go:140.2,140.12 1 0
github.com/ZergsLaw/back-template/internal/testhelper/docker.go:22.9,28.73 4 1
github.com/ZergsLaw/back-template/internal/testhelper/docker.go:28.73,30.3 1 1
github.com/ZergsLaw/back-template/internal/testhelper/docker.go:31.2,35.8 4 1
github.com/ZergsLaw/back-template/internal/testhelper/docker.go:35.8,37.3 1 1
github.com/ZergsLaw/back-template/internal/testhelper/docker.go:39.2,45.19 6 1
github.com/ZergsLaw/back-template/internal/testhelper/docker.go:45.19,47.3 1 1
github.com/ZergsLaw/back-template/internal/testhelper/docker.go:49.2,49.33 1 1
github.com/ZergsLaw/back-template/internal/testhelper/docker.go:49.33,51.3 1 1
github.com/ZergsLaw/back-template/internal/testhelper/minio.go:36.10,49.104 4 1
github.com/ZergsLaw/back-template/internal/testhelper/minio.go:49.104,50.16 1 1
github.com/ZergsLaw/back-template/internal/testhelper/minio.go:50.16,51.18 1 1
github.com/ZergsLaw/back-template/internal/testhelper/minio.go:51.18,53.5 1 0
github.com/ZergsLaw/back-template/internal/testhelper/minio.go:56.3,57.17 2 1
github.com/ZergsLaw/back-template/internal/testhelper/minio.go:57.17,59.4 1 0
github.com/ZergsLaw/back-template/internal/testhelper/minio.go:61.3,71.17 4 1
github.com/ZergsLaw/back-template/internal/testhelper/minio.go:71.17,73.4 1 0
github.com/ZergsLaw/back-template/internal/testhelper/minio.go:75.3,76.17 2 1
github.com/ZergsLaw/back-template/internal/testhelper/minio.go:76.17,78.4 1 0
github.com/ZergsLaw/back-template/internal/testhelper/minio.go:80.3,80.13 1 1
github.com/ZergsLaw/back-template/internal/testhelper/minio.go:82.2,84.17 2 1
github.com/ZergsLaw/back-template/internal/testhelper/modification.go:4.36,8.2 2 0
github.com/ZergsLaw/back-template/internal/testhelper/namespace.go:8.37,17.2 6 1
github.com/ZergsLaw/back-template/internal/testhelper/nats.go:35.10,56.103 5 0
github.com/ZergsLaw/back-template/internal/testhelper/nats.go:56.103,57.16 1 0
github.com/ZergsLaw/back-template/internal/testhelper/nats.go:57.16,58.18 1 0
github.com/ZergsLaw/back-template/internal/testhelper/nats.go:58.18,60.5 1 0
github.com/ZergsLaw/back-template/internal/testhelper/nats.go:63.3,65.17 3 0
github.com/ZergsLaw/back-template/internal/testhelper/nats.go:65.17,67.4 1 0
github.com/ZergsLaw/back-template/internal/testhelper/nats.go:68.3,68.20 1 0
github.com/ZergsLaw/back-template/internal/testhelper/nats.go:68.20,70.4 1 0
github.com/ZergsLaw/back-template/internal/testhelper/nats.go:72.3,74.13 2 0
github.com/ZergsLaw/back-template/internal/testhelper/nats.go:76.2,78.13 2 0
github.com/ZergsLaw/back-template/internal/testhelper/port.go:20.68,24.2 2 0
github.com/ZergsLaw/back-template/internal/testhelper/port.go:33.82,39.16 5 0
github.com/ZergsLaw/back-template/internal/testhelper/port.go:39.16,41.3 1 0
github.com/ZergsLaw/back-template/internal/testhelper/port.go:42.2,42.16 1 0
github.com/ZergsLaw/back-template/internal/testhelper/port.go:42.16,44.3 1 0
github.com/ZergsLaw/back-template/internal/testhelper/port.go:45.2,45.16 1 0
github.com/ZergsLaw/back-template/internal/testhelper/port.go:45.16,47.3 1 0
github.com/ZergsLaw/back-template/internal/testhelper/port.go:48.2,54.14 6 0
github.com/ZergsLaw/back-template/internal/testhelper/port.go:54.14,56.26 2 0
github.com/ZergsLaw/back-template/internal/testhelper/port.go:56.26,57.73 1 0
github.com/ZergsLaw/back-template/internal/testhelper/port.go:60.3,60.40 1 0
github.com/ZergsLaw/back-template/internal/testhelper/port.go:63.2,63.21 1 0
github.com/ZergsLaw/back-template/internal/testhelper/port.go:67.58,70.44 3 0
github.com/ZergsLaw/back-template/internal/testhelper/port.go:70.44,72.17 2 0
github.com/ZergsLaw/back-template/internal/testhelper/port.go:72.17,74.4 1 0
github.com/ZergsLaw/back-template/internal/testhelper/port.go:77.2,77.18 1 0
github.com/ZergsLaw/back-template/internal/testhelper/timeout.go:13.44,20.2 4 1
github.com/ZergsLaw/back-template/internal/password/password.go:20.28,21.33 1 0
github.com/ZergsLaw/back-template/internal/password/password.go:21.33,23.3 1 0
github.com/ZergsLaw/back-template/internal/password/password.go:27.38,30.25 2 1
github.com/ZergsLaw/back-template/internal/password/password.go:30.25,32.3 1 0
github.com/ZergsLaw/back-template/internal/password/password.go:34.2,34.10 1 1
github.com/ZergsLaw/back-template/internal/password/password.go:38.55,40.16 2 1
github.com/ZergsLaw/back-template/internal/password/password.go:40.16,42.3 1 0
github.com/ZergsLaw/back-template/internal/password/password.go:44.2,44.17 1 1
github.com/ZergsLaw/back-template/internal/password/password.go:48.56,50.2 1 1
